[ 2017-11-20T11:40:13+08:00 ] ::1 /university/admin.php
INFO: [ app_init ] --START--
INFO: Run Behavior\BuildLiteBehavior [ RunTime:0.000025s ]
INFO: [ app_init ] --END-- [ RunTime:0.064439s ]
INFO: [ app_begin ] --START--
INFO: Run Behavior\ReadHtmlCacheBehavior [ RunTime:0.007822s ]
INFO: [ app_begin ] --END-- [ RunTime:0.007962s ]
INFO: [ view_parse ] --START--
INFO: [ template_filter ] --START--
INFO: Run Behavior\ContentReplaceBehavior [ RunTime:0.018859s ]
INFO: [ template_filter ] --END-- [ RunTime:0.018968s ]
INFO: Run Behavior\ParseTemplateBehavior [ RunTime:0.105393s ]
INFO: [ view_parse ] --END-- [ RunTime:0.105481s ]
INFO: [ view_filter ] --START--
INFO: Run Behavior\WriteHtmlCacheBehavior [ RunTime:0.012828s ]
INFO: [ view_filter ] --END-- [ RunTime:0.012911s ]
INFO: [ app_end ] --START--
INFO: Run Behavior\ShowPageTraceBehavior [ RunTime:0.013680s ]
INFO: [ app_end ] --END-- [ RunTime:0.013768s ]

[ 2017-11-20T11:40:27+08:00 ] ::1 /university/admin.php/News/index.html
INFO: [ app_init ] --START--
INFO: Run Behavior\BuildLiteBehavior [ RunTime:0.000013s ]
INFO: [ app_init ] --END-- [ RunTime:0.000513s ]
INFO: [ app_begin ] --START--
INFO: Run Behavior\ReadHtmlCacheBehavior [ RunTime:0.000828s ]
INFO: [ app_begin ] --END-- [ RunTime:0.000889s ]
SQL: SHOW COLUMNS FROM `news` [ RunTime:0.0121s ]
SQL: SELECT a.*,b.classname FROM news as a INNER JOIN News_class as b on a.type=b.id  ORDER BY a.id desc  [ RunTime:0.0145s ]
INFO: [ view_parse ] --START--
INFO: [ template_filter ] --START--
INFO: Run Behavior\ContentReplaceBehavior [ RunTime:0.000046s ]
INFO: [ template_filter ] --END-- [ RunTime:0.000102s ]
NOTIC: [8] Use of undefined constant id - assumed 'id' D:\xampps\htdocs\university\Application\Runtime\Cache\Admin\dac05d45366bd92162fcfca1e920aca3.php 第 71 行.
NOTIC: [8] Use of undefined constant id - assumed 'id' D:\xampps\htdocs\university\Application\Runtime\Cache\Admin\dac05d45366bd92162fcfca1e920aca3.php 第 71 行.
NOTIC: [8] Use of undefined constant id - assumed 'id' D:\xampps\htdocs\university\Application\Runtime\Cache\Admin\dac05d45366bd92162fcfca1e920aca3.php 第 71 行.
NOTIC: [8] Use of undefined constant id - assumed 'id' D:\xampps\htdocs\university\Application\Runtime\Cache\Admin\dac05d45366bd92162fcfca1e920aca3.php 第 71 行.
NOTIC: [8] Use of undefined constant id - assumed 'id' D:\xampps\htdocs\university\Application\Runtime\Cache\Admin\dac05d45366bd92162fcfca1e920aca3.php 第 71 行.
NOTIC: [8] Use of undefined constant id - assumed 'id' D:\xampps\htdocs\university\Application\Runtime\Cache\Admin\dac05d45366bd92162fcfca1e920aca3.php 第 71 行.
NOTIC: [8] Use of undefined constant id - assumed 'id' D:\xampps\htdocs\university\Application\Runtime\Cache\Admin\dac05d45366bd92162fcfca1e920aca3.php 第 71 行.
NOTIC: [8] Use of undefined constant id - assumed 'id' D:\xampps\htdocs\university\Application\Runtime\Cache\Admin\dac05d45366bd92162fcfca1e920aca3.php 第 71 行.
NOTIC: [8] Use of undefined constant id - assumed 'id' D:\xampps\htdocs\university\Application\Runtime\Cache\Admin\dac05d45366bd92162fcfca1e920aca3.php 第 71 行.
NOTIC: [8] Use of undefined constant id - assumed 'id' D:\xampps\htdocs\university\Application\Runtime\Cache\Admin\dac05d45366bd92162fcfca1e920aca3.php 第 71 行.
INFO: Run Behavior\ParseTemplateBehavior [ RunTime:0.008061s ]
INFO: [ view_parse ] --END-- [ RunTime:0.008113s ]
INFO: [ view_filter ] --START--
INFO: Run Behavior\WriteHtmlCacheBehavior [ RunTime:0.000462s ]
INFO: [ view_filter ] --END-- [ RunTime:0.000501s ]
INFO: [ app_end ] --START--
INFO: Run Behavior\ShowPageTraceBehavior [ RunTime:0.000662s ]
INFO: [ app_end ] --END-- [ RunTime:0.000702s ]

[ 2017-11-20T11:41:16+08:00 ] ::1 /university/admin.php/News/manage/id/20.html
INFO: [ app_init ] --START--
INFO: Run Behavior\BuildLiteBehavior [ RunTime:0.000013s ]
INFO: [ app_init ] --END-- [ RunTime:0.000494s ]
INFO: [ app_begin ] --START--
INFO: Run Behavior\ReadHtmlCacheBehavior [ RunTime:0.000638s ]
INFO: [ app_begin ] --END-- [ RunTime:0.000692s ]
SQL: SHOW COLUMNS FROM `news` [ RunTime:0.0025s ]
SQL: SELECT * FROM `news` WHERE `id` = 20 LIMIT 1   [ RunTime:0.0003s ]
SQL: SHOW COLUMNS FROM `news_class` [ RunTime:0.0021s ]
SQL: SELECT * FROM `news_class`  [ RunTime:0.0002s ]
INFO: [ view_parse ] --START--
INFO: [ template_filter ] --START--
INFO: Run Behavior\ContentReplaceBehavior [ RunTime:0.000047s ]
INFO: [ template_filter ] --END-- [ RunTime:0.000110s ]
NOTIC: [8] Use of undefined constant id - assumed 'id' D:\xampps\htdocs\university\Application\Runtime\Cache\Admin\cdd9e2ade7dcf75ace8a5498430150ad.php 第 71 行.
NOTIC: [8] Use of undefined constant type - assumed 'type' D:\xampps\htdocs\university\Application\Runtime\Cache\Admin\cdd9e2ade7dcf75ace8a5498430150ad.php 第 71 行.
NOTIC: [8] Use of undefined constant id - assumed 'id' D:\xampps\htdocs\university\Application\Runtime\Cache\Admin\cdd9e2ade7dcf75ace8a5498430150ad.php 第 71 行.
NOTIC: [8] Use of undefined constant type - assumed 'type' D:\xampps\htdocs\university\Application\Runtime\Cache\Admin\cdd9e2ade7dcf75ace8a5498430150ad.php 第 71 行.
NOTIC: [8] Use of undefined constant id - assumed 'id' D:\xampps\htdocs\university\Application\Runtime\Cache\Admin\cdd9e2ade7dcf75ace8a5498430150ad.php 第 71 行.
NOTIC: [8] Use of undefined constant type - assumed 'type' D:\xampps\htdocs\university\Application\Runtime\Cache\Admin\cdd9e2ade7dcf75ace8a5498430150ad.php 第 71 行.
NOTIC: [8] Use of undefined constant id - assumed 'id' D:\xampps\htdocs\university\Application\Runtime\Cache\Admin\cdd9e2ade7dcf75ace8a5498430150ad.php 第 71 行.
NOTIC: [8] Use of undefined constant type - assumed 'type' D:\xampps\htdocs\university\Application\Runtime\Cache\Admin\cdd9e2ade7dcf75ace8a5498430150ad.php 第 71 行.
NOTIC: [8] Use of undefined constant id - assumed 'id' D:\xampps\htdocs\university\Application\Runtime\Cache\Admin\cdd9e2ade7dcf75ace8a5498430150ad.php 第 71 行.
NOTIC: [8] Use of undefined constant type - assumed 'type' D:\xampps\htdocs\university\Application\Runtime\Cache\Admin\cdd9e2ade7dcf75ace8a5498430150ad.php 第 71 行.
NOTIC: [8] Use of undefined constant id - assumed 'id' D:\xampps\htdocs\university\Application\Runtime\Cache\Admin\cdd9e2ade7dcf75ace8a5498430150ad.php 第 71 行.
NOTIC: [8] Use of undefined constant type - assumed 'type' D:\xampps\htdocs\university\Application\Runtime\Cache\Admin\cdd9e2ade7dcf75ace8a5498430150ad.php 第 71 行.
NOTIC: [8] Use of undefined constant id - assumed 'id' D:\xampps\htdocs\university\Application\Runtime\Cache\Admin\cdd9e2ade7dcf75ace8a5498430150ad.php 第 71 行.
NOTIC: [8] Use of undefined constant type - assumed 'type' D:\xampps\htdocs\university\Application\Runtime\Cache\Admin\cdd9e2ade7dcf75ace8a5498430150ad.php 第 71 行.
INFO: Run Behavior\ParseTemplateBehavior [ RunTime:0.006403s ]
INFO: [ view_parse ] --END-- [ RunTime:0.006448s ]
INFO: [ view_filter ] --START--
INFO: Run Behavior\WriteHtmlCacheBehavior [ RunTime:0.000323s ]
INFO: [ view_filter ] --END-- [ RunTime:0.000351s ]
INFO: [ app_end ] --START--
INFO: Run Behavior\ShowPageTraceBehavior [ RunTime:0.000509s ]
INFO: [ app_end ] --END-- [ RunTime:0.000540s ]

