[ 2018-03-05T09:39:20+08:00 ] ::1 /university/admin.php/exercise/
INFO: [ app_init ] --START--
INFO: Run Behavior\BuildLiteBehavior [ RunTime:0.000040s ]
INFO: [ app_init ] --END-- [ RunTime:0.023257s ]
INFO: [ app_begin ] --START--
INFO: Run Behavior\ReadHtmlCacheBehavior [ RunTime:0.008173s ]
INFO: [ app_begin ] --END-- [ RunTime:0.008345s ]
NOTIC: [8] Constant MYSELF already defined D:\xampps\htdocs\university\Application\Admin\Controller\ExerciseController.class.php 第 21 行.
NOTIC: [8192] Function ereg() is deprecated D:\xampps\htdocs\university\Application\Admin\Controller\ExerciseController.class.php 第 152 行.
NOTIC: [8192] Function ereg() is deprecated D:\xampps\htdocs\university\Application\Admin\Controller\ExerciseController.class.php 第 153 行.
NOTIC: [8192] Non-static method Admin\Controller\PublicController::getInfo() should not be called statically, assuming $this from incompatible context D:\xampps\htdocs\university\Application\Admin\Controller\ExerciseController.class.php 第 313 行.
NOTIC: D方法实例化没找到模型类Admin\Model\NewsModel
SQL: SHOW COLUMNS FROM `news` [ RunTime:0.0164s ]
ERR: Think\Model:letsgo方法不存在！

[ 2018-03-05T09:39:45+08:00 ] ::1 /university/admin.php/exercise/
INFO: [ app_init ] --START--
INFO: Run Behavior\BuildLiteBehavior [ RunTime:0.000021s ]
INFO: [ app_init ] --END-- [ RunTime:0.000844s ]
INFO: [ app_begin ] --START--
INFO: Run Behavior\ReadHtmlCacheBehavior [ RunTime:0.001155s ]
INFO: [ app_begin ] --END-- [ RunTime:0.001245s ]
NOTIC: [8] Constant MYSELF already defined D:\xampps\htdocs\university\Application\Admin\Controller\ExerciseController.class.php 第 21 行.
NOTIC: [8192] Function ereg() is deprecated D:\xampps\htdocs\university\Application\Admin\Controller\ExerciseController.class.php 第 152 行.
NOTIC: [8192] Function ereg() is deprecated D:\xampps\htdocs\university\Application\Admin\Controller\ExerciseController.class.php 第 153 行.
NOTIC: [8192] Non-static method Admin\Controller\PublicController::getInfo() should not be called statically, assuming $this from incompatible context D:\xampps\htdocs\university\Application\Admin\Controller\ExerciseController.class.php 第 313 行.
NOTIC: D方法实例化没找到模型类Admin\Model\NewsModel
SQL: SHOW COLUMNS FROM `news` [ RunTime:0.0033s ]
SQL: SELECT * FROM `news`  [ RunTime:0.0136s ]
NOTIC: [8] Array to string conversion D:\xampps\htdocs\university\Application\Admin\Controller\ExerciseController.class.php 第 315 行.
INFO: [ app_end ] --START--
INFO: Run Behavior\ShowPageTraceBehavior [ RunTime:0.021302s ]
INFO: [ app_end ] --END-- [ RunTime:0.021361s ]

[ 2018-03-05T09:40:09+08:00 ] ::1 /university/admin.php/exercise/
INFO: [ app_init ] --START--
INFO: Run Behavior\BuildLiteBehavior [ RunTime:0.000023s ]
INFO: [ app_init ] --END-- [ RunTime:0.000613s ]
INFO: [ app_begin ] --START--
INFO: Run Behavior\ReadHtmlCacheBehavior [ RunTime:0.000766s ]
INFO: [ app_begin ] --END-- [ RunTime:0.000826s ]
NOTIC: [8] Constant MYSELF already defined D:\xampps\htdocs\university\Application\Admin\Controller\ExerciseController.class.php 第 21 行.
NOTIC: [8192] Function ereg() is deprecated D:\xampps\htdocs\university\Application\Admin\Controller\ExerciseController.class.php 第 152 行.
NOTIC: [8192] Function ereg() is deprecated D:\xampps\htdocs\university\Application\Admin\Controller\ExerciseController.class.php 第 153 行.
NOTIC: [8192] Non-static method Admin\Controller\PublicController::getInfo() should not be called statically, assuming $this from incompatible context D:\xampps\htdocs\university\Application\Admin\Controller\ExerciseController.class.php 第 313 行.
NOTIC: D方法实例化没找到模型类Admin\Model\NewsModel
SQL: SHOW COLUMNS FROM `news` [ RunTime:0.0034s ]
SQL: SELECT * FROM `news`  [ RunTime:0.0004s ]
INFO: [ app_end ] --START--
INFO: Run Behavior\ShowPageTraceBehavior [ RunTime:0.000854s ]
INFO: [ app_end ] --END-- [ RunTime:0.000915s ]

[ 2018-03-05T17:24:37+08:00 ] ::1 /university/admin.php/exercise/
INFO: [ app_init ] --START--
INFO: Run Behavior\BuildLiteBehavior [ RunTime:0.000024s ]
INFO: [ app_init ] --END-- [ RunTime:0.001010s ]
INFO: [ app_begin ] --START--
INFO: Run Behavior\ReadHtmlCacheBehavior [ RunTime:0.001358s ]
INFO: [ app_begin ] --END-- [ RunTime:0.001463s ]

[ 2018-03-05T17:24:57+08:00 ] ::1 /university/admin.php/exercise/
INFO: [ app_init ] --START--
INFO: Run Behavior\BuildLiteBehavior [ RunTime:0.000020s ]
INFO: [ app_init ] --END-- [ RunTime:0.000829s ]
INFO: [ app_begin ] --START--
INFO: Run Behavior\ReadHtmlCacheBehavior [ RunTime:0.001299s ]
INFO: [ app_begin ] --END-- [ RunTime:0.001394s ]

[ 2018-03-05T17:33:44+08:00 ] ::1 /university/admin.php/exercise/
INFO: [ app_init ] --START--
INFO: Run Behavior\BuildLiteBehavior [ RunTime:0.000037s ]
INFO: [ app_init ] --END-- [ RunTime:0.001511s ]
INFO: [ app_begin ] --START--
INFO: Run Behavior\ReadHtmlCacheBehavior [ RunTime:0.001365s ]
INFO: [ app_begin ] --END-- [ RunTime:0.001465s ]
NOTIC: [8] Constant MYSELF already defined D:\xampps\htdocs\university\Application\Admin\Controller\ExerciseController.class.php 第 21 行.
NOTIC: [8192] Function ereg() is deprecated D:\xampps\htdocs\university\Application\Admin\Controller\ExerciseController.class.php 第 152 行.
NOTIC: [8192] Function ereg() is deprecated D:\xampps\htdocs\university\Application\Admin\Controller\ExerciseController.class.php 第 153 行.
NOTIC: [8192] Non-static method Admin\Controller\PublicController::getInfo() should not be called statically, assuming $this from incompatible context D:\xampps\htdocs\university\Application\Admin\Controller\ExerciseController.class.php 第 313 行.
NOTIC: D方法实例化没找到模型类Admin\Model\NewsModel
SQL: SHOW COLUMNS FROM `news` [ RunTime:0.0064s ]
SQL: SELECT * FROM `news`  [ RunTime:0.0010s ]
NOTIC: [8] Undefined variable: aggagg D:\xampps\htdocs\university\Application\Admin\Controller\ExerciseController.class.php 第 317 行.
INFO: [ app_end ] --START--
INFO: Run Behavior\ShowPageTraceBehavior [ RunTime:0.001744s ]
INFO: [ app_end ] --END-- [ RunTime:0.001850s ]

[ 2018-03-05T17:33:56+08:00 ] ::1 /university/admin.php/exercise/
INFO: [ app_init ] --START--
INFO: Run Behavior\BuildLiteBehavior [ RunTime:0.000037s ]
INFO: [ app_init ] --END-- [ RunTime:0.001356s ]
INFO: [ app_begin ] --START--
INFO: Run Behavior\ReadHtmlCacheBehavior [ RunTime:0.001848s ]
INFO: [ app_begin ] --END-- [ RunTime:0.002000s ]
NOTIC: [8] Constant MYSELF already defined D:\xampps\htdocs\university\Application\Admin\Controller\ExerciseController.class.php 第 21 行.
NOTIC: [8192] Function ereg() is deprecated D:\xampps\htdocs\university\Application\Admin\Controller\ExerciseController.class.php 第 152 行.
NOTIC: [8192] Function ereg() is deprecated D:\xampps\htdocs\university\Application\Admin\Controller\ExerciseController.class.php 第 153 行.
NOTIC: [8192] Non-static method Admin\Controller\PublicController::getInfo() should not be called statically, assuming $this from incompatible context D:\xampps\htdocs\university\Application\Admin\Controller\ExerciseController.class.php 第 313 行.
NOTIC: [8] Undefined variable: aggagg D:\xampps\htdocs\university\Application\Admin\Controller\ExerciseController.class.php 第 317 行.
INFO: [ app_end ] --START--
INFO: Run Behavior\ShowPageTraceBehavior [ RunTime:0.002042s ]
INFO: [ app_end ] --END-- [ RunTime:0.002184s ]

[ 2018-03-05T17:40:16+08:00 ] ::1 /university/admin.php/exercise/
INFO: [ app_init ] --START--
INFO: Run Behavior\BuildLiteBehavior [ RunTime:0.000025s ]
INFO: [ app_init ] --END-- [ RunTime:0.001118s ]
INFO: [ app_begin ] --START--
INFO: Run Behavior\ReadHtmlCacheBehavior [ RunTime:0.001541s ]
INFO: [ app_begin ] --END-- [ RunTime:0.001647s ]

[ 2018-03-05T17:40:40+08:00 ] ::1 /university/admin.php/exercise/
INFO: [ app_init ] --START--
INFO: Run Behavior\BuildLiteBehavior [ RunTime:0.000023s ]
INFO: [ app_init ] --END-- [ RunTime:0.000922s ]
INFO: [ app_begin ] --START--
INFO: Run Behavior\ReadHtmlCacheBehavior [ RunTime:0.001266s ]
INFO: [ app_begin ] --END-- [ RunTime:0.001360s ]
NOTIC: [8] Constant MYSELF already defined D:\xampps\htdocs\university\Application\Admin\Controller\ExerciseController.class.php 第 21 行.
NOTIC: [8192] Function ereg() is deprecated D:\xampps\htdocs\university\Application\Admin\Controller\ExerciseController.class.php 第 152 行.
NOTIC: [8192] Function ereg() is deprecated D:\xampps\htdocs\university\Application\Admin\Controller\ExerciseController.class.php 第 153 行.
NOTIC: [8192] Non-static method Admin\Controller\PublicController::getInfo() should not be called statically, assuming $this from incompatible context D:\xampps\htdocs\university\Application\Admin\Controller\ExerciseController.class.php 第 313 行.
NOTIC: [8] Undefined variable: abdcd D:\xampps\htdocs\university\Application\Admin\Controller\ExerciseController.class.php 第 320 行.

[ 2018-03-05T17:40:41+08:00 ] ::1 /university/admin.php/exercise/
INFO: [ app_init ] --START--
INFO: Run Behavior\BuildLiteBehavior [ RunTime:0.000025s ]
INFO: [ app_init ] --END-- [ RunTime:0.000859s ]
INFO: [ app_begin ] --START--
INFO: Run Behavior\ReadHtmlCacheBehavior [ RunTime:0.001200s ]
INFO: [ app_begin ] --END-- [ RunTime:0.001293s ]
NOTIC: [8] Constant MYSELF already defined D:\xampps\htdocs\university\Application\Admin\Controller\ExerciseController.class.php 第 21 行.
NOTIC: [8192] Function ereg() is deprecated D:\xampps\htdocs\university\Application\Admin\Controller\ExerciseController.class.php 第 152 行.
NOTIC: [8192] Function ereg() is deprecated D:\xampps\htdocs\university\Application\Admin\Controller\ExerciseController.class.php 第 153 行.
NOTIC: [8192] Non-static method Admin\Controller\PublicController::getInfo() should not be called statically, assuming $this from incompatible context D:\xampps\htdocs\university\Application\Admin\Controller\ExerciseController.class.php 第 313 行.
NOTIC: [8] Undefined variable: abdcd D:\xampps\htdocs\university\Application\Admin\Controller\ExerciseController.class.php 第 320 行.

[ 2018-03-05T17:40:41+08:00 ] ::1 /university/admin.php/exercise/
INFO: [ app_init ] --START--
INFO: Run Behavior\BuildLiteBehavior [ RunTime:0.000036s ]
INFO: [ app_init ] --END-- [ RunTime:0.001355s ]
INFO: [ app_begin ] --START--
INFO: Run Behavior\ReadHtmlCacheBehavior [ RunTime:0.001871s ]
INFO: [ app_begin ] --END-- [ RunTime:0.002022s ]
NOTIC: [8] Constant MYSELF already defined D:\xampps\htdocs\university\Application\Admin\Controller\ExerciseController.class.php 第 21 行.
NOTIC: [8192] Function ereg() is deprecated D:\xampps\htdocs\university\Application\Admin\Controller\ExerciseController.class.php 第 152 行.
NOTIC: [8192] Function ereg() is deprecated D:\xampps\htdocs\university\Application\Admin\Controller\ExerciseController.class.php 第 153 行.
NOTIC: [8192] Non-static method Admin\Controller\PublicController::getInfo() should not be called statically, assuming $this from incompatible context D:\xampps\htdocs\university\Application\Admin\Controller\ExerciseController.class.php 第 313 行.
NOTIC: [8] Undefined variable: abdcd D:\xampps\htdocs\university\Application\Admin\Controller\ExerciseController.class.php 第 320 行.

[ 2018-03-05T17:40:41+08:00 ] ::1 /university/admin.php/exercise/
INFO: [ app_init ] --START--
INFO: Run Behavior\BuildLiteBehavior [ RunTime:0.000025s ]
INFO: [ app_init ] --END-- [ RunTime:0.000930s ]
INFO: [ app_begin ] --START--
INFO: Run Behavior\ReadHtmlCacheBehavior [ RunTime:0.001244s ]
INFO: [ app_begin ] --END-- [ RunTime:0.001345s ]
NOTIC: [8] Constant MYSELF already defined D:\xampps\htdocs\university\Application\Admin\Controller\ExerciseController.class.php 第 21 行.
NOTIC: [8192] Function ereg() is deprecated D:\xampps\htdocs\university\Application\Admin\Controller\ExerciseController.class.php 第 152 行.
NOTIC: [8192] Function ereg() is deprecated D:\xampps\htdocs\university\Application\Admin\Controller\ExerciseController.class.php 第 153 行.
NOTIC: [8192] Non-static method Admin\Controller\PublicController::getInfo() should not be called statically, assuming $this from incompatible context D:\xampps\htdocs\university\Application\Admin\Controller\ExerciseController.class.php 第 313 行.
NOTIC: [8] Undefined variable: abdcd D:\xampps\htdocs\university\Application\Admin\Controller\ExerciseController.class.php 第 320 行.

[ 2018-03-05T17:49:17+08:00 ] ::1 /university/admin.php/exercise/
INFO: [ app_init ] --START--
INFO: Run Behavior\BuildLiteBehavior [ RunTime:0.000038s ]
INFO: [ app_init ] --END-- [ RunTime:0.001476s ]
INFO: [ app_begin ] --START--
INFO: Run Behavior\ReadHtmlCacheBehavior [ RunTime:0.002171s ]
INFO: [ app_begin ] --END-- [ RunTime:0.002326s ]
NOTIC: [8] Constant MYSELF already defined D:\xampps\htdocs\university\Application\Admin\Controller\ExerciseController.class.php 第 21 行.
NOTIC: [8192] Function ereg() is deprecated D:\xampps\htdocs\university\Application\Admin\Controller\ExerciseController.class.php 第 152 行.
NOTIC: [8192] Function ereg() is deprecated D:\xampps\htdocs\university\Application\Admin\Controller\ExerciseController.class.php 第 153 行.
NOTIC: [8192] Non-static method Admin\Controller\PublicController::getInfo() should not be called statically, assuming $this from incompatible context D:\xampps\htdocs\university\Application\Admin\Controller\ExerciseController.class.php 第 313 行.
NOTIC: [8] Use of undefined constant customError - assumed 'customError' D:\xampps\htdocs\university\Application\Admin\Controller\ExerciseController.class.php 第 324 行.
NOTIC: [2] set_error_handler() expects the argument (customError) to be a valid callback D:\xampps\htdocs\university\Application\Admin\Controller\ExerciseController.class.php 第 324 行.
NOTIC: [8] Undefined variable: abdcd D:\xampps\htdocs\university\Application\Admin\Controller\ExerciseController.class.php 第 325 行.
INFO: [ app_end ] --START--
INFO: Run Behavior\ShowPageTraceBehavior [ RunTime:0.001682s ]
INFO: [ app_end ] --END-- [ RunTime:0.001794s ]

[ 2018-03-05T17:49:21+08:00 ] ::1 /university/admin.php/exercise/
INFO: [ app_init ] --START--
INFO: Run Behavior\BuildLiteBehavior [ RunTime:0.000036s ]
INFO: [ app_init ] --END-- [ RunTime:0.001364s ]
INFO: [ app_begin ] --START--
INFO: Run Behavior\ReadHtmlCacheBehavior [ RunTime:0.001839s ]
INFO: [ app_begin ] --END-- [ RunTime:0.001994s ]
NOTIC: [8] Constant MYSELF already defined D:\xampps\htdocs\university\Application\Admin\Controller\ExerciseController.class.php 第 21 行.
NOTIC: [8192] Function ereg() is deprecated D:\xampps\htdocs\university\Application\Admin\Controller\ExerciseController.class.php 第 152 行.
NOTIC: [8192] Function ereg() is deprecated D:\xampps\htdocs\university\Application\Admin\Controller\ExerciseController.class.php 第 153 行.
NOTIC: [8192] Non-static method Admin\Controller\PublicController::getInfo() should not be called statically, assuming $this from incompatible context D:\xampps\htdocs\university\Application\Admin\Controller\ExerciseController.class.php 第 313 行.
NOTIC: [8] Use of undefined constant customError - assumed 'customError' D:\xampps\htdocs\university\Application\Admin\Controller\ExerciseController.class.php 第 324 行.
NOTIC: [2] set_error_handler() expects the argument (customError) to be a valid callback D:\xampps\htdocs\university\Application\Admin\Controller\ExerciseController.class.php 第 324 行.
NOTIC: [8] Undefined variable: abdcd D:\xampps\htdocs\university\Application\Admin\Controller\ExerciseController.class.php 第 325 行.
INFO: [ app_end ] --START--
INFO: Run Behavior\ShowPageTraceBehavior [ RunTime:0.001984s ]
INFO: [ app_end ] --END-- [ RunTime:0.002124s ]

[ 2018-03-05T17:49:22+08:00 ] ::1 /university/admin.php/exercise/
INFO: [ app_init ] --START--
INFO: Run Behavior\BuildLiteBehavior [ RunTime:0.000020s ]
INFO: [ app_init ] --END-- [ RunTime:0.000846s ]
INFO: [ app_begin ] --START--
INFO: Run Behavior\ReadHtmlCacheBehavior [ RunTime:0.001110s ]
INFO: [ app_begin ] --END-- [ RunTime:0.001205s ]
NOTIC: [8] Constant MYSELF already defined D:\xampps\htdocs\university\Application\Admin\Controller\ExerciseController.class.php 第 21 行.
NOTIC: [8192] Function ereg() is deprecated D:\xampps\htdocs\university\Application\Admin\Controller\ExerciseController.class.php 第 152 行.
NOTIC: [8192] Function ereg() is deprecated D:\xampps\htdocs\university\Application\Admin\Controller\ExerciseController.class.php 第 153 行.
NOTIC: [8192] Non-static method Admin\Controller\PublicController::getInfo() should not be called statically, assuming $this from incompatible context D:\xampps\htdocs\university\Application\Admin\Controller\ExerciseController.class.php 第 313 行.
NOTIC: [8] Use of undefined constant customError - assumed 'customError' D:\xampps\htdocs\university\Application\Admin\Controller\ExerciseController.class.php 第 324 行.
NOTIC: [2] set_error_handler() expects the argument (customError) to be a valid callback D:\xampps\htdocs\university\Application\Admin\Controller\ExerciseController.class.php 第 324 行.
NOTIC: [8] Undefined variable: abdcd D:\xampps\htdocs\university\Application\Admin\Controller\ExerciseController.class.php 第 325 行.
INFO: [ app_end ] --START--
INFO: Run Behavior\ShowPageTraceBehavior [ RunTime:0.001156s ]
INFO: [ app_end ] --END-- [ RunTime:0.001235s ]

[ 2018-03-05T17:49:51+08:00 ] ::1 /university/admin.php/exercise/
INFO: [ app_init ] --START--
INFO: Run Behavior\BuildLiteBehavior [ RunTime:0.000036s ]
INFO: [ app_init ] --END-- [ RunTime:0.001444s ]
INFO: [ app_begin ] --START--
INFO: Run Behavior\ReadHtmlCacheBehavior [ RunTime:0.001832s ]
INFO: [ app_begin ] --END-- [ RunTime:0.001986s ]
NOTIC: [8] Constant MYSELF already defined D:\xampps\htdocs\university\Application\Admin\Controller\ExerciseController.class.php 第 21 行.
NOTIC: [8192] Function ereg() is deprecated D:\xampps\htdocs\university\Application\Admin\Controller\ExerciseController.class.php 第 152 行.
NOTIC: [8192] Function ereg() is deprecated D:\xampps\htdocs\university\Application\Admin\Controller\ExerciseController.class.php 第 153 行.
NOTIC: [8192] Non-static method Admin\Controller\PublicController::getInfo() should not be called statically, assuming $this from incompatible context D:\xampps\htdocs\university\Application\Admin\Controller\ExerciseController.class.php 第 313 行.
NOTIC: [8] Use of undefined constant customError - assumed 'customError' D:\xampps\htdocs\university\Application\Admin\Controller\ExerciseController.class.php 第 324 行.
NOTIC: [2] set_error_handler() expects the argument (customError) to be a valid callback D:\xampps\htdocs\university\Application\Admin\Controller\ExerciseController.class.php 第 324 行.
NOTIC: [8] Undefined variable: hhhh D:\xampps\htdocs\university\Application\Admin\Controller\ExerciseController.class.php 第 325 行.
INFO: [ app_end ] --START--
INFO: Run Behavior\ShowPageTraceBehavior [ RunTime:0.001954s ]
INFO: [ app_end ] --END-- [ RunTime:0.002092s ]

[ 2018-03-05T17:50:02+08:00 ] ::1 /university/admin.php/exercise/
INFO: [ app_init ] --START--
INFO: Run Behavior\BuildLiteBehavior [ RunTime:0.000012s ]
INFO: [ app_init ] --END-- [ RunTime:0.000361s ]
INFO: [ app_begin ] --START--
INFO: Run Behavior\ReadHtmlCacheBehavior [ RunTime:0.000476s ]
INFO: [ app_begin ] --END-- [ RunTime:0.000515s ]
NOTIC: [8] Constant MYSELF already defined D:\xampps\htdocs\university\Application\Admin\Controller\ExerciseController.class.php 第 21 行.
NOTIC: [8192] Function ereg() is deprecated D:\xampps\htdocs\university\Application\Admin\Controller\ExerciseController.class.php 第 152 行.
NOTIC: [8192] Function ereg() is deprecated D:\xampps\htdocs\university\Application\Admin\Controller\ExerciseController.class.php 第 153 行.
NOTIC: [8192] Non-static method Admin\Controller\PublicController::getInfo() should not be called statically, assuming $this from incompatible context D:\xampps\htdocs\university\Application\Admin\Controller\ExerciseController.class.php 第 313 行.
NOTIC: [2] set_error_handler() expects the argument (customError) to be a valid callback D:\xampps\htdocs\university\Application\Admin\Controller\ExerciseController.class.php 第 324 行.
NOTIC: [8] Undefined variable: hhhh D:\xampps\htdocs\university\Application\Admin\Controller\ExerciseController.class.php 第 325 行.
INFO: [ app_end ] --START--
INFO: Run Behavior\ShowPageTraceBehavior [ RunTime:0.000453s ]
INFO: [ app_end ] --END-- [ RunTime:0.000487s ]

[ 2018-03-05T17:51:09+08:00 ] ::1 /university/admin.php/exercise/
INFO: [ app_init ] --START--
INFO: Run Behavior\BuildLiteBehavior [ RunTime:0.000022s ]
INFO: [ app_init ] --END-- [ RunTime:0.000822s ]
INFO: [ app_begin ] --START--
INFO: Run Behavior\ReadHtmlCacheBehavior [ RunTime:0.001170s ]
INFO: [ app_begin ] --END-- [ RunTime:0.001276s ]
NOTIC: [8] Constant MYSELF already defined D:\xampps\htdocs\university\Application\Admin\Controller\ExerciseController.class.php 第 21 行.
NOTIC: [8192] Function ereg() is deprecated D:\xampps\htdocs\university\Application\Admin\Controller\ExerciseController.class.php 第 152 行.
NOTIC: [8192] Function ereg() is deprecated D:\xampps\htdocs\university\Application\Admin\Controller\ExerciseController.class.php 第 153 行.
NOTIC: [8192] Non-static method Admin\Controller\PublicController::getInfo() should not be called statically, assuming $this from incompatible context D:\xampps\htdocs\university\Application\Admin\Controller\ExerciseController.class.php 第 313 行.
NOTIC: [2] set_error_handler() expects the argument (customError) to be a valid callback D:\xampps\htdocs\university\Application\Admin\Controller\ExerciseController.class.php 第 324 行.
ERR: Think\Controller:agdgd方法不存在！

[ 2018-03-05T17:51:26+08:00 ] ::1 /university/admin.php/exercise/
INFO: [ app_init ] --START--
INFO: Run Behavior\BuildLiteBehavior [ RunTime:0.000036s ]
INFO: [ app_init ] --END-- [ RunTime:0.001469s ]
INFO: [ app_begin ] --START--
INFO: Run Behavior\ReadHtmlCacheBehavior [ RunTime:0.002130s ]
INFO: [ app_begin ] --END-- [ RunTime:0.002292s ]
NOTIC: [8] Constant MYSELF already defined D:\xampps\htdocs\university\Application\Admin\Controller\ExerciseController.class.php 第 21 行.
NOTIC: [8192] Function ereg() is deprecated D:\xampps\htdocs\university\Application\Admin\Controller\ExerciseController.class.php 第 152 行.
NOTIC: [8192] Function ereg() is deprecated D:\xampps\htdocs\university\Application\Admin\Controller\ExerciseController.class.php 第 153 行.
NOTIC: [8192] Non-static method Admin\Controller\PublicController::getInfo() should not be called statically, assuming $this from incompatible context D:\xampps\htdocs\university\Application\Admin\Controller\ExerciseController.class.php 第 313 行.
ERR: Think\Controller:agdgd方法不存在！

[ 2018-03-05T17:58:18+08:00 ] ::1 /university/admin.php/exercise/
INFO: [ app_init ] --START--
INFO: Run Behavior\BuildLiteBehavior [ RunTime:0.000023s ]
INFO: [ app_init ] --END-- [ RunTime:0.000947s ]
INFO: [ app_begin ] --START--
INFO: Run Behavior\ReadHtmlCacheBehavior [ RunTime:0.001428s ]
INFO: [ app_begin ] --END-- [ RunTime:0.001549s ]
NOTIC: [8] Constant MYSELF already defined D:\xampps\htdocs\university\Application\Admin\Controller\ExerciseController.class.php 第 21 行.
NOTIC: [8192] Function ereg() is deprecated D:\xampps\htdocs\university\Application\Admin\Controller\ExerciseController.class.php 第 152 行.
NOTIC: [8192] Function ereg() is deprecated D:\xampps\htdocs\university\Application\Admin\Controller\ExerciseController.class.php 第 153 行.
NOTIC: [8192] Non-static method Admin\Controller\PublicController::getInfo() should not be called statically, assuming $this from incompatible context D:\xampps\htdocs\university\Application\Admin\Controller\ExerciseController.class.php 第 313 行.
INFO: [ app_end ] --START--
INFO: Run Behavior\ShowPageTraceBehavior [ RunTime:0.001350s ]
INFO: [ app_end ] --END-- [ RunTime:0.001448s ]

[ 2018-03-05T20:42:14+08:00 ] ::1 /university/admin.php/exercise/
INFO: [ app_init ] --START--
INFO: Run Behavior\BuildLiteBehavior [ RunTime:0.000018s ]
INFO: [ app_init ] --END-- [ RunTime:0.000683s ]
INFO: [ app_begin ] --START--
INFO: Run Behavior\ReadHtmlCacheBehavior [ RunTime:0.000997s ]
INFO: [ app_begin ] --END-- [ RunTime:0.001068s ]
NOTIC: [8] Constant MYSELF already defined D:\xampps\htdocs\university\Application\Admin\Controller\ExerciseController.class.php 第 21 行.
NOTIC: [8192] Function ereg() is deprecated D:\xampps\htdocs\university\Application\Admin\Controller\ExerciseController.class.php 第 152 行.
NOTIC: [8192] Function ereg() is deprecated D:\xampps\htdocs\university\Application\Admin\Controller\ExerciseController.class.php 第 153 行.
NOTIC: [8192] Non-static method Admin\Controller\PublicController::getInfo() should not be called statically, assuming $this from incompatible context D:\xampps\htdocs\university\Application\Admin\Controller\ExerciseController.class.php 第 313 行.
NOTIC: [8] Undefined variable: agege D:\xampps\htdocs\university\Application\Admin\Controller\ExerciseController.class.php 第 324 行.
INFO: [ app_end ] --START--
INFO: Run Behavior\ShowPageTraceBehavior [ RunTime:0.000974s ]
INFO: [ app_end ] --END-- [ RunTime:0.001041s ]

[ 2018-03-05T20:42:33+08:00 ] ::1 /university/admin.php/exercise/
INFO: [ app_init ] --START--
INFO: Run Behavior\BuildLiteBehavior [ RunTime:0.000021s ]
INFO: [ app_init ] --END-- [ RunTime:0.000854s ]
INFO: [ app_begin ] --START--
INFO: Run Behavior\ReadHtmlCacheBehavior [ RunTime:0.001125s ]
INFO: [ app_begin ] --END-- [ RunTime:0.001212s ]
NOTIC: [8] Constant MYSELF already defined D:\xampps\htdocs\university\Application\Admin\Controller\ExerciseController.class.php 第 21 行.
NOTIC: [8192] Function ereg() is deprecated D:\xampps\htdocs\university\Application\Admin\Controller\ExerciseController.class.php 第 152 行.
NOTIC: [8192] Function ereg() is deprecated D:\xampps\htdocs\university\Application\Admin\Controller\ExerciseController.class.php 第 153 行.
NOTIC: [8192] Non-static method Admin\Controller\PublicController::getInfo() should not be called statically, assuming $this from incompatible context D:\xampps\htdocs\university\Application\Admin\Controller\ExerciseController.class.php 第 313 行.
NOTIC: [8] Undefined variable: agege D:\xampps\htdocs\university\Application\Admin\Controller\ExerciseController.class.php 第 324 行.
INFO: [ app_end ] --START--
INFO: Run Behavior\ShowPageTraceBehavior [ RunTime:0.001143s ]
INFO: [ app_end ] --END-- [ RunTime:0.001222s ]

[ 2018-03-05T22:11:35+08:00 ] ::1 /university/admin.php/exercise/
INFO: [ app_init ] --START--
INFO: Run Behavior\BuildLiteBehavior [ RunTime:0.000017s ]
INFO: [ app_init ] --END-- [ RunTime:0.000646s ]
INFO: [ app_begin ] --START--
INFO: Run Behavior\ReadHtmlCacheBehavior [ RunTime:0.000930s ]
INFO: [ app_begin ] --END-- [ RunTime:0.000999s ]
NOTIC: [8] Constant MYSELF already defined D:\xampps\htdocs\university\Application\Admin\Controller\ExerciseController.class.php 第 21 行.
NOTIC: [8192] Function ereg() is deprecated D:\xampps\htdocs\university\Application\Admin\Controller\ExerciseController.class.php 第 152 行.
NOTIC: [8192] Function ereg() is deprecated D:\xampps\htdocs\university\Application\Admin\Controller\ExerciseController.class.php 第 153 行.
NOTIC: [8192] Non-static method Admin\Controller\PublicController::getInfo() should not be called statically, assuming $this from incompatible context D:\xampps\htdocs\university\Application\Admin\Controller\ExerciseController.class.php 第 313 行.
INFO: [ app_end ] --START--
INFO: Run Behavior\ShowPageTraceBehavior [ RunTime:0.000563s ]
INFO: [ app_end ] --END-- [ RunTime:0.000600s ]

[ 2018-03-05T22:12:00+08:00 ] ::1 /university/admin.php/exercise/
INFO: [ app_init ] --START--
INFO: Run Behavior\BuildLiteBehavior [ RunTime:0.000018s ]
INFO: [ app_init ] --END-- [ RunTime:0.000686s ]
INFO: [ app_begin ] --START--
INFO: Run Behavior\ReadHtmlCacheBehavior [ RunTime:0.000894s ]
INFO: [ app_begin ] --END-- [ RunTime:0.000961s ]
NOTIC: [8] Constant MYSELF already defined D:\xampps\htdocs\university\Application\Admin\Controller\ExerciseController.class.php 第 21 行.
NOTIC: [8192] Function ereg() is deprecated D:\xampps\htdocs\university\Application\Admin\Controller\ExerciseController.class.php 第 152 行.
NOTIC: [8192] Function ereg() is deprecated D:\xampps\htdocs\university\Application\Admin\Controller\ExerciseController.class.php 第 153 行.
NOTIC: [8192] Non-static method Admin\Controller\PublicController::getInfo() should not be called statically, assuming $this from incompatible context D:\xampps\htdocs\university\Application\Admin\Controller\ExerciseController.class.php 第 313 行.
INFO: [ app_end ] --START--
INFO: Run Behavior\ShowPageTraceBehavior [ RunTime:0.000918s ]
INFO: [ app_end ] --END-- [ RunTime:0.000983s ]

[ 2018-03-05T22:12:00+08:00 ] ::1 /university/admin.php/exercise/
INFO: [ app_init ] --START--
INFO: Run Behavior\BuildLiteBehavior [ RunTime:0.000016s ]
INFO: [ app_init ] --END-- [ RunTime:0.000698s ]
INFO: [ app_begin ] --START--
INFO: Run Behavior\ReadHtmlCacheBehavior [ RunTime:0.000904s ]
INFO: [ app_begin ] --END-- [ RunTime:0.000972s ]
NOTIC: [8] Constant MYSELF already defined D:\xampps\htdocs\university\Application\Admin\Controller\ExerciseController.class.php 第 21 行.
NOTIC: [8192] Function ereg() is deprecated D:\xampps\htdocs\university\Application\Admin\Controller\ExerciseController.class.php 第 152 行.
NOTIC: [8192] Function ereg() is deprecated D:\xampps\htdocs\university\Application\Admin\Controller\ExerciseController.class.php 第 153 行.
NOTIC: [8192] Non-static method Admin\Controller\PublicController::getInfo() should not be called statically, assuming $this from incompatible context D:\xampps\htdocs\university\Application\Admin\Controller\ExerciseController.class.php 第 313 行.
INFO: [ app_end ] --START--
INFO: Run Behavior\ShowPageTraceBehavior [ RunTime:0.000592s ]
INFO: [ app_end ] --END-- [ RunTime:0.000633s ]

[ 2018-03-05T22:12:56+08:00 ] ::1 /university/admin.php/exercise/
INFO: [ app_init ] --START--
INFO: Run Behavior\BuildLiteBehavior [ RunTime:0.000016s ]
INFO: [ app_init ] --END-- [ RunTime:0.000621s ]
INFO: [ app_begin ] --START--
INFO: Run Behavior\ReadHtmlCacheBehavior [ RunTime:0.000758s ]
INFO: [ app_begin ] --END-- [ RunTime:0.000820s ]
NOTIC: [8] Constant MYSELF already defined D:\xampps\htdocs\university\Application\Admin\Controller\ExerciseController.class.php 第 21 行.
NOTIC: [8192] Function ereg() is deprecated D:\xampps\htdocs\university\Application\Admin\Controller\ExerciseController.class.php 第 152 行.
NOTIC: [8192] Function ereg() is deprecated D:\xampps\htdocs\university\Application\Admin\Controller\ExerciseController.class.php 第 153 行.
NOTIC: [8192] Non-static method Admin\Controller\PublicController::getInfo() should not be called statically, assuming $this from incompatible context D:\xampps\htdocs\university\Application\Admin\Controller\ExerciseController.class.php 第 313 行.
INFO: [ app_end ] --START--
INFO: Run Behavior\ShowPageTraceBehavior [ RunTime:0.000748s ]
INFO: [ app_end ] --END-- [ RunTime:0.000807s ]

[ 2018-03-05T22:22:43+08:00 ] ::1 /university/admin.php/exercise/info
INFO: [ app_init ] --START--
INFO: Run Behavior\BuildLiteBehavior [ RunTime:0.000011s ]
INFO: [ app_init ] --END-- [ RunTime:0.000361s ]
INFO: [ app_begin ] --START--
INFO: Run Behavior\ReadHtmlCacheBehavior [ RunTime:0.000538s ]
INFO: [ app_begin ] --END-- [ RunTime:0.000578s ]
ERR: 模板不存在:Application/Admin/View/Exercise/info.html

[ 2018-03-05T22:23:33+08:00 ] ::1 /university/admin.php/exercise/info
INFO: [ app_init ] --START--
INFO: Run Behavior\BuildLiteBehavior [ RunTime:0.000008s ]
INFO: [ app_init ] --END-- [ RunTime:0.000361s ]
INFO: [ app_begin ] --START--
INFO: Run Behavior\ReadHtmlCacheBehavior [ RunTime:0.000525s ]
INFO: [ app_begin ] --END-- [ RunTime:0.000565s ]
INFO: [ view_parse ] --START--
INFO: [ template_filter ] --START--
INFO: Run Behavior\ContentReplaceBehavior [ RunTime:0.001164s ]
INFO: [ template_filter ] --END-- [ RunTime:0.001344s ]
INFO: Run Behavior\ParseTemplateBehavior [ RunTime:0.129982s ]
INFO: [ view_parse ] --END-- [ RunTime:0.130102s ]
INFO: [ view_filter ] --START--
INFO: Run Behavior\WriteHtmlCacheBehavior [ RunTime:0.019885s ]
INFO: [ view_filter ] --END-- [ RunTime:0.020023s ]
INFO: [ app_end ] --START--
INFO: Run Behavior\ShowPageTraceBehavior [ RunTime:0.002297s ]
INFO: [ app_end ] --END-- [ RunTime:0.002434s ]

[ 2018-03-05T22:29:05+08:00 ] ::1 /university/admin.php/exercise/info
INFO: [ app_init ] --START--
INFO: Run Behavior\BuildLiteBehavior [ RunTime:0.000012s ]
INFO: [ app_init ] --END-- [ RunTime:0.000642s ]
INFO: [ app_begin ] --START--
INFO: Run Behavior\ReadHtmlCacheBehavior [ RunTime:0.000671s ]
INFO: [ app_begin ] --END-- [ RunTime:0.000713s ]
INFO: [ view_parse ] --START--
INFO: [ template_filter ] --START--
INFO: Run Behavior\ContentReplaceBehavior [ RunTime:0.000030s ]
INFO: [ template_filter ] --END-- [ RunTime:0.000072s ]
INFO: Run Behavior\ParseTemplateBehavior [ RunTime:0.004388s ]
INFO: [ view_parse ] --END-- [ RunTime:0.004429s ]
INFO: [ view_filter ] --START--
INFO: Run Behavior\WriteHtmlCacheBehavior [ RunTime:0.000418s ]
INFO: [ view_filter ] --END-- [ RunTime:0.000446s ]
INFO: [ app_end ] --START--
INFO: Run Behavior\ShowPageTraceBehavior [ RunTime:0.000640s ]
INFO: [ app_end ] --END-- [ RunTime:0.000673s ]

[ 2018-03-05T22:29:06+08:00 ] ::1 /university/admin.php/exercise/info
INFO: [ app_init ] --START--
INFO: Run Behavior\BuildLiteBehavior [ RunTime:0.000035s ]
INFO: [ app_init ] --END-- [ RunTime:0.001371s ]
INFO: [ app_begin ] --START--
INFO: Run Behavior\ReadHtmlCacheBehavior [ RunTime:0.001855s ]
INFO: [ app_begin ] --END-- [ RunTime:0.002014s ]
INFO: [ view_parse ] --START--
INFO: [ template_filter ] --START--
INFO: Run Behavior\ContentReplaceBehavior [ RunTime:0.000041s ]
INFO: [ template_filter ] --END-- [ RunTime:0.000100s ]
INFO: Run Behavior\ParseTemplateBehavior [ RunTime:0.006371s ]
INFO: [ view_parse ] --END-- [ RunTime:0.006435s ]
INFO: [ view_filter ] --START--
INFO: Run Behavior\WriteHtmlCacheBehavior [ RunTime:0.000577s ]
INFO: [ view_filter ] --END-- [ RunTime:0.000624s ]
INFO: [ app_end ] --START--
INFO: Run Behavior\ShowPageTraceBehavior [ RunTime:0.000840s ]
INFO: [ app_end ] --END-- [ RunTime:0.000898s ]

[ 2018-03-05T22:29:06+08:00 ] ::1 /university/admin.php/exercise/info
INFO: [ app_init ] --START--
INFO: Run Behavior\BuildLiteBehavior [ RunTime:0.000018s ]
INFO: [ app_init ] --END-- [ RunTime:0.000722s ]
INFO: [ app_begin ] --START--
INFO: Run Behavior\ReadHtmlCacheBehavior [ RunTime:0.000951s ]
INFO: [ app_begin ] --END-- [ RunTime:0.001035s ]
INFO: [ view_parse ] --START--
INFO: [ template_filter ] --START--
INFO: Run Behavior\ContentReplaceBehavior [ RunTime:0.000046s ]
INFO: [ template_filter ] --END-- [ RunTime:0.000110s ]
INFO: Run Behavior\ParseTemplateBehavior [ RunTime:0.007525s ]
INFO: [ view_parse ] --END-- [ RunTime:0.007602s ]
INFO: [ view_filter ] --START--
INFO: Run Behavior\WriteHtmlCacheBehavior [ RunTime:0.000712s ]
INFO: [ view_filter ] --END-- [ RunTime:0.000770s ]
INFO: [ app_end ] --START--
INFO: Run Behavior\ShowPageTraceBehavior [ RunTime:0.000977s ]
INFO: [ app_end ] --END-- [ RunTime:0.001040s ]

[ 2018-03-05T22:29:06+08:00 ] ::1 /university/admin.php/exercise/info
INFO: [ app_init ] --START--
INFO: Run Behavior\BuildLiteBehavior [ RunTime:0.000020s ]
INFO: [ app_init ] --END-- [ RunTime:0.000741s ]
INFO: [ app_begin ] --START--
INFO: Run Behavior\ReadHtmlCacheBehavior [ RunTime:0.000558s ]
INFO: [ app_begin ] --END-- [ RunTime:0.000604s ]
INFO: [ view_parse ] --START--
INFO: [ template_filter ] --START--
INFO: Run Behavior\ContentReplaceBehavior [ RunTime:0.000026s ]
INFO: [ template_filter ] --END-- [ RunTime:0.000066s ]
INFO: Run Behavior\ParseTemplateBehavior [ RunTime:0.003993s ]
INFO: [ view_parse ] --END-- [ RunTime:0.004030s ]
INFO: [ view_filter ] --START--
INFO: Run Behavior\WriteHtmlCacheBehavior [ RunTime:0.000304s ]
INFO: [ view_filter ] --END-- [ RunTime:0.000330s ]
INFO: [ app_end ] --START--
INFO: Run Behavior\ShowPageTraceBehavior [ RunTime:0.000447s ]
INFO: [ app_end ] --END-- [ RunTime:0.000479s ]

[ 2018-03-05T22:29:06+08:00 ] ::1 /university/admin.php/exercise/info
INFO: [ app_init ] --START--
INFO: Run Behavior\BuildLiteBehavior [ RunTime:0.000018s ]
INFO: [ app_init ] --END-- [ RunTime:0.000616s ]
INFO: [ app_begin ] --START--
INFO: Run Behavior\ReadHtmlCacheBehavior [ RunTime:0.000798s ]
INFO: [ app_begin ] --END-- [ RunTime:0.000865s ]
INFO: [ view_parse ] --START--
INFO: [ template_filter ] --START--
INFO: Run Behavior\ContentReplaceBehavior [ RunTime:0.000044s ]
INFO: [ template_filter ] --END-- [ RunTime:0.000111s ]
INFO: Run Behavior\ParseTemplateBehavior [ RunTime:0.006821s ]
INFO: [ view_parse ] --END-- [ RunTime:0.006890s ]
INFO: [ view_filter ] --START--
INFO: Run Behavior\WriteHtmlCacheBehavior [ RunTime:0.000601s ]
INFO: [ view_filter ] --END-- [ RunTime:0.000652s ]
INFO: [ app_end ] --START--
INFO: Run Behavior\ShowPageTraceBehavior [ RunTime:0.000860s ]
INFO: [ app_end ] --END-- [ RunTime:0.000915s ]

[ 2018-03-05T22:29:12+08:00 ] ::1 /university/admin.php/exercise/info?name=2355
INFO: [ app_init ] --START--
INFO: Run Behavior\BuildLiteBehavior [ RunTime:0.000013s ]
INFO: [ app_init ] --END-- [ RunTime:0.000457s ]
INFO: [ app_begin ] --START--
INFO: Run Behavior\ReadHtmlCacheBehavior [ RunTime:0.000605s ]
INFO: [ app_begin ] --END-- [ RunTime:0.000655s ]
INFO: [ view_parse ] --START--
INFO: [ template_filter ] --START--
INFO: Run Behavior\ContentReplaceBehavior [ RunTime:0.000031s ]
INFO: [ template_filter ] --END-- [ RunTime:0.000077s ]
INFO: Run Behavior\ParseTemplateBehavior [ RunTime:0.004879s ]
INFO: [ view_parse ] --END-- [ RunTime:0.004932s ]
INFO: [ view_filter ] --START--
INFO: Run Behavior\WriteHtmlCacheBehavior [ RunTime:0.000427s ]
INFO: [ view_filter ] --END-- [ RunTime:0.000460s ]
INFO: [ app_end ] --START--
INFO: Run Behavior\ShowPageTraceBehavior [ RunTime:0.000544s ]
INFO: [ app_end ] --END-- [ RunTime:0.000581s ]

[ 2018-03-05T22:29:29+08:00 ] ::1 /university/admin.php/exercise/info?name=%E5%98%8E%E5%98%8E%E5%98%8E
INFO: [ app_init ] --START--
INFO: Run Behavior\BuildLiteBehavior [ RunTime:0.000014s ]
INFO: [ app_init ] --END-- [ RunTime:0.000559s ]
INFO: [ app_begin ] --START--
INFO: Run Behavior\ReadHtmlCacheBehavior [ RunTime:0.000793s ]
INFO: [ app_begin ] --END-- [ RunTime:0.000843s ]
INFO: [ view_parse ] --START--
INFO: [ template_filter ] --START--
INFO: Run Behavior\ContentReplaceBehavior [ RunTime:0.000031s ]
INFO: [ template_filter ] --END-- [ RunTime:0.000072s ]
INFO: Run Behavior\ParseTemplateBehavior [ RunTime:0.005759s ]
INFO: [ view_parse ] --END-- [ RunTime:0.005806s ]
INFO: [ view_filter ] --START--
INFO: Run Behavior\WriteHtmlCacheBehavior [ RunTime:0.000553s ]
INFO: [ view_filter ] --END-- [ RunTime:0.000590s ]
INFO: [ app_end ] --START--
INFO: Run Behavior\ShowPageTraceBehavior [ RunTime:0.000758s ]
INFO: [ app_end ] --END-- [ RunTime:0.000796s ]

[ 2018-03-05T22:29:34+08:00 ] ::1 /university/admin.php/exercise/info?name=ggg
INFO: [ app_init ] --START--
INFO: Run Behavior\BuildLiteBehavior [ RunTime:0.000013s ]
INFO: [ app_init ] --END-- [ RunTime:0.000458s ]
INFO: [ app_begin ] --START--
INFO: Run Behavior\ReadHtmlCacheBehavior [ RunTime:0.000665s ]
INFO: [ app_begin ] --END-- [ RunTime:0.000715s ]
INFO: [ view_parse ] --START--
INFO: [ template_filter ] --START--
INFO: Run Behavior\ContentReplaceBehavior [ RunTime:0.000028s ]
INFO: [ template_filter ] --END-- [ RunTime:0.000064s ]
INFO: Run Behavior\ParseTemplateBehavior [ RunTime:0.004098s ]
INFO: [ view_parse ] --END-- [ RunTime:0.004139s ]
INFO: [ view_filter ] --START--
INFO: Run Behavior\WriteHtmlCacheBehavior [ RunTime:0.000389s ]
INFO: [ view_filter ] --END-- [ RunTime:0.000419s ]
INFO: [ app_end ] --START--
INFO: Run Behavior\ShowPageTraceBehavior [ RunTime:0.000494s ]
INFO: [ app_end ] --END-- [ RunTime:0.000525s ]

[ 2018-03-05T22:29:46+08:00 ] ::1 /university/admin.php/exercise/info?name=%E6%BB%9A%E6%BB%9A%E6%BB%9A
INFO: [ app_init ] --START--
INFO: Run Behavior\BuildLiteBehavior [ RunTime:0.000014s ]
INFO: [ app_init ] --END-- [ RunTime:0.000466s ]
INFO: [ app_begin ] --START--
INFO: Run Behavior\ReadHtmlCacheBehavior [ RunTime:0.000668s ]
INFO: [ app_begin ] --END-- [ RunTime:0.000718s ]
INFO: [ view_parse ] --START--
INFO: [ template_filter ] --START--
INFO: Run Behavior\ContentReplaceBehavior [ RunTime:0.000033s ]
INFO: [ template_filter ] --END-- [ RunTime:0.000081s ]
INFO: Run Behavior\ParseTemplateBehavior [ RunTime:0.005100s ]
INFO: [ view_parse ] --END-- [ RunTime:0.005150s ]
INFO: [ view_filter ] --START--
INFO: Run Behavior\WriteHtmlCacheBehavior [ RunTime:0.000502s ]
INFO: [ view_filter ] --END-- [ RunTime:0.000540s ]
INFO: [ app_end ] --START--
INFO: Run Behavior\ShowPageTraceBehavior [ RunTime:0.000662s ]
INFO: [ app_end ] --END-- [ RunTime:0.000703s ]

[ 2018-03-05T22:29:58+08:00 ] ::1 /university/admin.php/exercise/info?name=%E5%88%9A%E5%88%9A+%E5%98%8E%E5%98%8E%E5%98%8E
INFO: [ app_init ] --START--
INFO: Run Behavior\BuildLiteBehavior [ RunTime:0.000013s ]
INFO: [ app_init ] --END-- [ RunTime:0.000459s ]
INFO: [ app_begin ] --START--
INFO: Run Behavior\ReadHtmlCacheBehavior [ RunTime:0.000677s ]
INFO: [ app_begin ] --END-- [ RunTime:0.000727s ]
INFO: [ view_parse ] --START--
INFO: [ template_filter ] --START--
INFO: Run Behavior\ContentReplaceBehavior [ RunTime:0.000026s ]
INFO: [ template_filter ] --END-- [ RunTime:0.000061s ]
INFO: Run Behavior\ParseTemplateBehavior [ RunTime:0.004720s ]
INFO: [ view_parse ] --END-- [ RunTime:0.004760s ]
INFO: [ view_filter ] --START--
INFO: Run Behavior\WriteHtmlCacheBehavior [ RunTime:0.000367s ]
INFO: [ view_filter ] --END-- [ RunTime:0.000394s ]
INFO: [ app_end ] --START--
INFO: Run Behavior\ShowPageTraceBehavior [ RunTime:0.000519s ]
INFO: [ app_end ] --END-- [ RunTime:0.000546s ]

[ 2018-03-05T22:30:23+08:00 ] ::1 /university/admin.php/exercise/info?name=%E5%88%9A%E5%88%9A+%E5%98%8E%E5%98%8E%E5%98%8E
INFO: [ app_init ] --START--
INFO: Run Behavior\BuildLiteBehavior [ RunTime:0.000011s ]
INFO: [ app_init ] --END-- [ RunTime:0.000370s ]
INFO: [ app_begin ] --START--
INFO: Run Behavior\ReadHtmlCacheBehavior [ RunTime:0.000457s ]
INFO: [ app_begin ] --END-- [ RunTime:0.000495s ]
INFO: [ view_parse ] --START--
INFO: [ template_filter ] --START--
INFO: Run Behavior\ContentReplaceBehavior [ RunTime:0.000028s ]
INFO: [ template_filter ] --END-- [ RunTime:0.000089s ]
INFO: Run Behavior\ParseTemplateBehavior [ RunTime:0.003991s ]
INFO: [ view_parse ] --END-- [ RunTime:0.004028s ]
INFO: [ view_filter ] --START--
INFO: Run Behavior\WriteHtmlCacheBehavior [ RunTime:0.000356s ]
INFO: [ view_filter ] --END-- [ RunTime:0.000390s ]
INFO: [ app_end ] --START--
INFO: Run Behavior\ShowPageTraceBehavior [ RunTime:0.000561s ]
INFO: [ app_end ] --END-- [ RunTime:0.000595s ]

[ 2018-03-05T22:30:23+08:00 ] ::1 /university/admin.php/exercise/info?name=%E5%88%9A%E5%88%9A+%E5%98%8E%E5%98%8E%E5%98%8E
INFO: [ app_init ] --START--
INFO: Run Behavior\BuildLiteBehavior [ RunTime:0.000020s ]
INFO: [ app_init ] --END-- [ RunTime:0.000730s ]
INFO: [ app_begin ] --START--
INFO: Run Behavior\ReadHtmlCacheBehavior [ RunTime:0.000960s ]
INFO: [ app_begin ] --END-- [ RunTime:0.001035s ]
INFO: [ view_parse ] --START--
INFO: [ template_filter ] --START--
INFO: Run Behavior\ContentReplaceBehavior [ RunTime:0.000032s ]
INFO: [ template_filter ] --END-- [ RunTime:0.000076s ]
INFO: Run Behavior\ParseTemplateBehavior [ RunTime:0.007193s ]
INFO: [ view_parse ] --END-- [ RunTime:0.007260s ]
INFO: [ view_filter ] --START--
INFO: Run Behavior\WriteHtmlCacheBehavior [ RunTime:0.000474s ]
INFO: [ view_filter ] --END-- [ RunTime:0.000511s ]
INFO: [ app_end ] --START--
INFO: Run Behavior\ShowPageTraceBehavior [ RunTime:0.000554s ]
INFO: [ app_end ] --END-- [ RunTime:0.000591s ]

[ 2018-03-05T22:30:24+08:00 ] ::1 /university/admin.php/exercise/info?name=%E5%88%9A%E5%88%9A+%E5%98%8E%E5%98%8E%E5%98%8E
INFO: [ app_init ] --START--
INFO: Run Behavior\BuildLiteBehavior [ RunTime:0.000019s ]
INFO: [ app_init ] --END-- [ RunTime:0.000713s ]
INFO: [ app_begin ] --START--
INFO: Run Behavior\ReadHtmlCacheBehavior [ RunTime:0.000986s ]
INFO: [ app_begin ] --END-- [ RunTime:0.001063s ]
INFO: [ view_parse ] --START--
INFO: [ template_filter ] --START--
INFO: Run Behavior\ContentReplaceBehavior [ RunTime:0.000024s ]
INFO: [ template_filter ] --END-- [ RunTime:0.000053s ]
INFO: Run Behavior\ParseTemplateBehavior [ RunTime:0.004951s ]
INFO: [ view_parse ] --END-- [ RunTime:0.005000s ]
INFO: [ view_filter ] --START--
INFO: Run Behavior\WriteHtmlCacheBehavior [ RunTime:0.000365s ]
INFO: [ view_filter ] --END-- [ RunTime:0.000393s ]
INFO: [ app_end ] --START--
INFO: Run Behavior\ShowPageTraceBehavior [ RunTime:0.000510s ]
INFO: [ app_end ] --END-- [ RunTime:0.000537s ]

[ 2018-03-05T22:30:24+08:00 ] ::1 /university/admin.php/exercise/info?name=%E5%88%9A%E5%88%9A+%E5%98%8E%E5%98%8E%E5%98%8E
INFO: [ app_init ] --START--
INFO: Run Behavior\BuildLiteBehavior [ RunTime:0.000015s ]
INFO: [ app_init ] --END-- [ RunTime:0.000651s ]
INFO: [ app_begin ] --START--
INFO: Run Behavior\ReadHtmlCacheBehavior [ RunTime:0.000765s ]
INFO: [ app_begin ] --END-- [ RunTime:0.000824s ]
INFO: [ view_parse ] --START--
INFO: [ template_filter ] --START--
INFO: Run Behavior\ContentReplaceBehavior [ RunTime:0.000035s ]
INFO: [ template_filter ] --END-- [ RunTime:0.000084s ]
INFO: Run Behavior\ParseTemplateBehavior [ RunTime:0.005935s ]
INFO: [ view_parse ] --END-- [ RunTime:0.005993s ]
INFO: [ view_filter ] --START--
INFO: Run Behavior\WriteHtmlCacheBehavior [ RunTime:0.000548s ]
INFO: [ view_filter ] --END-- [ RunTime:0.000594s ]
INFO: [ app_end ] --START--
INFO: Run Behavior\ShowPageTraceBehavior [ RunTime:0.000786s ]
INFO: [ app_end ] --END-- [ RunTime:0.000831s ]

[ 2018-03-05T22:30:24+08:00 ] ::1 /university/admin.php/exercise/info?name=%E5%88%9A%E5%88%9A+%E5%98%8E%E5%98%8E%E5%98%8E
INFO: [ app_init ] --START--
INFO: Run Behavior\BuildLiteBehavior [ RunTime:0.000024s ]
INFO: [ app_init ] --END-- [ RunTime:0.000878s ]
INFO: [ app_begin ] --START--
INFO: Run Behavior\ReadHtmlCacheBehavior [ RunTime:0.001222s ]
INFO: [ app_begin ] --END-- [ RunTime:0.001316s ]
INFO: [ view_parse ] --START--
INFO: [ template_filter ] --START--
INFO: Run Behavior\ContentReplaceBehavior [ RunTime:0.000031s ]
INFO: [ template_filter ] --END-- [ RunTime:0.000072s ]
INFO: Run Behavior\ParseTemplateBehavior [ RunTime:0.007389s ]
INFO: [ view_parse ] --END-- [ RunTime:0.007458s ]
INFO: [ view_filter ] --START--
INFO: Run Behavior\WriteHtmlCacheBehavior [ RunTime:0.000464s ]
INFO: [ view_filter ] --END-- [ RunTime:0.000500s ]
INFO: [ app_end ] --START--
INFO: Run Behavior\ShowPageTraceBehavior [ RunTime:0.000664s ]
INFO: [ app_end ] --END-- [ RunTime:0.000701s ]

[ 2018-03-05T22:30:24+08:00 ] ::1 /university/admin.php/exercise/info?name=%E5%88%9A%E5%88%9A+%E5%98%8E%E5%98%8E%E5%98%8E
INFO: [ app_init ] --START--
INFO: Run Behavior\BuildLiteBehavior [ RunTime:0.000013s ]
INFO: [ app_init ] --END-- [ RunTime:0.000472s ]
INFO: [ app_begin ] --START--
INFO: Run Behavior\ReadHtmlCacheBehavior [ RunTime:0.000643s ]
INFO: [ app_begin ] --END-- [ RunTime:0.000694s ]
INFO: [ view_parse ] --START--
INFO: [ template_filter ] --START--
INFO: Run Behavior\ContentReplaceBehavior [ RunTime:0.000033s ]
INFO: [ template_filter ] --END-- [ RunTime:0.000077s ]
INFO: Run Behavior\ParseTemplateBehavior [ RunTime:0.005269s ]
INFO: [ view_parse ] --END-- [ RunTime:0.005321s ]
INFO: [ view_filter ] --START--
INFO: Run Behavior\WriteHtmlCacheBehavior [ RunTime:0.000462s ]
INFO: [ view_filter ] --END-- [ RunTime:0.000503s ]
INFO: [ app_end ] --START--
INFO: Run Behavior\ShowPageTraceBehavior [ RunTime:0.000671s ]
INFO: [ app_end ] --END-- [ RunTime:0.000713s ]

[ 2018-03-05T22:30:24+08:00 ] ::1 /university/admin.php/exercise/info?name=%E5%88%9A%E5%88%9A+%E5%98%8E%E5%98%8E%E5%98%8E
INFO: [ app_init ] --START--
INFO: Run Behavior\BuildLiteBehavior [ RunTime:0.000010s ]
INFO: [ app_init ] --END-- [ RunTime:0.000333s ]
INFO: [ app_begin ] --START--
INFO: Run Behavior\ReadHtmlCacheBehavior [ RunTime:0.000450s ]
INFO: [ app_begin ] --END-- [ RunTime:0.000490s ]
INFO: [ view_parse ] --START--
INFO: [ template_filter ] --START--
INFO: Run Behavior\ContentReplaceBehavior [ RunTime:0.000025s ]
INFO: [ template_filter ] --END-- [ RunTime:0.000056s ]
INFO: Run Behavior\ParseTemplateBehavior [ RunTime:0.003562s ]
INFO: [ view_parse ] --END-- [ RunTime:0.003597s ]
INFO: [ view_filter ] --START--
INFO: Run Behavior\WriteHtmlCacheBehavior [ RunTime:0.000286s ]
INFO: [ view_filter ] --END-- [ RunTime:0.000313s ]
INFO: [ app_end ] --START--
INFO: Run Behavior\ShowPageTraceBehavior [ RunTime:0.000434s ]
INFO: [ app_end ] --END-- [ RunTime:0.000462s ]

[ 2018-03-05T22:30:25+08:00 ] ::1 /university/admin.php/exercise/info?name=%E5%88%9A%E5%88%9A+%E5%98%8E%E5%98%8E%E5%98%8E
INFO: [ app_init ] --START--
INFO: Run Behavior\BuildLiteBehavior [ RunTime:0.000022s ]
INFO: [ app_init ] --END-- [ RunTime:0.000841s ]
INFO: [ app_begin ] --START--
INFO: Run Behavior\ReadHtmlCacheBehavior [ RunTime:0.001073s ]
INFO: [ app_begin ] --END-- [ RunTime:0.001160s ]
INFO: [ view_parse ] --START--
INFO: [ template_filter ] --START--
INFO: Run Behavior\ContentReplaceBehavior [ RunTime:0.000031s ]
INFO: [ template_filter ] --END-- [ RunTime:0.000074s ]
INFO: Run Behavior\ParseTemplateBehavior [ RunTime:0.006825s ]
INFO: [ view_parse ] --END-- [ RunTime:0.006879s ]
INFO: [ view_filter ] --START--
INFO: Run Behavior\WriteHtmlCacheBehavior [ RunTime:0.000370s ]
INFO: [ view_filter ] --END-- [ RunTime:0.000399s ]
INFO: [ app_end ] --START--
INFO: Run Behavior\ShowPageTraceBehavior [ RunTime:0.000510s ]
INFO: [ app_end ] --END-- [ RunTime:0.000539s ]

[ 2018-03-05T22:30:25+08:00 ] ::1 /university/admin.php/exercise/info?name=%E5%88%9A%E5%88%9A+%E5%98%8E%E5%98%8E%E5%98%8E
INFO: [ app_init ] --START--
INFO: Run Behavior\BuildLiteBehavior [ RunTime:0.000015s ]
INFO: [ app_init ] --END-- [ RunTime:0.000512s ]
INFO: [ app_begin ] --START--
INFO: Run Behavior\ReadHtmlCacheBehavior [ RunTime:0.000550s ]
INFO: [ app_begin ] --END-- [ RunTime:0.000590s ]
INFO: [ view_parse ] --START--
INFO: [ template_filter ] --START--
INFO: Run Behavior\ContentReplaceBehavior [ RunTime:0.000026s ]
INFO: [ template_filter ] --END-- [ RunTime:0.000056s ]
INFO: Run Behavior\ParseTemplateBehavior [ RunTime:0.003882s ]
INFO: [ view_parse ] --END-- [ RunTime:0.003917s ]
INFO: [ view_filter ] --START--
INFO: Run Behavior\WriteHtmlCacheBehavior [ RunTime:0.000381s ]
INFO: [ view_filter ] --END-- [ RunTime:0.000409s ]
INFO: [ app_end ] --START--
INFO: Run Behavior\ShowPageTraceBehavior [ RunTime:0.000511s ]
INFO: [ app_end ] --END-- [ RunTime:0.000539s ]

[ 2018-03-05T22:30:31+08:00 ] ::1 /university/admin.php/exercise/info?name=%E5%B8%86%E5%B8%86%E5%B8%86%E5%B8%86
INFO: [ app_init ] --START--
INFO: Run Behavior\BuildLiteBehavior [ RunTime:0.000012s ]
INFO: [ app_init ] --END-- [ RunTime:0.000437s ]
INFO: [ app_begin ] --START--
INFO: Run Behavior\ReadHtmlCacheBehavior [ RunTime:0.000573s ]
INFO: [ app_begin ] --END-- [ RunTime:0.000629s ]
INFO: [ view_parse ] --START--
INFO: [ template_filter ] --START--
INFO: Run Behavior\ContentReplaceBehavior [ RunTime:0.000033s ]
INFO: [ template_filter ] --END-- [ RunTime:0.000076s ]
INFO: Run Behavior\ParseTemplateBehavior [ RunTime:0.004987s ]
INFO: [ view_parse ] --END-- [ RunTime:0.005036s ]
INFO: [ view_filter ] --START--
INFO: Run Behavior\WriteHtmlCacheBehavior [ RunTime:0.000474s ]
INFO: [ view_filter ] --END-- [ RunTime:0.000514s ]
INFO: [ app_end ] --START--
INFO: Run Behavior\ShowPageTraceBehavior [ RunTime:0.000671s ]
INFO: [ app_end ] --END-- [ RunTime:0.000708s ]

[ 2018-03-05T22:30:36+08:00 ] ::1 /university/admin.php/exercise/info?name=235
INFO: [ app_init ] --START--
INFO: Run Behavior\BuildLiteBehavior [ RunTime:0.000012s ]
INFO: [ app_init ] --END-- [ RunTime:0.000430s ]
INFO: [ app_begin ] --START--
INFO: Run Behavior\ReadHtmlCacheBehavior [ RunTime:0.000660s ]
INFO: [ app_begin ] --END-- [ RunTime:0.000708s ]
INFO: [ view_parse ] --START--
INFO: [ template_filter ] --START--
INFO: Run Behavior\ContentReplaceBehavior [ RunTime:0.000031s ]
INFO: [ template_filter ] --END-- [ RunTime:0.000071s ]
INFO: Run Behavior\ParseTemplateBehavior [ RunTime:0.004984s ]
INFO: [ view_parse ] --END-- [ RunTime:0.005034s ]
INFO: [ view_filter ] --START--
INFO: Run Behavior\WriteHtmlCacheBehavior [ RunTime:0.000475s ]
INFO: [ view_filter ] --END-- [ RunTime:0.000511s ]
INFO: [ app_end ] --START--
INFO: Run Behavior\ShowPageTraceBehavior [ RunTime:0.000669s ]
INFO: [ app_end ] --END-- [ RunTime:0.000706s ]

[ 2018-03-05T22:30:55+08:00 ] ::1 /university/admin.php/exercise/info?name=235
INFO: [ app_init ] --START--
INFO: Run Behavior\BuildLiteBehavior [ RunTime:0.000016s ]
INFO: [ app_init ] --END-- [ RunTime:0.000668s ]
INFO: [ app_begin ] --START--
INFO: Run Behavior\ReadHtmlCacheBehavior [ RunTime:0.000902s ]
INFO: [ app_begin ] --END-- [ RunTime:0.000968s ]
INFO: [ view_parse ] --START--
INFO: [ template_filter ] --START--
INFO: Run Behavior\ContentReplaceBehavior [ RunTime:0.000030s ]
INFO: [ template_filter ] --END-- [ RunTime:0.000073s ]
INFO: Run Behavior\ParseTemplateBehavior [ RunTime:0.005673s ]
INFO: [ view_parse ] --END-- [ RunTime:0.005723s ]
INFO: [ view_filter ] --START--
INFO: Run Behavior\WriteHtmlCacheBehavior [ RunTime:0.000411s ]
INFO: [ view_filter ] --END-- [ RunTime:0.000447s ]
INFO: [ app_end ] --START--
INFO: Run Behavior\ShowPageTraceBehavior [ RunTime:0.000509s ]
INFO: [ app_end ] --END-- [ RunTime:0.000537s ]

[ 2018-03-05T22:30:56+08:00 ] ::1 /university/admin.php/exercise/info?name=235
INFO: [ app_init ] --START--
INFO: Run Behavior\BuildLiteBehavior [ RunTime:0.000009s ]
INFO: [ app_init ] --END-- [ RunTime:0.000315s ]
INFO: [ app_begin ] --START--
INFO: Run Behavior\ReadHtmlCacheBehavior [ RunTime:0.000443s ]
INFO: [ app_begin ] --END-- [ RunTime:0.000477s ]
INFO: [ view_parse ] --START--
INFO: [ template_filter ] --START--
INFO: Run Behavior\ContentReplaceBehavior [ RunTime:0.000038s ]
INFO: [ template_filter ] --END-- [ RunTime:0.000096s ]
INFO: Run Behavior\ParseTemplateBehavior [ RunTime:0.003998s ]
INFO: [ view_parse ] --END-- [ RunTime:0.004046s ]
INFO: [ view_filter ] --START--
INFO: Run Behavior\WriteHtmlCacheBehavior [ RunTime:0.000365s ]
INFO: [ view_filter ] --END-- [ RunTime:0.000407s ]
INFO: [ app_end ] --START--
INFO: Run Behavior\ShowPageTraceBehavior [ RunTime:0.000638s ]
INFO: [ app_end ] --END-- [ RunTime:0.000690s ]

[ 2018-03-05T22:30:56+08:00 ] ::1 /university/admin.php/exercise/info?name=235
INFO: [ app_init ] --START--
INFO: Run Behavior\BuildLiteBehavior [ RunTime:0.000023s ]
INFO: [ app_init ] --END-- [ RunTime:0.000871s ]
INFO: [ app_begin ] --START--
INFO: Run Behavior\ReadHtmlCacheBehavior [ RunTime:0.001235s ]
INFO: [ app_begin ] --END-- [ RunTime:0.001333s ]
INFO: [ view_parse ] --START--
INFO: [ template_filter ] --START--
INFO: Run Behavior\ContentReplaceBehavior [ RunTime:0.000034s ]
INFO: [ template_filter ] --END-- [ RunTime:0.000076s ]
INFO: Run Behavior\ParseTemplateBehavior [ RunTime:0.007650s ]
INFO: [ view_parse ] --END-- [ RunTime:0.007717s ]
INFO: [ view_filter ] --START--
INFO: Run Behavior\WriteHtmlCacheBehavior [ RunTime:0.000432s ]
INFO: [ view_filter ] --END-- [ RunTime:0.000469s ]
INFO: [ app_end ] --START--
INFO: Run Behavior\ShowPageTraceBehavior [ RunTime:0.000609s ]
INFO: [ app_end ] --END-- [ RunTime:0.000648s ]

[ 2018-03-05T22:30:56+08:00 ] ::1 /university/admin.php/exercise/info?name=235
INFO: [ app_init ] --START--
INFO: Run Behavior\BuildLiteBehavior [ RunTime:0.000020s ]
INFO: [ app_init ] --END-- [ RunTime:0.000737s ]
INFO: [ app_begin ] --START--
INFO: Run Behavior\ReadHtmlCacheBehavior [ RunTime:0.000963s ]
INFO: [ app_begin ] --END-- [ RunTime:0.001034s ]
INFO: [ view_parse ] --START--
INFO: [ template_filter ] --START--
INFO: Run Behavior\ContentReplaceBehavior [ RunTime:0.000048s ]
INFO: [ template_filter ] --END-- [ RunTime:0.000117s ]
INFO: Run Behavior\ParseTemplateBehavior [ RunTime:0.007808s ]
INFO: [ view_parse ] --END-- [ RunTime:0.007892s ]
INFO: [ view_filter ] --START--
INFO: Run Behavior\WriteHtmlCacheBehavior [ RunTime:0.000662s ]
INFO: [ view_filter ] --END-- [ RunTime:0.000720s ]
INFO: [ app_end ] --START--
INFO: Run Behavior\ShowPageTraceBehavior [ RunTime:0.000984s ]
INFO: [ app_end ] --END-- [ RunTime:0.001045s ]

[ 2018-03-05T22:30:56+08:00 ] ::1 /university/admin.php/exercise/info?name=235
INFO: [ app_init ] --START--
INFO: Run Behavior\BuildLiteBehavior [ RunTime:0.000024s ]
INFO: [ app_init ] --END-- [ RunTime:0.000911s ]
INFO: [ app_begin ] --START--
INFO: Run Behavior\ReadHtmlCacheBehavior [ RunTime:0.001193s ]
INFO: [ app_begin ] --END-- [ RunTime:0.001281s ]
INFO: [ view_parse ] --START--
INFO: [ template_filter ] --START--
INFO: Run Behavior\ContentReplaceBehavior [ RunTime:0.000057s ]
INFO: [ template_filter ] --END-- [ RunTime:0.000143s ]
INFO: Run Behavior\ParseTemplateBehavior [ RunTime:0.009667s ]
INFO: [ view_parse ] --END-- [ RunTime:0.009762s ]
INFO: [ view_filter ] --START--
INFO: Run Behavior\WriteHtmlCacheBehavior [ RunTime:0.000846s ]
INFO: [ view_filter ] --END-- [ RunTime:0.000918s ]
INFO: [ app_end ] --START--
INFO: Run Behavior\ShowPageTraceBehavior [ RunTime:0.001255s ]
INFO: [ app_end ] --END-- [ RunTime:0.001328s ]

[ 2018-03-05T22:30:58+08:00 ] ::1 /university/admin.php/exercise/info?name=235
INFO: [ app_init ] --START--
INFO: Run Behavior\BuildLiteBehavior [ RunTime:0.000008s ]
INFO: [ app_init ] --END-- [ RunTime:0.000382s ]
INFO: [ app_begin ] --START--
INFO: Run Behavior\ReadHtmlCacheBehavior [ RunTime:0.000495s ]
INFO: [ app_begin ] --END-- [ RunTime:0.000554s ]
INFO: [ view_parse ] --START--
INFO: [ template_filter ] --START--
INFO: Run Behavior\ContentReplaceBehavior [ RunTime:0.000027s ]
INFO: [ template_filter ] --END-- [ RunTime:0.000062s ]
INFO: Run Behavior\ParseTemplateBehavior [ RunTime:0.003989s ]
INFO: [ view_parse ] --END-- [ RunTime:0.004025s ]
INFO: [ view_filter ] --START--
INFO: Run Behavior\WriteHtmlCacheBehavior [ RunTime:0.000369s ]
INFO: [ view_filter ] --END-- [ RunTime:0.000396s ]
INFO: [ app_end ] --START--
INFO: Run Behavior\ShowPageTraceBehavior [ RunTime:0.000553s ]
INFO: [ app_end ] --END-- [ RunTime:0.000581s ]

[ 2018-03-05T22:31:02+08:00 ] ::1 /university/admin.php/exercise/info?name=235
INFO: [ app_init ] --START--
INFO: Run Behavior\BuildLiteBehavior [ RunTime:0.000011s ]
INFO: [ app_init ] --END-- [ RunTime:0.000413s ]
INFO: [ app_begin ] --START--
INFO: Run Behavior\ReadHtmlCacheBehavior [ RunTime:0.000562s ]
INFO: [ app_begin ] --END-- [ RunTime:0.000608s ]
INFO: [ view_parse ] --START--
INFO: [ template_filter ] --START--
INFO: Run Behavior\ContentReplaceBehavior [ RunTime:0.000034s ]
INFO: [ template_filter ] --END-- [ RunTime:0.000079s ]
INFO: Run Behavior\ParseTemplateBehavior [ RunTime:0.004871s ]
INFO: [ view_parse ] --END-- [ RunTime:0.004915s ]
INFO: [ view_filter ] --START--
INFO: Run Behavior\WriteHtmlCacheBehavior [ RunTime:0.000406s ]
INFO: [ view_filter ] --END-- [ RunTime:0.000434s ]
INFO: [ app_end ] --START--
INFO: Run Behavior\ShowPageTraceBehavior [ RunTime:0.000549s ]
INFO: [ app_end ] --END-- [ RunTime:0.000580s ]

[ 2018-03-05T22:31:07+08:00 ] ::1 /university/admin.php/exercise/info?name=235
INFO: [ app_init ] --START--
INFO: Run Behavior\BuildLiteBehavior [ RunTime:0.000012s ]
INFO: [ app_init ] --END-- [ RunTime:0.000504s ]
INFO: [ app_begin ] --START--
INFO: Run Behavior\ReadHtmlCacheBehavior [ RunTime:0.000609s ]
INFO: [ app_begin ] --END-- [ RunTime:0.000659s ]
INFO: [ view_parse ] --START--
INFO: [ template_filter ] --START--
INFO: Run Behavior\ContentReplaceBehavior [ RunTime:0.000035s ]
INFO: [ template_filter ] --END-- [ RunTime:0.000081s ]
INFO: Run Behavior\ParseTemplateBehavior [ RunTime:0.005082s ]
INFO: [ view_parse ] --END-- [ RunTime:0.005130s ]
INFO: [ view_filter ] --START--
INFO: Run Behavior\WriteHtmlCacheBehavior [ RunTime:0.000469s ]
INFO: [ view_filter ] --END-- [ RunTime:0.000505s ]
INFO: [ app_end ] --START--
INFO: Run Behavior\ShowPageTraceBehavior [ RunTime:0.000659s ]
INFO: [ app_end ] --END-- [ RunTime:0.000699s ]

[ 2018-03-05T22:31:20+08:00 ] ::1 /university/admin.php/exercise/info
INFO: [ app_init ] --START--
INFO: Run Behavior\BuildLiteBehavior [ RunTime:0.000014s ]
INFO: [ app_init ] --END-- [ RunTime:0.000461s ]
INFO: [ app_begin ] --START--
INFO: Run Behavior\ReadHtmlCacheBehavior [ RunTime:0.000631s ]
INFO: [ app_begin ] --END-- [ RunTime:0.000695s ]
INFO: [ view_parse ] --START--
INFO: [ template_filter ] --START--
INFO: Run Behavior\ContentReplaceBehavior [ RunTime:0.000028s ]
INFO: [ template_filter ] --END-- [ RunTime:0.000068s ]
INFO: Run Behavior\ParseTemplateBehavior [ RunTime:0.004388s ]
INFO: [ view_parse ] --END-- [ RunTime:0.004429s ]
INFO: [ view_filter ] --START--
INFO: Run Behavior\WriteHtmlCacheBehavior [ RunTime:0.000359s ]
INFO: [ view_filter ] --END-- [ RunTime:0.000388s ]
INFO: [ app_end ] --START--
INFO: Run Behavior\ShowPageTraceBehavior [ RunTime:0.000464s ]
INFO: [ app_end ] --END-- [ RunTime:0.000492s ]

[ 2018-03-05T22:31:25+08:00 ] ::1 /university/admin.php/exercise/info
INFO: [ app_init ] --START--
INFO: Run Behavior\BuildLiteBehavior [ RunTime:0.000011s ]
INFO: [ app_init ] --END-- [ RunTime:0.000501s ]
INFO: [ app_begin ] --START--
INFO: Run Behavior\ReadHtmlCacheBehavior [ RunTime:0.000651s ]
INFO: [ app_begin ] --END-- [ RunTime:0.000699s ]
INFO: [ view_parse ] --START--
INFO: [ template_filter ] --START--
INFO: Run Behavior\ContentReplaceBehavior [ RunTime:0.000037s ]
INFO: [ template_filter ] --END-- [ RunTime:0.000090s ]
INFO: Run Behavior\ParseTemplateBehavior [ RunTime:0.005099s ]
INFO: [ view_parse ] --END-- [ RunTime:0.005149s ]
INFO: [ view_filter ] --START--
INFO: Run Behavior\WriteHtmlCacheBehavior [ RunTime:0.000423s ]
INFO: [ view_filter ] --END-- [ RunTime:0.000459s ]
INFO: [ app_end ] --START--
INFO: Run Behavior\ShowPageTraceBehavior [ RunTime:0.000661s ]
INFO: [ app_end ] --END-- [ RunTime:0.000701s ]

[ 2018-03-05T22:31:39+08:00 ] ::1 /university/admin.php/exercise/info
INFO: [ app_init ] --START--
INFO: Run Behavior\BuildLiteBehavior [ RunTime:0.000020s ]
INFO: [ app_init ] --END-- [ RunTime:0.000706s ]
INFO: [ app_begin ] --START--
INFO: Run Behavior\ReadHtmlCacheBehavior [ RunTime:0.001109s ]
INFO: [ app_begin ] --END-- [ RunTime:0.001193s ]
INFO: [ view_parse ] --START--
INFO: [ template_filter ] --START--
INFO: Run Behavior\ContentReplaceBehavior [ RunTime:0.000029s ]
INFO: [ template_filter ] --END-- [ RunTime:0.000074s ]
INFO: Run Behavior\ParseTemplateBehavior [ RunTime:0.006344s ]
INFO: [ view_parse ] --END-- [ RunTime:0.006401s ]
INFO: [ view_filter ] --START--
INFO: Run Behavior\WriteHtmlCacheBehavior [ RunTime:0.000440s ]
INFO: [ view_filter ] --END-- [ RunTime:0.000468s ]
INFO: [ app_end ] --START--
INFO: Run Behavior\ShowPageTraceBehavior [ RunTime:0.000590s ]
INFO: [ app_end ] --END-- [ RunTime:0.000619s ]

[ 2018-03-05T22:31:43+08:00 ] ::1 /university/admin.php/exercise/info
INFO: [ app_init ] --START--
INFO: Run Behavior\BuildLiteBehavior [ RunTime:0.000013s ]
INFO: [ app_init ] --END-- [ RunTime:0.000463s ]
INFO: [ app_begin ] --START--
INFO: Run Behavior\ReadHtmlCacheBehavior [ RunTime:0.000681s ]
INFO: [ app_begin ] --END-- [ RunTime:0.000730s ]
INFO: [ view_parse ] --START--
INFO: [ template_filter ] --START--
INFO: Run Behavior\ContentReplaceBehavior [ RunTime:0.000032s ]
INFO: [ template_filter ] --END-- [ RunTime:0.000076s ]
INFO: Run Behavior\ParseTemplateBehavior [ RunTime:0.005072s ]
INFO: [ view_parse ] --END-- [ RunTime:0.005121s ]
INFO: [ view_filter ] --START--
INFO: Run Behavior\WriteHtmlCacheBehavior [ RunTime:0.000432s ]
INFO: [ view_filter ] --END-- [ RunTime:0.000468s ]
INFO: [ app_end ] --START--
INFO: Run Behavior\ShowPageTraceBehavior [ RunTime:0.000619s ]
INFO: [ app_end ] --END-- [ RunTime:0.000659s ]

