[ 2018-02-24T22:21:19+08:00 ] ::1 /university/admin.php
INFO: [ app_init ] --START--
INFO: Run Behavior\BuildLiteBehavior [ RunTime:0.000039s ]
INFO: [ app_init ] --END-- [ RunTime:0.031126s ]
INFO: [ app_begin ] --START--
INFO: Run Behavior\ReadHtmlCacheBehavior [ RunTime:0.015790s ]
INFO: [ app_begin ] --END-- [ RunTime:0.015982s ]
INFO: [ view_parse ] --START--
INFO: [ template_filter ] --START--
INFO: Run Behavior\ContentReplaceBehavior [ RunTime:0.017063s ]
INFO: [ template_filter ] --END-- [ RunTime:0.017242s ]
INFO: Run Behavior\ParseTemplateBehavior [ RunTime:0.108254s ]
INFO: [ view_parse ] --END-- [ RunTime:0.108402s ]
INFO: [ view_filter ] --START--
INFO: Run Behavior\WriteHtmlCacheBehavior [ RunTime:0.031742s ]
INFO: [ view_filter ] --END-- [ RunTime:0.031891s ]
INFO: [ app_end ] --START--
INFO: Run Behavior\ShowPageTraceBehavior [ RunTime:0.013779s ]
INFO: [ app_end ] --END-- [ RunTime:0.013931s ]

[ 2018-02-24T22:21:42+08:00 ] ::1 /university/admin.php/exercise
INFO: [ app_init ] --START--
INFO: Run Behavior\BuildLiteBehavior [ RunTime:0.000015s ]
INFO: [ app_init ] --END-- [ RunTime:0.000541s ]
INFO: [ app_begin ] --START--
INFO: Run Behavior\ReadHtmlCacheBehavior [ RunTime:0.002080s ]
INFO: [ app_begin ] --END-- [ RunTime:0.002249s ]
ERR: 无法加载控制器:Exercise

[ 2018-02-24T22:23:46+08:00 ] ::1 /university/admin.php/exercise
INFO: [ app_init ] --START--
INFO: Run Behavior\BuildLiteBehavior [ RunTime:0.000010s ]
INFO: [ app_init ] --END-- [ RunTime:0.000398s ]
INFO: [ app_begin ] --START--
INFO: Run Behavior\ReadHtmlCacheBehavior [ RunTime:0.000533s ]
INFO: [ app_begin ] --END-- [ RunTime:0.000575s ]
INFO: [ app_end ] --START--
INFO: Run Behavior\ShowPageTraceBehavior [ RunTime:0.000523s ]
INFO: [ app_end ] --END-- [ RunTime:0.000562s ]

[ 2018-02-24T22:25:50+08:00 ] ::1 /university/admin.php/exercise
INFO: [ app_init ] --START--
INFO: Run Behavior\BuildLiteBehavior [ RunTime:0.000038s ]
INFO: [ app_init ] --END-- [ RunTime:0.001688s ]
INFO: [ app_begin ] --START--
INFO: Run Behavior\ReadHtmlCacheBehavior [ RunTime:0.001961s ]
INFO: [ app_begin ] --END-- [ RunTime:0.002113s ]
NOTIC: [2] Constants may only evaluate to scalar values D:\xampps\htdocs\university\Application\Admin\Controller\ExerciseController.class.php 第 12 行.
NOTIC: [8] Use of undefined constant NAME - assumed 'NAME' D:\xampps\htdocs\university\Application\Admin\Controller\ExerciseController.class.php 第 13 行.
INFO: [ app_end ] --START--
INFO: Run Behavior\ShowPageTraceBehavior [ RunTime:0.002162s ]
INFO: [ app_end ] --END-- [ RunTime:0.002313s ]

[ 2018-02-24T22:26:27+08:00 ] ::1 /university/admin.php/exercise
INFO: [ app_init ] --START--
INFO: Run Behavior\BuildLiteBehavior [ RunTime:0.000035s ]
INFO: [ app_init ] --END-- [ RunTime:0.001426s ]
INFO: [ app_begin ] --START--
INFO: Run Behavior\ReadHtmlCacheBehavior [ RunTime:0.001649s ]
INFO: [ app_begin ] --END-- [ RunTime:0.001797s ]
NOTIC: [2] Constants may only evaluate to scalar values D:\xampps\htdocs\university\Application\Admin\Controller\ExerciseController.class.php 第 12 行.
NOTIC: [8] Use of undefined constant NAME - assumed 'NAME' D:\xampps\htdocs\university\Application\Admin\Controller\ExerciseController.class.php 第 13 行.
INFO: [ app_end ] --START--
INFO: Run Behavior\ShowPageTraceBehavior [ RunTime:0.001747s ]
INFO: [ app_end ] --END-- [ RunTime:0.001880s ]

[ 2018-02-24T22:26:58+08:00 ] ::1 /university/admin.php/exercise
INFO: [ app_init ] --START--
INFO: Run Behavior\BuildLiteBehavior [ RunTime:0.000016s ]
INFO: [ app_init ] --END-- [ RunTime:0.000598s ]
INFO: [ app_begin ] --START--
INFO: Run Behavior\ReadHtmlCacheBehavior [ RunTime:0.000697s ]
INFO: [ app_begin ] --END-- [ RunTime:0.000764s ]
NOTIC: [2] Constants may only evaluate to scalar values D:\xampps\htdocs\university\Application\Admin\Controller\ExerciseController.class.php 第 12 行.
NOTIC: [8] Use of undefined constant NAME - assumed 'NAME' D:\xampps\htdocs\university\Application\Admin\Controller\ExerciseController.class.php 第 13 行.
INFO: [ app_end ] --START--
INFO: Run Behavior\ShowPageTraceBehavior [ RunTime:0.000793s ]
INFO: [ app_end ] --END-- [ RunTime:0.000862s ]

[ 2018-02-24T22:26:59+08:00 ] ::1 /university/admin.php/exercise
INFO: [ app_init ] --START--
INFO: Run Behavior\BuildLiteBehavior [ RunTime:0.000035s ]
INFO: [ app_init ] --END-- [ RunTime:0.001400s ]
INFO: [ app_begin ] --START--
INFO: Run Behavior\ReadHtmlCacheBehavior [ RunTime:0.001706s ]
INFO: [ app_begin ] --END-- [ RunTime:0.001858s ]
NOTIC: [2] Constants may only evaluate to scalar values D:\xampps\htdocs\university\Application\Admin\Controller\ExerciseController.class.php 第 12 行.
NOTIC: [8] Use of undefined constant NAME - assumed 'NAME' D:\xampps\htdocs\university\Application\Admin\Controller\ExerciseController.class.php 第 13 行.
INFO: [ app_end ] --START--
INFO: Run Behavior\ShowPageTraceBehavior [ RunTime:0.001685s ]
INFO: [ app_end ] --END-- [ RunTime:0.001823s ]

[ 2018-02-24T22:27:00+08:00 ] ::1 /university/admin.php/exercise
INFO: [ app_init ] --START--
INFO: Run Behavior\BuildLiteBehavior [ RunTime:0.000034s ]
INFO: [ app_init ] --END-- [ RunTime:0.001383s ]
INFO: [ app_begin ] --START--
INFO: Run Behavior\ReadHtmlCacheBehavior [ RunTime:0.001646s ]
INFO: [ app_begin ] --END-- [ RunTime:0.001812s ]
NOTIC: [2] Constants may only evaluate to scalar values D:\xampps\htdocs\university\Application\Admin\Controller\ExerciseController.class.php 第 12 行.
NOTIC: [8] Use of undefined constant NAME - assumed 'NAME' D:\xampps\htdocs\university\Application\Admin\Controller\ExerciseController.class.php 第 13 行.
INFO: [ app_end ] --START--
INFO: Run Behavior\ShowPageTraceBehavior [ RunTime:0.001706s ]
INFO: [ app_end ] --END-- [ RunTime:0.002013s ]

[ 2018-02-24T22:27:00+08:00 ] ::1 /university/admin.php/exercise
INFO: [ app_init ] --START--
INFO: Run Behavior\BuildLiteBehavior [ RunTime:0.000022s ]
INFO: [ app_init ] --END-- [ RunTime:0.000844s ]
INFO: [ app_begin ] --START--
INFO: Run Behavior\ReadHtmlCacheBehavior [ RunTime:0.001082s ]
INFO: [ app_begin ] --END-- [ RunTime:0.001179s ]
NOTIC: [2] Constants may only evaluate to scalar values D:\xampps\htdocs\university\Application\Admin\Controller\ExerciseController.class.php 第 12 行.
NOTIC: [8] Use of undefined constant NAME - assumed 'NAME' D:\xampps\htdocs\university\Application\Admin\Controller\ExerciseController.class.php 第 13 行.
INFO: [ app_end ] --START--
INFO: Run Behavior\ShowPageTraceBehavior [ RunTime:0.001174s ]
INFO: [ app_end ] --END-- [ RunTime:0.001257s ]

[ 2018-02-24T22:27:00+08:00 ] ::1 /university/admin.php/exercise
INFO: [ app_init ] --START--
INFO: Run Behavior\BuildLiteBehavior [ RunTime:0.000041s ]
INFO: [ app_init ] --END-- [ RunTime:0.001413s ]
INFO: [ app_begin ] --START--
INFO: Run Behavior\ReadHtmlCacheBehavior [ RunTime:0.001605s ]
INFO: [ app_begin ] --END-- [ RunTime:0.001753s ]
NOTIC: [2] Constants may only evaluate to scalar values D:\xampps\htdocs\university\Application\Admin\Controller\ExerciseController.class.php 第 12 行.
NOTIC: [8] Use of undefined constant NAME - assumed 'NAME' D:\xampps\htdocs\university\Application\Admin\Controller\ExerciseController.class.php 第 13 行.
INFO: [ app_end ] --START--
INFO: Run Behavior\ShowPageTraceBehavior [ RunTime:0.001827s ]
INFO: [ app_end ] --END-- [ RunTime:0.001995s ]

[ 2018-02-24T22:27:00+08:00 ] ::1 /university/admin.php/exercise
INFO: [ app_init ] --START--
INFO: Run Behavior\BuildLiteBehavior [ RunTime:0.000037s ]
INFO: [ app_init ] --END-- [ RunTime:0.001383s ]
INFO: [ app_begin ] --START--
INFO: Run Behavior\ReadHtmlCacheBehavior [ RunTime:0.001839s ]
INFO: [ app_begin ] --END-- [ RunTime:0.002001s ]
NOTIC: [2] Constants may only evaluate to scalar values D:\xampps\htdocs\university\Application\Admin\Controller\ExerciseController.class.php 第 12 行.
NOTIC: [8] Use of undefined constant NAME - assumed 'NAME' D:\xampps\htdocs\university\Application\Admin\Controller\ExerciseController.class.php 第 13 行.
INFO: [ app_end ] --START--
INFO: Run Behavior\ShowPageTraceBehavior [ RunTime:0.001672s ]
INFO: [ app_end ] --END-- [ RunTime:0.001807s ]

[ 2018-02-24T22:27:00+08:00 ] ::1 /university/admin.php/exercise
INFO: [ app_init ] --START--
INFO: Run Behavior\BuildLiteBehavior [ RunTime:0.000034s ]
INFO: [ app_init ] --END-- [ RunTime:0.001435s ]
INFO: [ app_begin ] --START--
INFO: Run Behavior\ReadHtmlCacheBehavior [ RunTime:0.001875s ]
INFO: [ app_begin ] --END-- [ RunTime:0.002086s ]
NOTIC: [2] Constants may only evaluate to scalar values D:\xampps\htdocs\university\Application\Admin\Controller\ExerciseController.class.php 第 12 行.
NOTIC: [8] Use of undefined constant NAME - assumed 'NAME' D:\xampps\htdocs\university\Application\Admin\Controller\ExerciseController.class.php 第 13 行.
INFO: [ app_end ] --START--
INFO: Run Behavior\ShowPageTraceBehavior [ RunTime:0.001680s ]
INFO: [ app_end ] --END-- [ RunTime:0.001816s ]

[ 2018-02-24T22:27:00+08:00 ] ::1 /university/admin.php/exercise
INFO: [ app_init ] --START--
INFO: Run Behavior\BuildLiteBehavior [ RunTime:0.000022s ]
INFO: [ app_init ] --END-- [ RunTime:0.000868s ]
INFO: [ app_begin ] --START--
INFO: Run Behavior\ReadHtmlCacheBehavior [ RunTime:0.001248s ]
INFO: [ app_begin ] --END-- [ RunTime:0.001392s ]
NOTIC: [2] Constants may only evaluate to scalar values D:\xampps\htdocs\university\Application\Admin\Controller\ExerciseController.class.php 第 12 行.
NOTIC: [8] Use of undefined constant NAME - assumed 'NAME' D:\xampps\htdocs\university\Application\Admin\Controller\ExerciseController.class.php 第 13 行.
INFO: [ app_end ] --START--
INFO: Run Behavior\ShowPageTraceBehavior [ RunTime:0.001004s ]
INFO: [ app_end ] --END-- [ RunTime:0.001091s ]

[ 2018-02-24T22:27:01+08:00 ] ::1 /university/admin.php/exercise
INFO: [ app_init ] --START--
INFO: Run Behavior\BuildLiteBehavior [ RunTime:0.000023s ]
INFO: [ app_init ] --END-- [ RunTime:0.000874s ]
INFO: [ app_begin ] --START--
INFO: Run Behavior\ReadHtmlCacheBehavior [ RunTime:0.001010s ]
INFO: [ app_begin ] --END-- [ RunTime:0.001102s ]
NOTIC: [2] Constants may only evaluate to scalar values D:\xampps\htdocs\university\Application\Admin\Controller\ExerciseController.class.php 第 12 行.
NOTIC: [8] Use of undefined constant NAME - assumed 'NAME' D:\xampps\htdocs\university\Application\Admin\Controller\ExerciseController.class.php 第 13 行.
INFO: [ app_end ] --START--
INFO: Run Behavior\ShowPageTraceBehavior [ RunTime:0.001124s ]
INFO: [ app_end ] --END-- [ RunTime:0.001207s ]

[ 2018-02-24T22:27:21+08:00 ] ::1 /university/admin.php/exercise
INFO: [ app_init ] --START--
INFO: Run Behavior\BuildLiteBehavior [ RunTime:0.000037s ]
INFO: [ app_init ] --END-- [ RunTime:0.001379s ]
INFO: [ app_begin ] --START--
INFO: Run Behavior\ReadHtmlCacheBehavior [ RunTime:0.001651s ]
INFO: [ app_begin ] --END-- [ RunTime:0.001804s ]
NOTIC: [2] Constants may only evaluate to scalar values D:\xampps\htdocs\university\Application\Admin\Controller\ExerciseController.class.php 第 12 行.
NOTIC: [8] Use of undefined constant NAME - assumed 'NAME' D:\xampps\htdocs\university\Application\Admin\Controller\ExerciseController.class.php 第 13 行.
NOTIC: [8] Use of undefined constant NAME - assumed 'NAME' D:\xampps\htdocs\university\Application\Admin\Controller\ExerciseController.class.php 第 14 行.
INFO: [ app_end ] --START--
INFO: Run Behavior\ShowPageTraceBehavior [ RunTime:0.001691s ]
INFO: [ app_end ] --END-- [ RunTime:0.001821s ]

[ 2018-02-24T22:28:01+08:00 ] ::1 /university/admin.php/exercise
INFO: [ app_init ] --START--
INFO: Run Behavior\BuildLiteBehavior [ RunTime:0.000042s ]
INFO: [ app_init ] --END-- [ RunTime:0.001536s ]
INFO: [ app_begin ] --START--
INFO: Run Behavior\ReadHtmlCacheBehavior [ RunTime:0.002030s ]
INFO: [ app_begin ] --END-- [ RunTime:0.002198s ]
NOTIC: [2] Constants may only evaluate to scalar values D:\xampps\htdocs\university\Application\Admin\Controller\ExerciseController.class.php 第 12 行.
NOTIC: [8] Use of undefined constant NAME - assumed 'NAME' D:\xampps\htdocs\university\Application\Admin\Controller\ExerciseController.class.php 第 13 行.
NOTIC: [8] Use of undefined constant NAME - assumed 'NAME' D:\xampps\htdocs\university\Application\Admin\Controller\ExerciseController.class.php 第 14 行.
INFO: [ app_end ] --START--
INFO: Run Behavior\ShowPageTraceBehavior [ RunTime:0.002078s ]
INFO: [ app_end ] --END-- [ RunTime:0.002219s ]

[ 2018-02-24T22:28:01+08:00 ] ::1 /university/admin.php/exercise
INFO: [ app_init ] --START--
INFO: Run Behavior\BuildLiteBehavior [ RunTime:0.000037s ]
INFO: [ app_init ] --END-- [ RunTime:0.001386s ]
INFO: [ app_begin ] --START--
INFO: Run Behavior\ReadHtmlCacheBehavior [ RunTime:0.001612s ]
INFO: [ app_begin ] --END-- [ RunTime:0.001762s ]
NOTIC: [2] Constants may only evaluate to scalar values D:\xampps\htdocs\university\Application\Admin\Controller\ExerciseController.class.php 第 12 行.
NOTIC: [8] Use of undefined constant NAME - assumed 'NAME' D:\xampps\htdocs\university\Application\Admin\Controller\ExerciseController.class.php 第 13 行.
NOTIC: [8] Use of undefined constant NAME - assumed 'NAME' D:\xampps\htdocs\university\Application\Admin\Controller\ExerciseController.class.php 第 14 行.
INFO: [ app_end ] --START--
INFO: Run Behavior\ShowPageTraceBehavior [ RunTime:0.001734s ]
INFO: [ app_end ] --END-- [ RunTime:0.001871s ]

[ 2018-02-24T22:28:01+08:00 ] ::1 /university/admin.php/exercise
INFO: [ app_init ] --START--
INFO: Run Behavior\BuildLiteBehavior [ RunTime:0.000025s ]
INFO: [ app_init ] --END-- [ RunTime:0.000961s ]
INFO: [ app_begin ] --START--
INFO: Run Behavior\ReadHtmlCacheBehavior [ RunTime:0.001105s ]
INFO: [ app_begin ] --END-- [ RunTime:0.001208s ]
NOTIC: [2] Constants may only evaluate to scalar values D:\xampps\htdocs\university\Application\Admin\Controller\ExerciseController.class.php 第 12 行.
NOTIC: [8] Use of undefined constant NAME - assumed 'NAME' D:\xampps\htdocs\university\Application\Admin\Controller\ExerciseController.class.php 第 13 行.
NOTIC: [8] Use of undefined constant NAME - assumed 'NAME' D:\xampps\htdocs\university\Application\Admin\Controller\ExerciseController.class.php 第 14 行.
INFO: [ app_end ] --START--
INFO: Run Behavior\ShowPageTraceBehavior [ RunTime:0.001218s ]
INFO: [ app_end ] --END-- [ RunTime:0.001308s ]

[ 2018-02-24T22:28:02+08:00 ] ::1 /university/admin.php/exercise
INFO: [ app_init ] --START--
INFO: Run Behavior\BuildLiteBehavior [ RunTime:0.000034s ]
INFO: [ app_init ] --END-- [ RunTime:0.001445s ]
INFO: [ app_begin ] --START--
INFO: Run Behavior\ReadHtmlCacheBehavior [ RunTime:0.001912s ]
INFO: [ app_begin ] --END-- [ RunTime:0.002110s ]
NOTIC: [2] Constants may only evaluate to scalar values D:\xampps\htdocs\university\Application\Admin\Controller\ExerciseController.class.php 第 12 行.
NOTIC: [8] Use of undefined constant NAME - assumed 'NAME' D:\xampps\htdocs\university\Application\Admin\Controller\ExerciseController.class.php 第 13 行.
NOTIC: [8] Use of undefined constant NAME - assumed 'NAME' D:\xampps\htdocs\university\Application\Admin\Controller\ExerciseController.class.php 第 14 行.
INFO: [ app_end ] --START--
INFO: Run Behavior\ShowPageTraceBehavior [ RunTime:0.001701s ]
INFO: [ app_end ] --END-- [ RunTime:0.001838s ]

[ 2018-02-24T22:28:02+08:00 ] ::1 /university/admin.php/exercise
INFO: [ app_init ] --START--
INFO: Run Behavior\BuildLiteBehavior [ RunTime:0.000023s ]
INFO: [ app_init ] --END-- [ RunTime:0.000871s ]
INFO: [ app_begin ] --START--
INFO: Run Behavior\ReadHtmlCacheBehavior [ RunTime:0.001100s ]
INFO: [ app_begin ] --END-- [ RunTime:0.001228s ]
NOTIC: [2] Constants may only evaluate to scalar values D:\xampps\htdocs\university\Application\Admin\Controller\ExerciseController.class.php 第 12 行.
NOTIC: [8] Use of undefined constant NAME - assumed 'NAME' D:\xampps\htdocs\university\Application\Admin\Controller\ExerciseController.class.php 第 13 行.
NOTIC: [8] Use of undefined constant NAME - assumed 'NAME' D:\xampps\htdocs\university\Application\Admin\Controller\ExerciseController.class.php 第 14 行.
INFO: [ app_end ] --START--
INFO: Run Behavior\ShowPageTraceBehavior [ RunTime:0.001980s ]
INFO: [ app_end ] --END-- [ RunTime:0.002135s ]

[ 2018-02-24T22:28:14+08:00 ] ::1 /university/admin.php/exercise
INFO: [ app_init ] --START--
INFO: Run Behavior\BuildLiteBehavior [ RunTime:0.000036s ]
INFO: [ app_init ] --END-- [ RunTime:0.001387s ]
INFO: [ app_begin ] --START--
INFO: Run Behavior\ReadHtmlCacheBehavior [ RunTime:0.001623s ]
INFO: [ app_begin ] --END-- [ RunTime:0.001779s ]
NOTIC: [2] Constants may only evaluate to scalar values D:\xampps\htdocs\university\Application\Admin\Controller\ExerciseController.class.php 第 12 行.
NOTIC: [8] Use of undefined constant NAME - assumed 'NAME' D:\xampps\htdocs\university\Application\Admin\Controller\ExerciseController.class.php 第 13 行.
NOTIC: [8] Use of undefined constant NAME - assumed 'NAME' D:\xampps\htdocs\university\Application\Admin\Controller\ExerciseController.class.php 第 14 行.
INFO: [ app_end ] --START--
INFO: Run Behavior\ShowPageTraceBehavior [ RunTime:0.001712s ]
INFO: [ app_end ] --END-- [ RunTime:0.001846s ]

[ 2018-02-24T22:28:14+08:00 ] ::1 /university/admin.php/exercise
INFO: [ app_init ] --START--
INFO: Run Behavior\BuildLiteBehavior [ RunTime:0.000023s ]
INFO: [ app_init ] --END-- [ RunTime:0.000883s ]
INFO: [ app_begin ] --START--
INFO: Run Behavior\ReadHtmlCacheBehavior [ RunTime:0.001046s ]
INFO: [ app_begin ] --END-- [ RunTime:0.001152s ]
NOTIC: [2] Constants may only evaluate to scalar values D:\xampps\htdocs\university\Application\Admin\Controller\ExerciseController.class.php 第 12 行.
NOTIC: [8] Use of undefined constant NAME - assumed 'NAME' D:\xampps\htdocs\university\Application\Admin\Controller\ExerciseController.class.php 第 13 行.
NOTIC: [8] Use of undefined constant NAME - assumed 'NAME' D:\xampps\htdocs\university\Application\Admin\Controller\ExerciseController.class.php 第 14 行.
INFO: [ app_end ] --START--
INFO: Run Behavior\ShowPageTraceBehavior [ RunTime:0.000999s ]
INFO: [ app_end ] --END-- [ RunTime:0.001080s ]

[ 2018-02-24T22:28:14+08:00 ] ::1 /university/admin.php/exercise
INFO: [ app_init ] --START--
INFO: Run Behavior\BuildLiteBehavior [ RunTime:0.000037s ]
INFO: [ app_init ] --END-- [ RunTime:0.001433s ]
INFO: [ app_begin ] --START--
INFO: Run Behavior\ReadHtmlCacheBehavior [ RunTime:0.001759s ]
INFO: [ app_begin ] --END-- [ RunTime:0.001934s ]
NOTIC: [2] Constants may only evaluate to scalar values D:\xampps\htdocs\university\Application\Admin\Controller\ExerciseController.class.php 第 12 行.
NOTIC: [8] Use of undefined constant NAME - assumed 'NAME' D:\xampps\htdocs\university\Application\Admin\Controller\ExerciseController.class.php 第 13 行.
NOTIC: [8] Use of undefined constant NAME - assumed 'NAME' D:\xampps\htdocs\university\Application\Admin\Controller\ExerciseController.class.php 第 14 行.
INFO: [ app_end ] --START--
INFO: Run Behavior\ShowPageTraceBehavior [ RunTime:0.001723s ]
INFO: [ app_end ] --END-- [ RunTime:0.001861s ]

[ 2018-02-24T22:28:14+08:00 ] ::1 /university/admin.php/exercise
INFO: [ app_init ] --START--
INFO: Run Behavior\BuildLiteBehavior [ RunTime:0.000022s ]
INFO: [ app_init ] --END-- [ RunTime:0.000852s ]
INFO: [ app_begin ] --START--
INFO: Run Behavior\ReadHtmlCacheBehavior [ RunTime:0.001651s ]
INFO: [ app_begin ] --END-- [ RunTime:0.001783s ]
NOTIC: [2] Constants may only evaluate to scalar values D:\xampps\htdocs\university\Application\Admin\Controller\ExerciseController.class.php 第 12 行.
NOTIC: [8] Use of undefined constant NAME - assumed 'NAME' D:\xampps\htdocs\university\Application\Admin\Controller\ExerciseController.class.php 第 13 行.
NOTIC: [8] Use of undefined constant NAME - assumed 'NAME' D:\xampps\htdocs\university\Application\Admin\Controller\ExerciseController.class.php 第 14 行.
INFO: [ app_end ] --START--
INFO: Run Behavior\ShowPageTraceBehavior [ RunTime:0.001716s ]
INFO: [ app_end ] --END-- [ RunTime:0.001849s ]

[ 2018-02-24T22:28:45+08:00 ] ::1 /university/admin.php/exercise
INFO: [ app_init ] --START--
INFO: Run Behavior\BuildLiteBehavior [ RunTime:0.000040s ]
INFO: [ app_init ] --END-- [ RunTime:0.001392s ]
INFO: [ app_begin ] --START--
INFO: Run Behavior\ReadHtmlCacheBehavior [ RunTime:0.001631s ]
INFO: [ app_begin ] --END-- [ RunTime:0.001787s ]
NOTIC: [2] Constants may only evaluate to scalar values D:\xampps\htdocs\university\Application\Admin\Controller\ExerciseController.class.php 第 12 行.
NOTIC: [8] Use of undefined constant NAME - assumed 'NAME' D:\xampps\htdocs\university\Application\Admin\Controller\ExerciseController.class.php 第 13 行.
NOTIC: [8] Use of undefined constant NAME - assumed 'NAME' D:\xampps\htdocs\university\Application\Admin\Controller\ExerciseController.class.php 第 14 行.
INFO: [ app_end ] --START--
INFO: Run Behavior\ShowPageTraceBehavior [ RunTime:0.001674s ]
INFO: [ app_end ] --END-- [ RunTime:0.001805s ]

[ 2018-02-24T22:28:45+08:00 ] ::1 /university/admin.php/exercise
INFO: [ app_init ] --START--
INFO: Run Behavior\BuildLiteBehavior [ RunTime:0.000035s ]
INFO: [ app_init ] --END-- [ RunTime:0.001465s ]
INFO: [ app_begin ] --START--
INFO: Run Behavior\ReadHtmlCacheBehavior [ RunTime:0.001666s ]
INFO: [ app_begin ] --END-- [ RunTime:0.001858s ]
NOTIC: [2] Constants may only evaluate to scalar values D:\xampps\htdocs\university\Application\Admin\Controller\ExerciseController.class.php 第 12 行.
NOTIC: [8] Use of undefined constant NAME - assumed 'NAME' D:\xampps\htdocs\university\Application\Admin\Controller\ExerciseController.class.php 第 13 行.
NOTIC: [8] Use of undefined constant NAME - assumed 'NAME' D:\xampps\htdocs\university\Application\Admin\Controller\ExerciseController.class.php 第 14 行.
INFO: [ app_end ] --START--
INFO: Run Behavior\ShowPageTraceBehavior [ RunTime:0.001669s ]
INFO: [ app_end ] --END-- [ RunTime:0.001801s ]

[ 2018-02-24T22:28:45+08:00 ] ::1 /university/admin.php/exercise
INFO: [ app_init ] --START--
INFO: Run Behavior\BuildLiteBehavior [ RunTime:0.000041s ]
INFO: [ app_init ] --END-- [ RunTime:0.001384s ]
INFO: [ app_begin ] --START--
INFO: Run Behavior\ReadHtmlCacheBehavior [ RunTime:0.001775s ]
INFO: [ app_begin ] --END-- [ RunTime:0.001936s ]
NOTIC: [2] Constants may only evaluate to scalar values D:\xampps\htdocs\university\Application\Admin\Controller\ExerciseController.class.php 第 12 行.
NOTIC: [8] Use of undefined constant NAME - assumed 'NAME' D:\xampps\htdocs\university\Application\Admin\Controller\ExerciseController.class.php 第 13 行.
NOTIC: [8] Use of undefined constant NAME - assumed 'NAME' D:\xampps\htdocs\university\Application\Admin\Controller\ExerciseController.class.php 第 14 行.
INFO: [ app_end ] --START--
INFO: Run Behavior\ShowPageTraceBehavior [ RunTime:0.001697s ]
INFO: [ app_end ] --END-- [ RunTime:0.001831s ]

[ 2018-02-24T22:28:45+08:00 ] ::1 /university/admin.php/exercise
INFO: [ app_init ] --START--
INFO: Run Behavior\BuildLiteBehavior [ RunTime:0.000022s ]
INFO: [ app_init ] --END-- [ RunTime:0.000792s ]
INFO: [ app_begin ] --START--
INFO: Run Behavior\ReadHtmlCacheBehavior [ RunTime:0.001005s ]
INFO: [ app_begin ] --END-- [ RunTime:0.001101s ]
NOTIC: [2] Constants may only evaluate to scalar values D:\xampps\htdocs\university\Application\Admin\Controller\ExerciseController.class.php 第 12 行.
NOTIC: [8] Use of undefined constant NAME - assumed 'NAME' D:\xampps\htdocs\university\Application\Admin\Controller\ExerciseController.class.php 第 13 行.
NOTIC: [8] Use of undefined constant NAME - assumed 'NAME' D:\xampps\htdocs\university\Application\Admin\Controller\ExerciseController.class.php 第 14 行.
INFO: [ app_end ] --START--
INFO: Run Behavior\ShowPageTraceBehavior [ RunTime:0.001020s ]
INFO: [ app_end ] --END-- [ RunTime:0.001100s ]

[ 2018-02-24T22:29:07+08:00 ] ::1 /university/admin.php/exercise
INFO: [ app_init ] --START--
INFO: Run Behavior\BuildLiteBehavior [ RunTime:0.000023s ]
INFO: [ app_init ] --END-- [ RunTime:0.000860s ]
INFO: [ app_begin ] --START--
INFO: Run Behavior\ReadHtmlCacheBehavior [ RunTime:0.001064s ]
INFO: [ app_begin ] --END-- [ RunTime:0.001164s ]
NOTIC: [2] Constants may only evaluate to scalar values D:\xampps\htdocs\university\Application\Admin\Controller\ExerciseController.class.php 第 12 行.
NOTIC: [8] Use of undefined constant NAMES - assumed 'NAMES' D:\xampps\htdocs\university\Application\Admin\Controller\ExerciseController.class.php 第 13 行.
NOTIC: [8] Use of undefined constant NAMES - assumed 'NAMES' D:\xampps\htdocs\university\Application\Admin\Controller\ExerciseController.class.php 第 14 行.
INFO: [ app_end ] --START--
INFO: Run Behavior\ShowPageTraceBehavior [ RunTime:0.001098s ]
INFO: [ app_end ] --END-- [ RunTime:0.001181s ]

[ 2018-02-24T22:29:07+08:00 ] ::1 /university/admin.php/exercise
INFO: [ app_init ] --START--
INFO: Run Behavior\BuildLiteBehavior [ RunTime:0.000036s ]
INFO: [ app_init ] --END-- [ RunTime:0.001406s ]
INFO: [ app_begin ] --START--
INFO: Run Behavior\ReadHtmlCacheBehavior [ RunTime:0.001695s ]
INFO: [ app_begin ] --END-- [ RunTime:0.001847s ]
NOTIC: [2] Constants may only evaluate to scalar values D:\xampps\htdocs\university\Application\Admin\Controller\ExerciseController.class.php 第 12 行.
NOTIC: [8] Use of undefined constant NAMES - assumed 'NAMES' D:\xampps\htdocs\university\Application\Admin\Controller\ExerciseController.class.php 第 13 行.
NOTIC: [8] Use of undefined constant NAMES - assumed 'NAMES' D:\xampps\htdocs\university\Application\Admin\Controller\ExerciseController.class.php 第 14 行.
INFO: [ app_end ] --START--
INFO: Run Behavior\ShowPageTraceBehavior [ RunTime:0.001643s ]
INFO: [ app_end ] --END-- [ RunTime:0.001781s ]

[ 2018-02-24T22:29:08+08:00 ] ::1 /university/admin.php/exercise
INFO: [ app_init ] --START--
INFO: Run Behavior\BuildLiteBehavior [ RunTime:0.000037s ]
INFO: [ app_init ] --END-- [ RunTime:0.001396s ]
INFO: [ app_begin ] --START--
INFO: Run Behavior\ReadHtmlCacheBehavior [ RunTime:0.001670s ]
INFO: [ app_begin ] --END-- [ RunTime:0.001827s ]
NOTIC: [2] Constants may only evaluate to scalar values D:\xampps\htdocs\university\Application\Admin\Controller\ExerciseController.class.php 第 12 行.
NOTIC: [8] Use of undefined constant NAMES - assumed 'NAMES' D:\xampps\htdocs\university\Application\Admin\Controller\ExerciseController.class.php 第 13 行.
NOTIC: [8] Use of undefined constant NAMES - assumed 'NAMES' D:\xampps\htdocs\university\Application\Admin\Controller\ExerciseController.class.php 第 14 行.
INFO: [ app_end ] --START--
INFO: Run Behavior\ShowPageTraceBehavior [ RunTime:0.001650s ]
INFO: [ app_end ] --END-- [ RunTime:0.001783s ]

[ 2018-02-24T22:29:08+08:00 ] ::1 /university/admin.php/exercise
INFO: [ app_init ] --START--
INFO: Run Behavior\BuildLiteBehavior [ RunTime:0.000036s ]
INFO: [ app_init ] --END-- [ RunTime:0.001399s ]
INFO: [ app_begin ] --START--
INFO: Run Behavior\ReadHtmlCacheBehavior [ RunTime:0.001761s ]
INFO: [ app_begin ] --END-- [ RunTime:0.001951s ]
NOTIC: [2] Constants may only evaluate to scalar values D:\xampps\htdocs\university\Application\Admin\Controller\ExerciseController.class.php 第 12 行.
NOTIC: [8] Use of undefined constant NAMES - assumed 'NAMES' D:\xampps\htdocs\university\Application\Admin\Controller\ExerciseController.class.php 第 13 行.
NOTIC: [8] Use of undefined constant NAMES - assumed 'NAMES' D:\xampps\htdocs\university\Application\Admin\Controller\ExerciseController.class.php 第 14 行.
INFO: [ app_end ] --START--
INFO: Run Behavior\ShowPageTraceBehavior [ RunTime:0.002018s ]
INFO: [ app_end ] --END-- [ RunTime:0.002152s ]

[ 2018-02-24T22:29:08+08:00 ] ::1 /university/admin.php/exercise
INFO: [ app_init ] --START--
INFO: Run Behavior\BuildLiteBehavior [ RunTime:0.000023s ]
INFO: [ app_init ] --END-- [ RunTime:0.000863s ]
INFO: [ app_begin ] --START--
INFO: Run Behavior\ReadHtmlCacheBehavior [ RunTime:0.001166s ]
INFO: [ app_begin ] --END-- [ RunTime:0.001263s ]
NOTIC: [2] Constants may only evaluate to scalar values D:\xampps\htdocs\university\Application\Admin\Controller\ExerciseController.class.php 第 12 行.
NOTIC: [8] Use of undefined constant NAMES - assumed 'NAMES' D:\xampps\htdocs\university\Application\Admin\Controller\ExerciseController.class.php 第 13 行.
NOTIC: [8] Use of undefined constant NAMES - assumed 'NAMES' D:\xampps\htdocs\university\Application\Admin\Controller\ExerciseController.class.php 第 14 行.
INFO: [ app_end ] --START--
INFO: Run Behavior\ShowPageTraceBehavior [ RunTime:0.001103s ]
INFO: [ app_end ] --END-- [ RunTime:0.001186s ]

[ 2018-02-24T22:29:08+08:00 ] ::1 /university/admin.php/exercise
INFO: [ app_init ] --START--
INFO: Run Behavior\BuildLiteBehavior [ RunTime:0.000024s ]
INFO: [ app_init ] --END-- [ RunTime:0.000874s ]
INFO: [ app_begin ] --START--
INFO: Run Behavior\ReadHtmlCacheBehavior [ RunTime:0.001019s ]
INFO: [ app_begin ] --END-- [ RunTime:0.001117s ]
NOTIC: [2] Constants may only evaluate to scalar values D:\xampps\htdocs\university\Application\Admin\Controller\ExerciseController.class.php 第 12 行.
NOTIC: [8] Use of undefined constant NAMES - assumed 'NAMES' D:\xampps\htdocs\university\Application\Admin\Controller\ExerciseController.class.php 第 13 行.
NOTIC: [8] Use of undefined constant NAMES - assumed 'NAMES' D:\xampps\htdocs\university\Application\Admin\Controller\ExerciseController.class.php 第 14 行.
INFO: [ app_end ] --START--
INFO: Run Behavior\ShowPageTraceBehavior [ RunTime:0.001156s ]
INFO: [ app_end ] --END-- [ RunTime:0.001244s ]

[ 2018-02-24T22:29:09+08:00 ] ::1 /university/admin.php/exercise
INFO: [ app_init ] --START--
INFO: Run Behavior\BuildLiteBehavior [ RunTime:0.000036s ]
INFO: [ app_init ] --END-- [ RunTime:0.001374s ]
INFO: [ app_begin ] --START--
INFO: Run Behavior\ReadHtmlCacheBehavior [ RunTime:0.001665s ]
INFO: [ app_begin ] --END-- [ RunTime:0.001819s ]
NOTIC: [2] Constants may only evaluate to scalar values D:\xampps\htdocs\university\Application\Admin\Controller\ExerciseController.class.php 第 12 行.
NOTIC: [8] Use of undefined constant NAMES - assumed 'NAMES' D:\xampps\htdocs\university\Application\Admin\Controller\ExerciseController.class.php 第 13 行.
NOTIC: [8] Use of undefined constant NAMES - assumed 'NAMES' D:\xampps\htdocs\university\Application\Admin\Controller\ExerciseController.class.php 第 14 行.
INFO: [ app_end ] --START--
INFO: Run Behavior\ShowPageTraceBehavior [ RunTime:0.001679s ]
INFO: [ app_end ] --END-- [ RunTime:0.001814s ]

[ 2018-02-24T22:29:27+08:00 ] ::1 /university/admin.php/exercise
INFO: [ app_init ] --START--
INFO: Run Behavior\BuildLiteBehavior [ RunTime:0.000036s ]
INFO: [ app_init ] --END-- [ RunTime:0.001400s ]
INFO: [ app_begin ] --START--
INFO: Run Behavior\ReadHtmlCacheBehavior [ RunTime:0.001706s ]
INFO: [ app_begin ] --END-- [ RunTime:0.001859s ]
NOTIC: [2] Constants may only evaluate to scalar values D:\xampps\htdocs\university\Application\Admin\Controller\ExerciseController.class.php 第 12 行.
NOTIC: [8] Use of undefined constant NAMESE - assumed 'NAMESE' D:\xampps\htdocs\university\Application\Admin\Controller\ExerciseController.class.php 第 13 行.
NOTIC: [8] Use of undefined constant NAMESE - assumed 'NAMESE' D:\xampps\htdocs\university\Application\Admin\Controller\ExerciseController.class.php 第 14 行.
INFO: [ app_end ] --START--
INFO: Run Behavior\ShowPageTraceBehavior [ RunTime:0.001794s ]
INFO: [ app_end ] --END-- [ RunTime:0.001931s ]

[ 2018-02-24T22:29:39+08:00 ] ::1 /university/admin.php/exercise
INFO: [ app_init ] --START--
INFO: Run Behavior\BuildLiteBehavior [ RunTime:0.000024s ]
INFO: [ app_init ] --END-- [ RunTime:0.000945s ]
INFO: [ app_begin ] --START--
INFO: Run Behavior\ReadHtmlCacheBehavior [ RunTime:0.001098s ]
INFO: [ app_begin ] --END-- [ RunTime:0.001199s ]
NOTIC: [2] Constants may only evaluate to scalar values D:\xampps\htdocs\university\Application\Admin\Controller\ExerciseController.class.php 第 12 行.
NOTIC: [8] Use of undefined constant NAMESE - assumed 'NAMESE' D:\xampps\htdocs\university\Application\Admin\Controller\ExerciseController.class.php 第 13 行.
NOTIC: [8] Use of undefined constant NAMESE - assumed 'NAMESE' D:\xampps\htdocs\university\Application\Admin\Controller\ExerciseController.class.php 第 14 行.
INFO: [ app_end ] --START--
INFO: Run Behavior\ShowPageTraceBehavior [ RunTime:0.001115s ]
INFO: [ app_end ] --END-- [ RunTime:0.001203s ]

[ 2018-02-24T22:30:05+08:00 ] ::1 /university/admin.php/exercise
INFO: [ app_init ] --START--
INFO: Run Behavior\BuildLiteBehavior [ RunTime:0.000037s ]
INFO: [ app_init ] --END-- [ RunTime:0.001601s ]
INFO: [ app_begin ] --START--
INFO: Run Behavior\ReadHtmlCacheBehavior [ RunTime:0.002000s ]
INFO: [ app_begin ] --END-- [ RunTime:0.002153s ]
NOTIC: [2] Constants may only evaluate to scalar values D:\xampps\htdocs\university\Application\Admin\Controller\ExerciseController.class.php 第 12 行.
NOTIC: [8] Use of undefined constant wow - assumed 'wow' D:\xampps\htdocs\university\Application\Admin\Controller\ExerciseController.class.php 第 13 行.
NOTIC: [8] Use of undefined constant wow - assumed 'wow' D:\xampps\htdocs\university\Application\Admin\Controller\ExerciseController.class.php 第 14 行.
INFO: [ app_end ] --START--
INFO: Run Behavior\ShowPageTraceBehavior [ RunTime:0.002072s ]
INFO: [ app_end ] --END-- [ RunTime:0.002204s ]

[ 2018-02-24T22:30:05+08:00 ] ::1 /university/admin.php/exercise
INFO: [ app_init ] --START--
INFO: Run Behavior\BuildLiteBehavior [ RunTime:0.000036s ]
INFO: [ app_init ] --END-- [ RunTime:0.001404s ]
INFO: [ app_begin ] --START--
INFO: Run Behavior\ReadHtmlCacheBehavior [ RunTime:0.001930s ]
INFO: [ app_begin ] --END-- [ RunTime:0.002134s ]
NOTIC: [2] Constants may only evaluate to scalar values D:\xampps\htdocs\university\Application\Admin\Controller\ExerciseController.class.php 第 12 行.
NOTIC: [8] Use of undefined constant wow - assumed 'wow' D:\xampps\htdocs\university\Application\Admin\Controller\ExerciseController.class.php 第 13 行.
NOTIC: [8] Use of undefined constant wow - assumed 'wow' D:\xampps\htdocs\university\Application\Admin\Controller\ExerciseController.class.php 第 14 行.
INFO: [ app_end ] --START--
INFO: Run Behavior\ShowPageTraceBehavior [ RunTime:0.001682s ]
INFO: [ app_end ] --END-- [ RunTime:0.001814s ]

[ 2018-02-24T22:30:06+08:00 ] ::1 /university/admin.php/exercise
INFO: [ app_init ] --START--
INFO: Run Behavior\BuildLiteBehavior [ RunTime:0.000023s ]
INFO: [ app_init ] --END-- [ RunTime:0.000866s ]
INFO: [ app_begin ] --START--
INFO: Run Behavior\ReadHtmlCacheBehavior [ RunTime:0.001059s ]
INFO: [ app_begin ] --END-- [ RunTime:0.001155s ]
NOTIC: [2] Constants may only evaluate to scalar values D:\xampps\htdocs\university\Application\Admin\Controller\ExerciseController.class.php 第 12 行.
NOTIC: [8] Use of undefined constant wow - assumed 'wow' D:\xampps\htdocs\university\Application\Admin\Controller\ExerciseController.class.php 第 13 行.
NOTIC: [8] Use of undefined constant wow - assumed 'wow' D:\xampps\htdocs\university\Application\Admin\Controller\ExerciseController.class.php 第 14 行.
INFO: [ app_end ] --START--
INFO: Run Behavior\ShowPageTraceBehavior [ RunTime:0.001059s ]
INFO: [ app_end ] --END-- [ RunTime:0.001145s ]

[ 2018-02-24T22:30:06+08:00 ] ::1 /university/admin.php/exercise
INFO: [ app_init ] --START--
INFO: Run Behavior\BuildLiteBehavior [ RunTime:0.000037s ]
INFO: [ app_init ] --END-- [ RunTime:0.001446s ]
INFO: [ app_begin ] --START--
INFO: Run Behavior\ReadHtmlCacheBehavior [ RunTime:0.001638s ]
INFO: [ app_begin ] --END-- [ RunTime:0.001795s ]
NOTIC: [2] Constants may only evaluate to scalar values D:\xampps\htdocs\university\Application\Admin\Controller\ExerciseController.class.php 第 12 行.
NOTIC: [8] Use of undefined constant wow - assumed 'wow' D:\xampps\htdocs\university\Application\Admin\Controller\ExerciseController.class.php 第 13 行.
NOTIC: [8] Use of undefined constant wow - assumed 'wow' D:\xampps\htdocs\university\Application\Admin\Controller\ExerciseController.class.php 第 14 行.
INFO: [ app_end ] --START--
INFO: Run Behavior\ShowPageTraceBehavior [ RunTime:0.001664s ]
INFO: [ app_end ] --END-- [ RunTime:0.001796s ]

[ 2018-02-24T22:30:06+08:00 ] ::1 /university/admin.php/exercise
INFO: [ app_init ] --START--
INFO: Run Behavior\BuildLiteBehavior [ RunTime:0.000026s ]
INFO: [ app_init ] --END-- [ RunTime:0.000924s ]
INFO: [ app_begin ] --START--
INFO: Run Behavior\ReadHtmlCacheBehavior [ RunTime:0.001081s ]
INFO: [ app_begin ] --END-- [ RunTime:0.001183s ]
NOTIC: [2] Constants may only evaluate to scalar values D:\xampps\htdocs\university\Application\Admin\Controller\ExerciseController.class.php 第 12 行.
NOTIC: [8] Use of undefined constant wow - assumed 'wow' D:\xampps\htdocs\university\Application\Admin\Controller\ExerciseController.class.php 第 13 行.
NOTIC: [8] Use of undefined constant wow - assumed 'wow' D:\xampps\htdocs\university\Application\Admin\Controller\ExerciseController.class.php 第 14 行.
INFO: [ app_end ] --START--
INFO: Run Behavior\ShowPageTraceBehavior [ RunTime:0.001179s ]
INFO: [ app_end ] --END-- [ RunTime:0.001268s ]

[ 2018-02-24T22:30:06+08:00 ] ::1 /university/admin.php/exercise
INFO: [ app_init ] --START--
INFO: Run Behavior\BuildLiteBehavior [ RunTime:0.000035s ]
INFO: [ app_init ] --END-- [ RunTime:0.001361s ]
INFO: [ app_begin ] --START--
INFO: Run Behavior\ReadHtmlCacheBehavior [ RunTime:0.001629s ]
INFO: [ app_begin ] --END-- [ RunTime:0.001786s ]
NOTIC: [2] Constants may only evaluate to scalar values D:\xampps\htdocs\university\Application\Admin\Controller\ExerciseController.class.php 第 12 行.
NOTIC: [8] Use of undefined constant wow - assumed 'wow' D:\xampps\htdocs\university\Application\Admin\Controller\ExerciseController.class.php 第 13 行.
NOTIC: [8] Use of undefined constant wow - assumed 'wow' D:\xampps\htdocs\university\Application\Admin\Controller\ExerciseController.class.php 第 14 行.
INFO: [ app_end ] --START--
INFO: Run Behavior\ShowPageTraceBehavior [ RunTime:0.001099s ]
INFO: [ app_end ] --END-- [ RunTime:0.001180s ]

[ 2018-02-24T22:30:54+08:00 ] ::1 /university/admin.php/exercise
INFO: [ app_init ] --START--
INFO: Run Behavior\BuildLiteBehavior [ RunTime:0.000036s ]
INFO: [ app_init ] --END-- [ RunTime:0.001404s ]
INFO: [ app_begin ] --START--
INFO: Run Behavior\ReadHtmlCacheBehavior [ RunTime:0.001659s ]
INFO: [ app_begin ] --END-- [ RunTime:0.001822s ]
NOTIC: [2] Constants may only evaluate to scalar values D:\xampps\htdocs\university\Application\Admin\Controller\ExerciseController.class.php 第 12 行.
NOTIC: [8] Use of undefined constant PERSON - assumed 'PERSON' D:\xampps\htdocs\university\Application\Admin\Controller\ExerciseController.class.php 第 14 行.
INFO: [ app_end ] --START--
INFO: Run Behavior\ShowPageTraceBehavior [ RunTime:0.001717s ]
INFO: [ app_end ] --END-- [ RunTime:0.001851s ]

[ 2018-02-24T22:30:55+08:00 ] ::1 /university/admin.php/exercise
INFO: [ app_init ] --START--
INFO: Run Behavior\BuildLiteBehavior [ RunTime:0.000023s ]
INFO: [ app_init ] --END-- [ RunTime:0.000863s ]
INFO: [ app_begin ] --START--
INFO: Run Behavior\ReadHtmlCacheBehavior [ RunTime:0.001012s ]
INFO: [ app_begin ] --END-- [ RunTime:0.001105s ]
NOTIC: [2] Constants may only evaluate to scalar values D:\xampps\htdocs\university\Application\Admin\Controller\ExerciseController.class.php 第 12 行.
NOTIC: [8] Use of undefined constant PERSON - assumed 'PERSON' D:\xampps\htdocs\university\Application\Admin\Controller\ExerciseController.class.php 第 14 行.
INFO: [ app_end ] --START--
INFO: Run Behavior\ShowPageTraceBehavior [ RunTime:0.001045s ]
INFO: [ app_end ] --END-- [ RunTime:0.001125s ]

[ 2018-02-24T22:30:55+08:00 ] ::1 /university/admin.php/exercise
INFO: [ app_init ] --START--
INFO: Run Behavior\BuildLiteBehavior [ RunTime:0.000039s ]
INFO: [ app_init ] --END-- [ RunTime:0.001678s ]
INFO: [ app_begin ] --START--
INFO: Run Behavior\ReadHtmlCacheBehavior [ RunTime:0.001665s ]
INFO: [ app_begin ] --END-- [ RunTime:0.001813s ]
NOTIC: [2] Constants may only evaluate to scalar values D:\xampps\htdocs\university\Application\Admin\Controller\ExerciseController.class.php 第 12 行.
NOTIC: [8] Use of undefined constant PERSON - assumed 'PERSON' D:\xampps\htdocs\university\Application\Admin\Controller\ExerciseController.class.php 第 14 行.
INFO: [ app_end ] --START--
INFO: Run Behavior\ShowPageTraceBehavior [ RunTime:0.001724s ]
INFO: [ app_end ] --END-- [ RunTime:0.001862s ]

[ 2018-02-24T22:30:55+08:00 ] ::1 /university/admin.php/exercise
INFO: [ app_init ] --START--
INFO: Run Behavior\BuildLiteBehavior [ RunTime:0.000024s ]
INFO: [ app_init ] --END-- [ RunTime:0.000963s ]
INFO: [ app_begin ] --START--
INFO: Run Behavior\ReadHtmlCacheBehavior [ RunTime:0.001136s ]
INFO: [ app_begin ] --END-- [ RunTime:0.001247s ]
NOTIC: [2] Constants may only evaluate to scalar values D:\xampps\htdocs\university\Application\Admin\Controller\ExerciseController.class.php 第 12 行.
NOTIC: [8] Use of undefined constant PERSON - assumed 'PERSON' D:\xampps\htdocs\university\Application\Admin\Controller\ExerciseController.class.php 第 14 行.
INFO: [ app_end ] --START--
INFO: Run Behavior\ShowPageTraceBehavior [ RunTime:0.001193s ]
INFO: [ app_end ] --END-- [ RunTime:0.001282s ]

[ 2018-02-24T22:30:56+08:00 ] ::1 /university/admin.php/exercise
INFO: [ app_init ] --START--
INFO: Run Behavior\BuildLiteBehavior [ RunTime:0.000022s ]
INFO: [ app_init ] --END-- [ RunTime:0.000934s ]
INFO: [ app_begin ] --START--
INFO: Run Behavior\ReadHtmlCacheBehavior [ RunTime:0.001379s ]
INFO: [ app_begin ] --END-- [ RunTime:0.001520s ]
NOTIC: [2] Constants may only evaluate to scalar values D:\xampps\htdocs\university\Application\Admin\Controller\ExerciseController.class.php 第 12 行.
NOTIC: [8] Use of undefined constant PERSON - assumed 'PERSON' D:\xampps\htdocs\university\Application\Admin\Controller\ExerciseController.class.php 第 14 行.
INFO: [ app_end ] --START--
INFO: Run Behavior\ShowPageTraceBehavior [ RunTime:0.001107s ]
INFO: [ app_end ] --END-- [ RunTime:0.001203s ]

[ 2018-02-24T22:30:56+08:00 ] ::1 /university/admin.php/exercise
INFO: [ app_init ] --START--
INFO: Run Behavior\BuildLiteBehavior [ RunTime:0.000036s ]
INFO: [ app_init ] --END-- [ RunTime:0.001308s ]
INFO: [ app_begin ] --START--
INFO: Run Behavior\ReadHtmlCacheBehavior [ RunTime:0.001641s ]
INFO: [ app_begin ] --END-- [ RunTime:0.001797s ]
NOTIC: [2] Constants may only evaluate to scalar values D:\xampps\htdocs\university\Application\Admin\Controller\ExerciseController.class.php 第 12 行.
NOTIC: [8] Use of undefined constant PERSON - assumed 'PERSON' D:\xampps\htdocs\university\Application\Admin\Controller\ExerciseController.class.php 第 14 行.
INFO: [ app_end ] --START--
INFO: Run Behavior\ShowPageTraceBehavior [ RunTime:0.001810s ]
INFO: [ app_end ] --END-- [ RunTime:0.001948s ]

[ 2018-02-24T22:30:56+08:00 ] ::1 /university/admin.php/exercise
INFO: [ app_init ] --START--
INFO: Run Behavior\BuildLiteBehavior [ RunTime:0.000023s ]
INFO: [ app_init ] --END-- [ RunTime:0.000803s ]
INFO: [ app_begin ] --START--
INFO: Run Behavior\ReadHtmlCacheBehavior [ RunTime:0.000624s ]
INFO: [ app_begin ] --END-- [ RunTime:0.000688s ]
NOTIC: [2] Constants may only evaluate to scalar values D:\xampps\htdocs\university\Application\Admin\Controller\ExerciseController.class.php 第 12 行.
NOTIC: [8] Use of undefined constant PERSON - assumed 'PERSON' D:\xampps\htdocs\university\Application\Admin\Controller\ExerciseController.class.php 第 14 行.
INFO: [ app_end ] --START--
INFO: Run Behavior\ShowPageTraceBehavior [ RunTime:0.000618s ]
INFO: [ app_end ] --END-- [ RunTime:0.000669s ]

