[ 2018-03-01T09:43:50+08:00 ] ::1 /university/admin.php/exercise/
INFO: [ app_init ] --START--
INFO: Run Behavior\BuildLiteBehavior [ RunTime:0.000039s ]
INFO: [ app_init ] --END-- [ RunTime:0.012664s ]
INFO: [ app_begin ] --START--
INFO: Run Behavior\ReadHtmlCacheBehavior [ RunTime:0.008755s ]
INFO: [ app_begin ] --END-- [ RunTime:0.008916s ]
NOTIC: [8] Constant MYSELF already defined D:\xampps\htdocs\university\Application\Admin\Controller\ExerciseController.class.php 第 19 行.
INFO: [ app_end ] --START--
INFO: Run Behavior\ShowPageTraceBehavior [ RunTime:0.003223s ]
INFO: [ app_end ] --END-- [ RunTime:0.003365s ]

[ 2018-03-01T09:43:51+08:00 ] ::1 /university/admin.php/exercise/
INFO: [ app_init ] --START--
INFO: Run Behavior\BuildLiteBehavior [ RunTime:0.000037s ]
INFO: [ app_init ] --END-- [ RunTime:0.001407s ]
INFO: [ app_begin ] --START--
INFO: Run Behavior\ReadHtmlCacheBehavior [ RunTime:0.001685s ]
INFO: [ app_begin ] --END-- [ RunTime:0.001837s ]
NOTIC: [8] Constant MYSELF already defined D:\xampps\htdocs\university\Application\Admin\Controller\ExerciseController.class.php 第 19 行.
INFO: [ app_end ] --START--
INFO: Run Behavior\ShowPageTraceBehavior [ RunTime:0.001888s ]
INFO: [ app_end ] --END-- [ RunTime:0.002065s ]

[ 2018-03-01T09:43:51+08:00 ] ::1 /university/admin.php/exercise/
INFO: [ app_init ] --START--
INFO: Run Behavior\BuildLiteBehavior [ RunTime:0.000035s ]
INFO: [ app_init ] --END-- [ RunTime:0.001460s ]
INFO: [ app_begin ] --START--
INFO: Run Behavior\ReadHtmlCacheBehavior [ RunTime:0.001958s ]
INFO: [ app_begin ] --END-- [ RunTime:0.002154s ]
NOTIC: [8] Constant MYSELF already defined D:\xampps\htdocs\university\Application\Admin\Controller\ExerciseController.class.php 第 19 行.
INFO: [ app_end ] --START--
INFO: Run Behavior\ShowPageTraceBehavior [ RunTime:0.001967s ]
INFO: [ app_end ] --END-- [ RunTime:0.002138s ]

[ 2018-03-01T09:43:52+08:00 ] ::1 /university/admin.php/exercise/
INFO: [ app_init ] --START--
INFO: Run Behavior\BuildLiteBehavior [ RunTime:0.000037s ]
INFO: [ app_init ] --END-- [ RunTime:0.001391s ]
INFO: [ app_begin ] --START--
INFO: Run Behavior\ReadHtmlCacheBehavior [ RunTime:0.001739s ]
INFO: [ app_begin ] --END-- [ RunTime:0.001905s ]
NOTIC: [8] Constant MYSELF already defined D:\xampps\htdocs\university\Application\Admin\Controller\ExerciseController.class.php 第 19 行.
INFO: [ app_end ] --START--
INFO: Run Behavior\ShowPageTraceBehavior [ RunTime:0.002071s ]
INFO: [ app_end ] --END-- [ RunTime:0.002281s ]

[ 2018-03-01T09:43:52+08:00 ] ::1 /university/admin.php/exercise/
INFO: [ app_init ] --START--
INFO: Run Behavior\BuildLiteBehavior [ RunTime:0.000039s ]
INFO: [ app_init ] --END-- [ RunTime:0.001856s ]
INFO: [ app_begin ] --START--
INFO: Run Behavior\ReadHtmlCacheBehavior [ RunTime:0.001660s ]
INFO: [ app_begin ] --END-- [ RunTime:0.001812s ]
NOTIC: [8] Constant MYSELF already defined D:\xampps\htdocs\university\Application\Admin\Controller\ExerciseController.class.php 第 19 行.
INFO: [ app_end ] --START--
INFO: Run Behavior\ShowPageTraceBehavior [ RunTime:0.001827s ]
INFO: [ app_end ] --END-- [ RunTime:0.001990s ]

[ 2018-03-01T09:43:52+08:00 ] ::1 /university/admin.php/exercise/
INFO: [ app_init ] --START--
INFO: Run Behavior\BuildLiteBehavior [ RunTime:0.000040s ]
INFO: [ app_init ] --END-- [ RunTime:0.001456s ]
INFO: [ app_begin ] --START--
INFO: Run Behavior\ReadHtmlCacheBehavior [ RunTime:0.001735s ]
INFO: [ app_begin ] --END-- [ RunTime:0.001899s ]
NOTIC: [8] Constant MYSELF already defined D:\xampps\htdocs\university\Application\Admin\Controller\ExerciseController.class.php 第 19 行.
INFO: [ app_end ] --START--
INFO: Run Behavior\ShowPageTraceBehavior [ RunTime:0.002432s ]
INFO: [ app_end ] --END-- [ RunTime:0.002625s ]

[ 2018-03-01T09:43:52+08:00 ] ::1 /university/admin.php/exercise/
INFO: [ app_init ] --START--
INFO: Run Behavior\BuildLiteBehavior [ RunTime:0.000036s ]
INFO: [ app_init ] --END-- [ RunTime:0.001390s ]
INFO: [ app_begin ] --START--
INFO: Run Behavior\ReadHtmlCacheBehavior [ RunTime:0.001720s ]
INFO: [ app_begin ] --END-- [ RunTime:0.001887s ]
NOTIC: [8] Constant MYSELF already defined D:\xampps\htdocs\university\Application\Admin\Controller\ExerciseController.class.php 第 19 行.
INFO: [ app_end ] --START--
INFO: Run Behavior\ShowPageTraceBehavior [ RunTime:0.001739s ]
INFO: [ app_end ] --END-- [ RunTime:0.001885s ]

[ 2018-03-01T10:29:08+08:00 ] ::1 /university/admin.php/exercise/
INFO: [ app_init ] --START--
INFO: Run Behavior\BuildLiteBehavior [ RunTime:0.000024s ]
INFO: [ app_init ] --END-- [ RunTime:0.000973s ]
INFO: [ app_begin ] --START--
INFO: Run Behavior\ReadHtmlCacheBehavior [ RunTime:0.001267s ]
INFO: [ app_begin ] --END-- [ RunTime:0.001361s ]
NOTIC: [8] Constant MYSELF already defined D:\xampps\htdocs\university\Application\Admin\Controller\ExerciseController.class.php 第 19 行.
INFO: [ app_end ] --START--
INFO: Run Behavior\ShowPageTraceBehavior [ RunTime:0.001257s ]
INFO: [ app_end ] --END-- [ RunTime:0.001342s ]

[ 2018-03-01T10:29:18+08:00 ] ::1 /university/admin.php/exercise/
INFO: [ app_init ] --START--
INFO: Run Behavior\BuildLiteBehavior [ RunTime:0.000023s ]
INFO: [ app_init ] --END-- [ RunTime:0.000824s ]
INFO: [ app_begin ] --START--
INFO: Run Behavior\ReadHtmlCacheBehavior [ RunTime:0.000972s ]
INFO: [ app_begin ] --END-- [ RunTime:0.001062s ]
NOTIC: [8] Constant MYSELF already defined D:\xampps\htdocs\university\Application\Admin\Controller\ExerciseController.class.php 第 19 行.
INFO: [ app_end ] --START--
INFO: Run Behavior\ShowPageTraceBehavior [ RunTime:0.001014s ]
INFO: [ app_end ] --END-- [ RunTime:0.001093s ]

[ 2018-03-01T10:29:25+08:00 ] ::1 /university/admin.php/exercise/
INFO: [ app_init ] --START--
INFO: Run Behavior\BuildLiteBehavior [ RunTime:0.000036s ]
INFO: [ app_init ] --END-- [ RunTime:0.001332s ]
INFO: [ app_begin ] --START--
INFO: Run Behavior\ReadHtmlCacheBehavior [ RunTime:0.001889s ]
INFO: [ app_begin ] --END-- [ RunTime:0.002078s ]
NOTIC: [8] Constant MYSELF already defined D:\xampps\htdocs\university\Application\Admin\Controller\ExerciseController.class.php 第 19 行.
INFO: [ app_end ] --START--
INFO: Run Behavior\ShowPageTraceBehavior [ RunTime:0.001774s ]
INFO: [ app_end ] --END-- [ RunTime:0.001912s ]

[ 2018-03-01T10:29:47+08:00 ] ::1 /university/admin.php/exercise/
INFO: [ app_init ] --START--
INFO: Run Behavior\BuildLiteBehavior [ RunTime:0.000037s ]
INFO: [ app_init ] --END-- [ RunTime:0.001406s ]
INFO: [ app_begin ] --START--
INFO: Run Behavior\ReadHtmlCacheBehavior [ RunTime:0.001638s ]
INFO: [ app_begin ] --END-- [ RunTime:0.001790s ]
NOTIC: [8] Constant MYSELF already defined D:\xampps\htdocs\university\Application\Admin\Controller\ExerciseController.class.php 第 19 行.
INFO: [ app_end ] --START--
INFO: Run Behavior\ShowPageTraceBehavior [ RunTime:0.001786s ]
INFO: [ app_end ] --END-- [ RunTime:0.002001s ]

[ 2018-03-01T10:29:48+08:00 ] ::1 /university/admin.php/exercise/
INFO: [ app_init ] --START--
INFO: Run Behavior\BuildLiteBehavior [ RunTime:0.000024s ]
INFO: [ app_init ] --END-- [ RunTime:0.000872s ]
INFO: [ app_begin ] --START--
INFO: Run Behavior\ReadHtmlCacheBehavior [ RunTime:0.001055s ]
INFO: [ app_begin ] --END-- [ RunTime:0.001153s ]
NOTIC: [8] Constant MYSELF already defined D:\xampps\htdocs\university\Application\Admin\Controller\ExerciseController.class.php 第 19 行.
INFO: [ app_end ] --START--
INFO: Run Behavior\ShowPageTraceBehavior [ RunTime:0.001138s ]
INFO: [ app_end ] --END-- [ RunTime:0.001228s ]

[ 2018-03-01T10:29:48+08:00 ] ::1 /university/admin.php/exercise/
INFO: [ app_init ] --START--
INFO: Run Behavior\BuildLiteBehavior [ RunTime:0.000037s ]
INFO: [ app_init ] --END-- [ RunTime:0.001400s ]
INFO: [ app_begin ] --START--
INFO: Run Behavior\ReadHtmlCacheBehavior [ RunTime:0.001622s ]
INFO: [ app_begin ] --END-- [ RunTime:0.001774s ]
NOTIC: [8] Constant MYSELF already defined D:\xampps\htdocs\university\Application\Admin\Controller\ExerciseController.class.php 第 19 行.
INFO: [ app_end ] --START--
INFO: Run Behavior\ShowPageTraceBehavior [ RunTime:0.001136s ]
INFO: [ app_end ] --END-- [ RunTime:0.001226s ]

[ 2018-03-01T10:29:48+08:00 ] ::1 /university/admin.php/exercise/
INFO: [ app_init ] --START--
INFO: Run Behavior\BuildLiteBehavior [ RunTime:0.000023s ]
INFO: [ app_init ] --END-- [ RunTime:0.000846s ]
INFO: [ app_begin ] --START--
INFO: Run Behavior\ReadHtmlCacheBehavior [ RunTime:0.001051s ]
INFO: [ app_begin ] --END-- [ RunTime:0.001153s ]
NOTIC: [8] Constant MYSELF already defined D:\xampps\htdocs\university\Application\Admin\Controller\ExerciseController.class.php 第 19 行.
INFO: [ app_end ] --START--
INFO: Run Behavior\ShowPageTraceBehavior [ RunTime:0.001086s ]
INFO: [ app_end ] --END-- [ RunTime:0.001172s ]

[ 2018-03-01T10:30:00+08:00 ] ::1 /university/admin.php/exercise/
INFO: [ app_init ] --START--
INFO: Run Behavior\BuildLiteBehavior [ RunTime:0.000053s ]
INFO: [ app_init ] --END-- [ RunTime:0.001912s ]
INFO: [ app_begin ] --START--
INFO: Run Behavior\ReadHtmlCacheBehavior [ RunTime:0.001715s ]
INFO: [ app_begin ] --END-- [ RunTime:0.001875s ]
NOTIC: [8] Constant MYSELF already defined D:\xampps\htdocs\university\Application\Admin\Controller\ExerciseController.class.php 第 19 行.
INFO: [ app_end ] --START--
INFO: Run Behavior\ShowPageTraceBehavior [ RunTime:0.001901s ]
INFO: [ app_end ] --END-- [ RunTime:0.002042s ]

[ 2018-03-01T10:30:00+08:00 ] ::1 /university/admin.php/exercise/
INFO: [ app_init ] --START--
INFO: Run Behavior\BuildLiteBehavior [ RunTime:0.000041s ]
INFO: [ app_init ] --END-- [ RunTime:0.001455s ]
INFO: [ app_begin ] --START--
INFO: Run Behavior\ReadHtmlCacheBehavior [ RunTime:0.002338s ]
INFO: [ app_begin ] --END-- [ RunTime:0.002512s ]
NOTIC: [8] Constant MYSELF already defined D:\xampps\htdocs\university\Application\Admin\Controller\ExerciseController.class.php 第 19 行.
INFO: [ app_end ] --START--
INFO: Run Behavior\ShowPageTraceBehavior [ RunTime:0.001704s ]
INFO: [ app_end ] --END-- [ RunTime:0.001843s ]

[ 2018-03-01T10:30:00+08:00 ] ::1 /university/admin.php/exercise/
INFO: [ app_init ] --START--
INFO: Run Behavior\BuildLiteBehavior [ RunTime:0.000057s ]
INFO: [ app_init ] --END-- [ RunTime:0.002143s ]
INFO: [ app_begin ] --START--
INFO: Run Behavior\ReadHtmlCacheBehavior [ RunTime:0.001782s ]
INFO: [ app_begin ] --END-- [ RunTime:0.001949s ]
NOTIC: [8] Constant MYSELF already defined D:\xampps\htdocs\university\Application\Admin\Controller\ExerciseController.class.php 第 19 行.
INFO: [ app_end ] --START--
INFO: Run Behavior\ShowPageTraceBehavior [ RunTime:0.002035s ]
INFO: [ app_end ] --END-- [ RunTime:0.002185s ]

[ 2018-03-01T10:30:00+08:00 ] ::1 /university/admin.php/exercise/
INFO: [ app_init ] --START--
INFO: Run Behavior\BuildLiteBehavior [ RunTime:0.000037s ]
INFO: [ app_init ] --END-- [ RunTime:0.001463s ]
INFO: [ app_begin ] --START--
INFO: Run Behavior\ReadHtmlCacheBehavior [ RunTime:0.001710s ]
INFO: [ app_begin ] --END-- [ RunTime:0.001867s ]
NOTIC: [8] Constant MYSELF already defined D:\xampps\htdocs\university\Application\Admin\Controller\ExerciseController.class.php 第 19 行.
INFO: [ app_end ] --START--
INFO: Run Behavior\ShowPageTraceBehavior [ RunTime:0.001737s ]
INFO: [ app_end ] --END-- [ RunTime:0.001874s ]

[ 2018-03-01T10:30:01+08:00 ] ::1 /university/admin.php/exercise/
INFO: [ app_init ] --START--
INFO: Run Behavior\BuildLiteBehavior [ RunTime:0.000041s ]
INFO: [ app_init ] --END-- [ RunTime:0.001564s ]
INFO: [ app_begin ] --START--
INFO: Run Behavior\ReadHtmlCacheBehavior [ RunTime:0.001667s ]
INFO: [ app_begin ] --END-- [ RunTime:0.001821s ]
NOTIC: [8] Constant MYSELF already defined D:\xampps\htdocs\university\Application\Admin\Controller\ExerciseController.class.php 第 19 行.
INFO: [ app_end ] --START--
INFO: Run Behavior\ShowPageTraceBehavior [ RunTime:0.001734s ]
INFO: [ app_end ] --END-- [ RunTime:0.001869s ]

[ 2018-03-01T10:30:49+08:00 ] ::1 /university/admin.php/exercise/
INFO: [ app_init ] --START--
INFO: Run Behavior\BuildLiteBehavior [ RunTime:0.000036s ]
INFO: [ app_init ] --END-- [ RunTime:0.001672s ]
INFO: [ app_begin ] --START--
INFO: Run Behavior\ReadHtmlCacheBehavior [ RunTime:0.001695s ]
INFO: [ app_begin ] --END-- [ RunTime:0.001861s ]
NOTIC: [8] Constant MYSELF already defined D:\xampps\htdocs\university\Application\Admin\Controller\ExerciseController.class.php 第 19 行.
INFO: [ app_end ] --START--
INFO: Run Behavior\ShowPageTraceBehavior [ RunTime:0.001856s ]
INFO: [ app_end ] --END-- [ RunTime:0.002005s ]

[ 2018-03-01T10:30:50+08:00 ] ::1 /university/admin.php/exercise/
INFO: [ app_init ] --START--
INFO: Run Behavior\BuildLiteBehavior [ RunTime:0.000046s ]
INFO: [ app_init ] --END-- [ RunTime:0.001640s ]
INFO: [ app_begin ] --START--
INFO: Run Behavior\ReadHtmlCacheBehavior [ RunTime:0.001676s ]
INFO: [ app_begin ] --END-- [ RunTime:0.001842s ]
NOTIC: [8] Constant MYSELF already defined D:\xampps\htdocs\university\Application\Admin\Controller\ExerciseController.class.php 第 19 行.
INFO: [ app_end ] --START--
INFO: Run Behavior\ShowPageTraceBehavior [ RunTime:0.001830s ]
INFO: [ app_end ] --END-- [ RunTime:0.001967s ]

[ 2018-03-01T10:31:20+08:00 ] ::1 /university/admin.php/exercise/
INFO: [ app_init ] --START--
INFO: Run Behavior\BuildLiteBehavior [ RunTime:0.000036s ]
INFO: [ app_init ] --END-- [ RunTime:0.001557s ]
INFO: [ app_begin ] --START--
INFO: Run Behavior\ReadHtmlCacheBehavior [ RunTime:0.002043s ]
INFO: [ app_begin ] --END-- [ RunTime:0.002216s ]
NOTIC: [8] Constant MYSELF already defined D:\xampps\htdocs\university\Application\Admin\Controller\ExerciseController.class.php 第 19 行.
INFO: [ app_end ] --START--
INFO: Run Behavior\ShowPageTraceBehavior [ RunTime:0.002074s ]
INFO: [ app_end ] --END-- [ RunTime:0.002212s ]

[ 2018-03-01T10:31:20+08:00 ] ::1 /university/admin.php/exercise/
INFO: [ app_init ] --START--
INFO: Run Behavior\BuildLiteBehavior [ RunTime:0.000038s ]
INFO: [ app_init ] --END-- [ RunTime:0.001400s ]
INFO: [ app_begin ] --START--
INFO: Run Behavior\ReadHtmlCacheBehavior [ RunTime:0.001691s ]
INFO: [ app_begin ] --END-- [ RunTime:0.001848s ]
NOTIC: [8] Constant MYSELF already defined D:\xampps\htdocs\university\Application\Admin\Controller\ExerciseController.class.php 第 19 行.
INFO: [ app_end ] --START--
INFO: Run Behavior\ShowPageTraceBehavior [ RunTime:0.001775s ]
INFO: [ app_end ] --END-- [ RunTime:0.001940s ]

[ 2018-03-01T10:33:43+08:00 ] ::1 /university/admin.php/exercise/
INFO: [ app_init ] --START--
INFO: Run Behavior\BuildLiteBehavior [ RunTime:0.000037s ]
INFO: [ app_init ] --END-- [ RunTime:0.001612s ]
INFO: [ app_begin ] --START--
INFO: Run Behavior\ReadHtmlCacheBehavior [ RunTime:0.002015s ]
INFO: [ app_begin ] --END-- [ RunTime:0.002171s ]
NOTIC: [8] Constant MYSELF already defined D:\xampps\htdocs\university\Application\Admin\Controller\ExerciseController.class.php 第 19 行.
INFO: [ app_end ] --START--
INFO: Run Behavior\ShowPageTraceBehavior [ RunTime:0.002081s ]
INFO: [ app_end ] --END-- [ RunTime:0.002229s ]

[ 2018-03-01T10:33:44+08:00 ] ::1 /university/admin.php/exercise/
INFO: [ app_init ] --START--
INFO: Run Behavior\BuildLiteBehavior [ RunTime:0.000022s ]
INFO: [ app_init ] --END-- [ RunTime:0.000864s ]
INFO: [ app_begin ] --START--
INFO: Run Behavior\ReadHtmlCacheBehavior [ RunTime:0.001002s ]
INFO: [ app_begin ] --END-- [ RunTime:0.001105s ]
NOTIC: [8] Constant MYSELF already defined D:\xampps\htdocs\university\Application\Admin\Controller\ExerciseController.class.php 第 19 行.
INFO: [ app_end ] --START--
INFO: Run Behavior\ShowPageTraceBehavior [ RunTime:0.001348s ]
INFO: [ app_end ] --END-- [ RunTime:0.001459s ]

[ 2018-03-01T10:33:44+08:00 ] ::1 /university/admin.php/exercise/
INFO: [ app_init ] --START--
INFO: Run Behavior\BuildLiteBehavior [ RunTime:0.000037s ]
INFO: [ app_init ] --END-- [ RunTime:0.001408s ]
INFO: [ app_begin ] --START--
INFO: Run Behavior\ReadHtmlCacheBehavior [ RunTime:0.001744s ]
INFO: [ app_begin ] --END-- [ RunTime:0.001902s ]
NOTIC: [8] Constant MYSELF already defined D:\xampps\htdocs\university\Application\Admin\Controller\ExerciseController.class.php 第 19 行.
INFO: [ app_end ] --START--
INFO: Run Behavior\ShowPageTraceBehavior [ RunTime:0.002121s ]
INFO: [ app_end ] --END-- [ RunTime:0.002293s ]

[ 2018-03-01T10:33:45+08:00 ] ::1 /university/admin.php/exercise/
INFO: [ app_init ] --START--
INFO: Run Behavior\BuildLiteBehavior [ RunTime:0.000040s ]
INFO: [ app_init ] --END-- [ RunTime:0.001410s ]
INFO: [ app_begin ] --START--
INFO: Run Behavior\ReadHtmlCacheBehavior [ RunTime:0.001789s ]
INFO: [ app_begin ] --END-- [ RunTime:0.001943s ]
NOTIC: [8] Constant MYSELF already defined D:\xampps\htdocs\university\Application\Admin\Controller\ExerciseController.class.php 第 19 行.
INFO: [ app_end ] --START--
INFO: Run Behavior\ShowPageTraceBehavior [ RunTime:0.001744s ]
INFO: [ app_end ] --END-- [ RunTime:0.001890s ]

[ 2018-03-01T10:33:45+08:00 ] ::1 /university/admin.php/exercise/
INFO: [ app_init ] --START--
INFO: Run Behavior\BuildLiteBehavior [ RunTime:0.000062s ]
INFO: [ app_init ] --END-- [ RunTime:0.001792s ]
INFO: [ app_begin ] --START--
INFO: Run Behavior\ReadHtmlCacheBehavior [ RunTime:0.001827s ]
INFO: [ app_begin ] --END-- [ RunTime:0.002008s ]
NOTIC: [8] Constant MYSELF already defined D:\xampps\htdocs\university\Application\Admin\Controller\ExerciseController.class.php 第 19 行.
INFO: [ app_end ] --START--
INFO: Run Behavior\ShowPageTraceBehavior [ RunTime:0.001804s ]
INFO: [ app_end ] --END-- [ RunTime:0.001949s ]

[ 2018-03-01T10:33:45+08:00 ] ::1 /university/admin.php/exercise/
INFO: [ app_init ] --START--
INFO: Run Behavior\BuildLiteBehavior [ RunTime:0.000037s ]
INFO: [ app_init ] --END-- [ RunTime:0.001408s ]
INFO: [ app_begin ] --START--
INFO: Run Behavior\ReadHtmlCacheBehavior [ RunTime:0.001673s ]
INFO: [ app_begin ] --END-- [ RunTime:0.001824s ]
NOTIC: [8] Constant MYSELF already defined D:\xampps\htdocs\university\Application\Admin\Controller\ExerciseController.class.php 第 19 行.
INFO: [ app_end ] --START--
INFO: Run Behavior\ShowPageTraceBehavior [ RunTime:0.002047s ]
INFO: [ app_end ] --END-- [ RunTime:0.002234s ]

[ 2018-03-01T10:34:28+08:00 ] ::1 /university/admin.php/exercise/
INFO: [ app_init ] --START--
INFO: Run Behavior\BuildLiteBehavior [ RunTime:0.000039s ]
INFO: [ app_init ] --END-- [ RunTime:0.001421s ]
INFO: [ app_begin ] --START--
INFO: Run Behavior\ReadHtmlCacheBehavior [ RunTime:0.001720s ]
INFO: [ app_begin ] --END-- [ RunTime:0.001873s ]
NOTIC: [8] Constant MYSELF already defined D:\xampps\htdocs\university\Application\Admin\Controller\ExerciseController.class.php 第 19 行.
INFO: [ app_end ] --START--
INFO: Run Behavior\ShowPageTraceBehavior [ RunTime:0.001689s ]
INFO: [ app_end ] --END-- [ RunTime:0.001834s ]

[ 2018-03-01T10:34:37+08:00 ] ::1 /university/admin.php/exercise/
INFO: [ app_init ] --START--
INFO: Run Behavior\BuildLiteBehavior [ RunTime:0.000036s ]
INFO: [ app_init ] --END-- [ RunTime:0.001378s ]
INFO: [ app_begin ] --START--
INFO: Run Behavior\ReadHtmlCacheBehavior [ RunTime:0.001684s ]
INFO: [ app_begin ] --END-- [ RunTime:0.001843s ]
NOTIC: [8] Constant MYSELF already defined D:\xampps\htdocs\university\Application\Admin\Controller\ExerciseController.class.php 第 19 行.
INFO: [ app_end ] --START--
INFO: Run Behavior\ShowPageTraceBehavior [ RunTime:0.001738s ]
INFO: [ app_end ] --END-- [ RunTime:0.001893s ]

[ 2018-03-01T10:34:37+08:00 ] ::1 /university/admin.php/exercise/
INFO: [ app_init ] --START--
INFO: Run Behavior\BuildLiteBehavior [ RunTime:0.000036s ]
INFO: [ app_init ] --END-- [ RunTime:0.001354s ]
INFO: [ app_begin ] --START--
INFO: Run Behavior\ReadHtmlCacheBehavior [ RunTime:0.001670s ]
INFO: [ app_begin ] --END-- [ RunTime:0.001845s ]
NOTIC: [8] Constant MYSELF already defined D:\xampps\htdocs\university\Application\Admin\Controller\ExerciseController.class.php 第 19 行.
INFO: [ app_end ] --START--
INFO: Run Behavior\ShowPageTraceBehavior [ RunTime:0.001049s ]
INFO: [ app_end ] --END-- [ RunTime:0.001139s ]

[ 2018-03-01T10:34:38+08:00 ] ::1 /university/admin.php/exercise/
INFO: [ app_init ] --START--
INFO: Run Behavior\BuildLiteBehavior [ RunTime:0.000041s ]
INFO: [ app_init ] --END-- [ RunTime:0.001407s ]
INFO: [ app_begin ] --START--
INFO: Run Behavior\ReadHtmlCacheBehavior [ RunTime:0.001703s ]
INFO: [ app_begin ] --END-- [ RunTime:0.001860s ]
NOTIC: [8] Constant MYSELF already defined D:\xampps\htdocs\university\Application\Admin\Controller\ExerciseController.class.php 第 19 行.
INFO: [ app_end ] --START--
INFO: Run Behavior\ShowPageTraceBehavior [ RunTime:0.001728s ]
INFO: [ app_end ] --END-- [ RunTime:0.001876s ]

[ 2018-03-01T10:34:38+08:00 ] ::1 /university/admin.php/exercise/
INFO: [ app_init ] --START--
INFO: Run Behavior\BuildLiteBehavior [ RunTime:0.000045s ]
INFO: [ app_init ] --END-- [ RunTime:0.001441s ]
INFO: [ app_begin ] --START--
INFO: Run Behavior\ReadHtmlCacheBehavior [ RunTime:0.001865s ]
INFO: [ app_begin ] --END-- [ RunTime:0.002033s ]
NOTIC: [8] Constant MYSELF already defined D:\xampps\htdocs\university\Application\Admin\Controller\ExerciseController.class.php 第 19 行.
INFO: [ app_end ] --START--
INFO: Run Behavior\ShowPageTraceBehavior [ RunTime:0.001808s ]
INFO: [ app_end ] --END-- [ RunTime:0.001965s ]

[ 2018-03-01T10:34:38+08:00 ] ::1 /university/admin.php/exercise/
INFO: [ app_init ] --START--
INFO: Run Behavior\BuildLiteBehavior [ RunTime:0.000024s ]
INFO: [ app_init ] --END-- [ RunTime:0.000902s ]
INFO: [ app_begin ] --START--
INFO: Run Behavior\ReadHtmlCacheBehavior [ RunTime:0.001116s ]
INFO: [ app_begin ] --END-- [ RunTime:0.001216s ]
NOTIC: [8] Constant MYSELF already defined D:\xampps\htdocs\university\Application\Admin\Controller\ExerciseController.class.php 第 19 行.
INFO: [ app_end ] --START--
INFO: Run Behavior\ShowPageTraceBehavior [ RunTime:0.001186s ]
INFO: [ app_end ] --END-- [ RunTime:0.001285s ]

[ 2018-03-01T10:35:24+08:00 ] ::1 /university/admin.php/exercise/
INFO: [ app_init ] --START--
INFO: Run Behavior\BuildLiteBehavior [ RunTime:0.000015s ]
INFO: [ app_init ] --END-- [ RunTime:0.000631s ]
INFO: [ app_begin ] --START--
INFO: Run Behavior\ReadHtmlCacheBehavior [ RunTime:0.000625s ]
INFO: [ app_begin ] --END-- [ RunTime:0.000686s ]
NOTIC: [8] Constant MYSELF already defined D:\xampps\htdocs\university\Application\Admin\Controller\ExerciseController.class.php 第 19 行.
INFO: [ app_end ] --START--
INFO: Run Behavior\ShowPageTraceBehavior [ RunTime:0.001920s ]
INFO: [ app_end ] --END-- [ RunTime:0.002096s ]

[ 2018-03-01T10:35:25+08:00 ] ::1 /university/admin.php/exercise/
INFO: [ app_init ] --START--
INFO: Run Behavior\BuildLiteBehavior [ RunTime:0.000024s ]
INFO: [ app_init ] --END-- [ RunTime:0.000903s ]
INFO: [ app_begin ] --START--
INFO: Run Behavior\ReadHtmlCacheBehavior [ RunTime:0.001226s ]
INFO: [ app_begin ] --END-- [ RunTime:0.001342s ]
NOTIC: [8] Constant MYSELF already defined D:\xampps\htdocs\university\Application\Admin\Controller\ExerciseController.class.php 第 19 行.
INFO: [ app_end ] --START--
INFO: Run Behavior\ShowPageTraceBehavior [ RunTime:0.001081s ]
INFO: [ app_end ] --END-- [ RunTime:0.001173s ]

[ 2018-03-01T10:35:25+08:00 ] ::1 /university/admin.php/exercise/
INFO: [ app_init ] --START--
INFO: Run Behavior\BuildLiteBehavior [ RunTime:0.000023s ]
INFO: [ app_init ] --END-- [ RunTime:0.000868s ]
INFO: [ app_begin ] --START--
INFO: Run Behavior\ReadHtmlCacheBehavior [ RunTime:0.001087s ]
INFO: [ app_begin ] --END-- [ RunTime:0.001194s ]
NOTIC: [8] Constant MYSELF already defined D:\xampps\htdocs\university\Application\Admin\Controller\ExerciseController.class.php 第 19 行.
INFO: [ app_end ] --START--
INFO: Run Behavior\ShowPageTraceBehavior [ RunTime:0.001116s ]
INFO: [ app_end ] --END-- [ RunTime:0.001206s ]

[ 2018-03-01T10:35:25+08:00 ] ::1 /university/admin.php/exercise/
INFO: [ app_init ] --START--
INFO: Run Behavior\BuildLiteBehavior [ RunTime:0.000037s ]
INFO: [ app_init ] --END-- [ RunTime:0.001407s ]
INFO: [ app_begin ] --START--
INFO: Run Behavior\ReadHtmlCacheBehavior [ RunTime:0.001908s ]
INFO: [ app_begin ] --END-- [ RunTime:0.002114s ]
NOTIC: [8] Constant MYSELF already defined D:\xampps\htdocs\university\Application\Admin\Controller\ExerciseController.class.php 第 19 行.
INFO: [ app_end ] --START--
INFO: Run Behavior\ShowPageTraceBehavior [ RunTime:0.001732s ]
INFO: [ app_end ] --END-- [ RunTime:0.001871s ]

[ 2018-03-01T10:35:40+08:00 ] ::1 /university/admin.php/exercise/
INFO: [ app_init ] --START--
INFO: Run Behavior\BuildLiteBehavior [ RunTime:0.000016s ]
INFO: [ app_init ] --END-- [ RunTime:0.000507s ]
INFO: [ app_begin ] --START--
INFO: Run Behavior\ReadHtmlCacheBehavior [ RunTime:0.000650s ]
INFO: [ app_begin ] --END-- [ RunTime:0.000711s ]
NOTIC: [8] Constant MYSELF already defined D:\xampps\htdocs\university\Application\Admin\Controller\ExerciseController.class.php 第 19 行.
INFO: [ app_end ] --START--
INFO: Run Behavior\ShowPageTraceBehavior [ RunTime:0.000680s ]
INFO: [ app_end ] --END-- [ RunTime:0.000732s ]

[ 2018-03-01T10:35:48+08:00 ] ::1 /university/admin.php/exercise/
INFO: [ app_init ] --START--
INFO: Run Behavior\BuildLiteBehavior [ RunTime:0.000012s ]
INFO: [ app_init ] --END-- [ RunTime:0.000392s ]
INFO: [ app_begin ] --START--
INFO: Run Behavior\ReadHtmlCacheBehavior [ RunTime:0.000560s ]
INFO: [ app_begin ] --END-- [ RunTime:0.000608s ]
NOTIC: [8] Constant MYSELF already defined D:\xampps\htdocs\university\Application\Admin\Controller\ExerciseController.class.php 第 19 行.
INFO: [ app_end ] --START--
INFO: Run Behavior\ShowPageTraceBehavior [ RunTime:0.000523s ]
INFO: [ app_end ] --END-- [ RunTime:0.000561s ]

[ 2018-03-01T12:19:38+08:00 ] ::1 /university/admin.php/exercise/
INFO: [ app_init ] --START--
INFO: Run Behavior\BuildLiteBehavior [ RunTime:0.000024s ]
INFO: [ app_init ] --END-- [ RunTime:0.000984s ]
INFO: [ app_begin ] --START--
INFO: Run Behavior\ReadHtmlCacheBehavior [ RunTime:0.001302s ]
INFO: [ app_begin ] --END-- [ RunTime:0.001402s ]
NOTIC: [8] Constant MYSELF already defined D:\xampps\htdocs\university\Application\Admin\Controller\ExerciseController.class.php 第 19 行.
NOTIC: [8] Undefined variable: aa D:\xampps\htdocs\university\Application\Admin\Controller\ExerciseController.class.php 第 130 行.
INFO: [ app_end ] --START--
INFO: Run Behavior\ShowPageTraceBehavior [ RunTime:0.001845s ]
INFO: [ app_end ] --END-- [ RunTime:0.001986s ]

[ 2018-03-01T12:19:39+08:00 ] ::1 /university/admin.php/exercise/
INFO: [ app_init ] --START--
INFO: Run Behavior\BuildLiteBehavior [ RunTime:0.000021s ]
INFO: [ app_init ] --END-- [ RunTime:0.000756s ]
INFO: [ app_begin ] --START--
INFO: Run Behavior\ReadHtmlCacheBehavior [ RunTime:0.000968s ]
INFO: [ app_begin ] --END-- [ RunTime:0.001057s ]
NOTIC: [8] Constant MYSELF already defined D:\xampps\htdocs\university\Application\Admin\Controller\ExerciseController.class.php 第 19 行.
NOTIC: [8] Undefined variable: aa D:\xampps\htdocs\university\Application\Admin\Controller\ExerciseController.class.php 第 130 行.
INFO: [ app_end ] --START--
INFO: Run Behavior\ShowPageTraceBehavior [ RunTime:0.001026s ]
INFO: [ app_end ] --END-- [ RunTime:0.001112s ]

[ 2018-03-01T12:20:00+08:00 ] ::1 /university/admin.php/exercise/
INFO: [ app_init ] --START--
INFO: Run Behavior\BuildLiteBehavior [ RunTime:0.000037s ]
INFO: [ app_init ] --END-- [ RunTime:0.001566s ]
INFO: [ app_begin ] --START--
INFO: Run Behavior\ReadHtmlCacheBehavior [ RunTime:0.001768s ]
INFO: [ app_begin ] --END-- [ RunTime:0.001958s ]
NOTIC: [8] Constant MYSELF already defined D:\xampps\htdocs\university\Application\Admin\Controller\ExerciseController.class.php 第 19 行.
NOTIC: [8] Undefined variable: aa D:\xampps\htdocs\university\Application\Admin\Controller\ExerciseController.class.php 第 130 行.
INFO: [ app_end ] --START--
INFO: Run Behavior\ShowPageTraceBehavior [ RunTime:0.001734s ]
INFO: [ app_end ] --END-- [ RunTime:0.001873s ]

[ 2018-03-01T12:20:00+08:00 ] ::1 /university/admin.php/exercise/
INFO: [ app_init ] --START--
INFO: Run Behavior\BuildLiteBehavior [ RunTime:0.000037s ]
INFO: [ app_init ] --END-- [ RunTime:0.001409s ]
INFO: [ app_begin ] --START--
INFO: Run Behavior\ReadHtmlCacheBehavior [ RunTime:0.001720s ]
INFO: [ app_begin ] --END-- [ RunTime:0.001881s ]
NOTIC: [8] Constant MYSELF already defined D:\xampps\htdocs\university\Application\Admin\Controller\ExerciseController.class.php 第 19 行.
NOTIC: [8] Undefined variable: aa D:\xampps\htdocs\university\Application\Admin\Controller\ExerciseController.class.php 第 130 行.
INFO: [ app_end ] --START--
INFO: Run Behavior\ShowPageTraceBehavior [ RunTime:0.001708s ]
INFO: [ app_end ] --END-- [ RunTime:0.001850s ]

[ 2018-03-01T12:20:01+08:00 ] ::1 /university/admin.php/exercise/
INFO: [ app_init ] --START--
INFO: Run Behavior\BuildLiteBehavior [ RunTime:0.000024s ]
INFO: [ app_init ] --END-- [ RunTime:0.000875s ]
INFO: [ app_begin ] --START--
INFO: Run Behavior\ReadHtmlCacheBehavior [ RunTime:0.001043s ]
INFO: [ app_begin ] --END-- [ RunTime:0.001138s ]
NOTIC: [8] Constant MYSELF already defined D:\xampps\htdocs\university\Application\Admin\Controller\ExerciseController.class.php 第 19 行.
NOTIC: [8] Undefined variable: aa D:\xampps\htdocs\university\Application\Admin\Controller\ExerciseController.class.php 第 130 行.
INFO: [ app_end ] --START--
INFO: Run Behavior\ShowPageTraceBehavior [ RunTime:0.001073s ]
INFO: [ app_end ] --END-- [ RunTime:0.001156s ]

[ 2018-03-01T12:20:36+08:00 ] ::1 /university/admin.php/exercise/
INFO: [ app_init ] --START--
INFO: Run Behavior\BuildLiteBehavior [ RunTime:0.000023s ]
INFO: [ app_init ] --END-- [ RunTime:0.000906s ]
INFO: [ app_begin ] --START--
INFO: Run Behavior\ReadHtmlCacheBehavior [ RunTime:0.001096s ]
INFO: [ app_begin ] --END-- [ RunTime:0.001218s ]
NOTIC: [8] Constant MYSELF already defined D:\xampps\htdocs\university\Application\Admin\Controller\ExerciseController.class.php 第 19 行.
INFO: [ app_end ] --START--
INFO: Run Behavior\ShowPageTraceBehavior [ RunTime:0.001110s ]
INFO: [ app_end ] --END-- [ RunTime:0.001219s ]

[ 2018-03-01T12:20:36+08:00 ] ::1 /university/admin.php/exercise/
INFO: [ app_init ] --START--
INFO: Run Behavior\BuildLiteBehavior [ RunTime:0.000041s ]
INFO: [ app_init ] --END-- [ RunTime:0.001674s ]
INFO: [ app_begin ] --START--
INFO: Run Behavior\ReadHtmlCacheBehavior [ RunTime:0.001704s ]
INFO: [ app_begin ] --END-- [ RunTime:0.001922s ]
NOTIC: [8] Constant MYSELF already defined D:\xampps\htdocs\university\Application\Admin\Controller\ExerciseController.class.php 第 19 行.
INFO: [ app_end ] --START--
INFO: Run Behavior\ShowPageTraceBehavior [ RunTime:0.001948s ]
INFO: [ app_end ] --END-- [ RunTime:0.002097s ]

[ 2018-03-01T12:20:37+08:00 ] ::1 /university/admin.php/exercise/
INFO: [ app_init ] --START--
INFO: Run Behavior\BuildLiteBehavior [ RunTime:0.000035s ]
INFO: [ app_init ] --END-- [ RunTime:0.001412s ]
INFO: [ app_begin ] --START--
INFO: Run Behavior\ReadHtmlCacheBehavior [ RunTime:0.001736s ]
INFO: [ app_begin ] --END-- [ RunTime:0.001890s ]
NOTIC: [8] Constant MYSELF already defined D:\xampps\htdocs\university\Application\Admin\Controller\ExerciseController.class.php 第 19 行.
INFO: [ app_end ] --START--
INFO: Run Behavior\ShowPageTraceBehavior [ RunTime:0.001688s ]
INFO: [ app_end ] --END-- [ RunTime:0.001827s ]

[ 2018-03-01T12:20:37+08:00 ] ::1 /university/admin.php/exercise/
INFO: [ app_init ] --START--
INFO: Run Behavior\BuildLiteBehavior [ RunTime:0.000022s ]
INFO: [ app_init ] --END-- [ RunTime:0.000892s ]
INFO: [ app_begin ] --START--
INFO: Run Behavior\ReadHtmlCacheBehavior [ RunTime:0.001237s ]
INFO: [ app_begin ] --END-- [ RunTime:0.001357s ]
NOTIC: [8] Constant MYSELF already defined D:\xampps\htdocs\university\Application\Admin\Controller\ExerciseController.class.php 第 19 行.
INFO: [ app_end ] --START--
INFO: Run Behavior\ShowPageTraceBehavior [ RunTime:0.001063s ]
INFO: [ app_end ] --END-- [ RunTime:0.001147s ]

[ 2018-03-01T12:20:37+08:00 ] ::1 /university/admin.php/exercise/
INFO: [ app_init ] --START--
INFO: Run Behavior\BuildLiteBehavior [ RunTime:0.000017s ]
INFO: [ app_init ] --END-- [ RunTime:0.000655s ]
INFO: [ app_begin ] --START--
INFO: Run Behavior\ReadHtmlCacheBehavior [ RunTime:0.000627s ]
INFO: [ app_begin ] --END-- [ RunTime:0.000687s ]
NOTIC: [8] Constant MYSELF already defined D:\xampps\htdocs\university\Application\Admin\Controller\ExerciseController.class.php 第 19 行.
INFO: [ app_end ] --START--
INFO: Run Behavior\ShowPageTraceBehavior [ RunTime:0.000663s ]
INFO: [ app_end ] --END-- [ RunTime:0.000715s ]

[ 2018-03-01T12:20:37+08:00 ] ::1 /university/admin.php/exercise/
INFO: [ app_init ] --START--
INFO: Run Behavior\BuildLiteBehavior [ RunTime:0.000022s ]
INFO: [ app_init ] --END-- [ RunTime:0.000823s ]
INFO: [ app_begin ] --START--
INFO: Run Behavior\ReadHtmlCacheBehavior [ RunTime:0.001080s ]
INFO: [ app_begin ] --END-- [ RunTime:0.001185s ]
NOTIC: [8] Constant MYSELF already defined D:\xampps\htdocs\university\Application\Admin\Controller\ExerciseController.class.php 第 19 行.
INFO: [ app_end ] --START--
INFO: Run Behavior\ShowPageTraceBehavior [ RunTime:0.001149s ]
INFO: [ app_end ] --END-- [ RunTime:0.001240s ]

[ 2018-03-01T12:20:37+08:00 ] ::1 /university/admin.php/exercise/
INFO: [ app_init ] --START--
INFO: Run Behavior\BuildLiteBehavior [ RunTime:0.000036s ]
INFO: [ app_init ] --END-- [ RunTime:0.001431s ]
INFO: [ app_begin ] --START--
INFO: Run Behavior\ReadHtmlCacheBehavior [ RunTime:0.001632s ]
INFO: [ app_begin ] --END-- [ RunTime:0.001785s ]
NOTIC: [8] Constant MYSELF already defined D:\xampps\htdocs\university\Application\Admin\Controller\ExerciseController.class.php 第 19 行.
INFO: [ app_end ] --START--
INFO: Run Behavior\ShowPageTraceBehavior [ RunTime:0.001697s ]
INFO: [ app_end ] --END-- [ RunTime:0.001847s ]

[ 2018-03-01T12:20:38+08:00 ] ::1 /university/admin.php/exercise/
INFO: [ app_init ] --START--
INFO: Run Behavior\BuildLiteBehavior [ RunTime:0.000014s ]
INFO: [ app_init ] --END-- [ RunTime:0.000505s ]
INFO: [ app_begin ] --START--
INFO: Run Behavior\ReadHtmlCacheBehavior [ RunTime:0.000819s ]
INFO: [ app_begin ] --END-- [ RunTime:0.000882s ]
NOTIC: [8] Constant MYSELF already defined D:\xampps\htdocs\university\Application\Admin\Controller\ExerciseController.class.php 第 19 行.
INFO: [ app_end ] --START--
INFO: Run Behavior\ShowPageTraceBehavior [ RunTime:0.000671s ]
INFO: [ app_end ] --END-- [ RunTime:0.000726s ]

[ 2018-03-01T12:20:38+08:00 ] ::1 /university/admin.php/exercise/
INFO: [ app_init ] --START--
INFO: Run Behavior\BuildLiteBehavior [ RunTime:0.000016s ]
INFO: [ app_init ] --END-- [ RunTime:0.000653s ]
INFO: [ app_begin ] --START--
INFO: Run Behavior\ReadHtmlCacheBehavior [ RunTime:0.000652s ]
INFO: [ app_begin ] --END-- [ RunTime:0.000711s ]
NOTIC: [8] Constant MYSELF already defined D:\xampps\htdocs\university\Application\Admin\Controller\ExerciseController.class.php 第 19 行.
INFO: [ app_end ] --START--
INFO: Run Behavior\ShowPageTraceBehavior [ RunTime:0.000750s ]
INFO: [ app_end ] --END-- [ RunTime:0.000827s ]

[ 2018-03-01T12:51:58+08:00 ] ::1 /university/admin.php/exercise/
INFO: [ app_init ] --START--
INFO: Run Behavior\BuildLiteBehavior [ RunTime:0.000022s ]
INFO: [ app_init ] --END-- [ RunTime:0.000915s ]
INFO: [ app_begin ] --START--
INFO: Run Behavior\ReadHtmlCacheBehavior [ RunTime:0.001268s ]
INFO: [ app_begin ] --END-- [ RunTime:0.001363s ]
NOTIC: [8] Constant MYSELF already defined D:\xampps\htdocs\university\Application\Admin\Controller\ExerciseController.class.php 第 19 行.
NOTIC: [8192] Function ereg() is deprecated D:\xampps\htdocs\university\Application\Admin\Controller\ExerciseController.class.php 第 143 行.
INFO: [ app_end ] --START--
INFO: Run Behavior\ShowPageTraceBehavior [ RunTime:0.001812s ]
INFO: [ app_end ] --END-- [ RunTime:0.001965s ]

[ 2018-03-01T12:51:59+08:00 ] ::1 /university/admin.php/exercise/
INFO: [ app_init ] --START--
INFO: Run Behavior\BuildLiteBehavior [ RunTime:0.000017s ]
INFO: [ app_init ] --END-- [ RunTime:0.000758s ]
INFO: [ app_begin ] --START--
INFO: Run Behavior\ReadHtmlCacheBehavior [ RunTime:0.000896s ]
INFO: [ app_begin ] --END-- [ RunTime:0.000971s ]
NOTIC: [8] Constant MYSELF already defined D:\xampps\htdocs\university\Application\Admin\Controller\ExerciseController.class.php 第 19 行.
NOTIC: [8192] Function ereg() is deprecated D:\xampps\htdocs\university\Application\Admin\Controller\ExerciseController.class.php 第 143 行.
INFO: [ app_end ] --START--
INFO: Run Behavior\ShowPageTraceBehavior [ RunTime:0.000913s ]
INFO: [ app_end ] --END-- [ RunTime:0.000983s ]

[ 2018-03-01T12:51:59+08:00 ] ::1 /university/admin.php/exercise/
INFO: [ app_init ] --START--
INFO: Run Behavior\BuildLiteBehavior [ RunTime:0.000022s ]
INFO: [ app_init ] --END-- [ RunTime:0.000923s ]
INFO: [ app_begin ] --START--
INFO: Run Behavior\ReadHtmlCacheBehavior [ RunTime:0.001035s ]
INFO: [ app_begin ] --END-- [ RunTime:0.001127s ]
NOTIC: [8] Constant MYSELF already defined D:\xampps\htdocs\university\Application\Admin\Controller\ExerciseController.class.php 第 19 行.
NOTIC: [8192] Function ereg() is deprecated D:\xampps\htdocs\university\Application\Admin\Controller\ExerciseController.class.php 第 143 行.
INFO: [ app_end ] --START--
INFO: Run Behavior\ShowPageTraceBehavior [ RunTime:0.001102s ]
INFO: [ app_end ] --END-- [ RunTime:0.001195s ]

[ 2018-03-01T12:52:00+08:00 ] ::1 /university/admin.php/exercise/
INFO: [ app_init ] --START--
INFO: Run Behavior\BuildLiteBehavior [ RunTime:0.000017s ]
INFO: [ app_init ] --END-- [ RunTime:0.000657s ]
INFO: [ app_begin ] --START--
INFO: Run Behavior\ReadHtmlCacheBehavior [ RunTime:0.000523s ]
INFO: [ app_begin ] --END-- [ RunTime:0.000570s ]
NOTIC: [8] Constant MYSELF already defined D:\xampps\htdocs\university\Application\Admin\Controller\ExerciseController.class.php 第 19 行.
NOTIC: [8192] Function ereg() is deprecated D:\xampps\htdocs\university\Application\Admin\Controller\ExerciseController.class.php 第 143 行.
INFO: [ app_end ] --START--
INFO: Run Behavior\ShowPageTraceBehavior [ RunTime:0.000460s ]
INFO: [ app_end ] --END-- [ RunTime:0.000495s ]

[ 2018-03-01T12:52:00+08:00 ] ::1 /university/admin.php/exercise/
INFO: [ app_init ] --START--
INFO: Run Behavior\BuildLiteBehavior [ RunTime:0.000014s ]
INFO: [ app_init ] --END-- [ RunTime:0.000612s ]
INFO: [ app_begin ] --START--
INFO: Run Behavior\ReadHtmlCacheBehavior [ RunTime:0.000680s ]
INFO: [ app_begin ] --END-- [ RunTime:0.000739s ]
NOTIC: [8] Constant MYSELF already defined D:\xampps\htdocs\university\Application\Admin\Controller\ExerciseController.class.php 第 19 行.
NOTIC: [8192] Function ereg() is deprecated D:\xampps\htdocs\university\Application\Admin\Controller\ExerciseController.class.php 第 143 行.
INFO: [ app_end ] --START--
INFO: Run Behavior\ShowPageTraceBehavior [ RunTime:0.000731s ]
INFO: [ app_end ] --END-- [ RunTime:0.000784s ]

[ 2018-03-01T12:52:00+08:00 ] ::1 /university/admin.php/exercise/
INFO: [ app_init ] --START--
INFO: Run Behavior\BuildLiteBehavior [ RunTime:0.000011s ]
INFO: [ app_init ] --END-- [ RunTime:0.000471s ]
INFO: [ app_begin ] --START--
INFO: Run Behavior\ReadHtmlCacheBehavior [ RunTime:0.000432s ]
INFO: [ app_begin ] --END-- [ RunTime:0.000470s ]
NOTIC: [8] Constant MYSELF already defined D:\xampps\htdocs\university\Application\Admin\Controller\ExerciseController.class.php 第 19 行.
NOTIC: [8192] Function ereg() is deprecated D:\xampps\htdocs\university\Application\Admin\Controller\ExerciseController.class.php 第 143 行.
INFO: [ app_end ] --START--
INFO: Run Behavior\ShowPageTraceBehavior [ RunTime:0.000427s ]
INFO: [ app_end ] --END-- [ RunTime:0.000462s ]

[ 2018-03-01T12:52:01+08:00 ] ::1 /university/admin.php/exercise/
INFO: [ app_init ] --START--
INFO: Run Behavior\BuildLiteBehavior [ RunTime:0.000011s ]
INFO: [ app_init ] --END-- [ RunTime:0.000362s ]
INFO: [ app_begin ] --START--
INFO: Run Behavior\ReadHtmlCacheBehavior [ RunTime:0.000418s ]
INFO: [ app_begin ] --END-- [ RunTime:0.000453s ]
NOTIC: [8] Constant MYSELF already defined D:\xampps\htdocs\university\Application\Admin\Controller\ExerciseController.class.php 第 19 行.
NOTIC: [8192] Function ereg() is deprecated D:\xampps\htdocs\university\Application\Admin\Controller\ExerciseController.class.php 第 143 行.
INFO: [ app_end ] --START--
INFO: Run Behavior\ShowPageTraceBehavior [ RunTime:0.000426s ]
INFO: [ app_end ] --END-- [ RunTime:0.000459s ]

[ 2018-03-01T12:52:01+08:00 ] ::1 /university/admin.php/exercise/
INFO: [ app_init ] --START--
INFO: Run Behavior\BuildLiteBehavior [ RunTime:0.000020s ]
INFO: [ app_init ] --END-- [ RunTime:0.000852s ]
INFO: [ app_begin ] --START--
INFO: Run Behavior\ReadHtmlCacheBehavior [ RunTime:0.000949s ]
INFO: [ app_begin ] --END-- [ RunTime:0.001034s ]
NOTIC: [8] Constant MYSELF already defined D:\xampps\htdocs\university\Application\Admin\Controller\ExerciseController.class.php 第 19 行.
NOTIC: [8192] Function ereg() is deprecated D:\xampps\htdocs\university\Application\Admin\Controller\ExerciseController.class.php 第 143 行.
INFO: [ app_end ] --START--
INFO: Run Behavior\ShowPageTraceBehavior [ RunTime:0.001057s ]
INFO: [ app_end ] --END-- [ RunTime:0.001137s ]

[ 2018-03-01T12:52:15+08:00 ] ::1 /university/admin.php/exercise/
INFO: [ app_init ] --START--
INFO: Run Behavior\BuildLiteBehavior [ RunTime:0.000010s ]
INFO: [ app_init ] --END-- [ RunTime:0.000435s ]
INFO: [ app_begin ] --START--
INFO: Run Behavior\ReadHtmlCacheBehavior [ RunTime:0.000461s ]
INFO: [ app_begin ] --END-- [ RunTime:0.000499s ]
NOTIC: [8] Constant MYSELF already defined D:\xampps\htdocs\university\Application\Admin\Controller\ExerciseController.class.php 第 19 行.
NOTIC: [8192] Function ereg() is deprecated D:\xampps\htdocs\university\Application\Admin\Controller\ExerciseController.class.php 第 143 行.
INFO: [ app_end ] --START--
INFO: Run Behavior\ShowPageTraceBehavior [ RunTime:0.000567s ]
INFO: [ app_end ] --END-- [ RunTime:0.000615s ]

[ 2018-03-01T12:52:15+08:00 ] ::1 /university/admin.php/exercise/
INFO: [ app_init ] --START--
INFO: Run Behavior\BuildLiteBehavior [ RunTime:0.000009s ]
INFO: [ app_init ] --END-- [ RunTime:0.000325s ]
INFO: [ app_begin ] --START--
INFO: Run Behavior\ReadHtmlCacheBehavior [ RunTime:0.000388s ]
INFO: [ app_begin ] --END-- [ RunTime:0.000425s ]
NOTIC: [8] Constant MYSELF already defined D:\xampps\htdocs\university\Application\Admin\Controller\ExerciseController.class.php 第 19 行.
NOTIC: [8192] Function ereg() is deprecated D:\xampps\htdocs\university\Application\Admin\Controller\ExerciseController.class.php 第 143 行.
INFO: [ app_end ] --START--
INFO: Run Behavior\ShowPageTraceBehavior [ RunTime:0.000398s ]
INFO: [ app_end ] --END-- [ RunTime:0.000431s ]

[ 2018-03-01T12:52:16+08:00 ] ::1 /university/admin.php/exercise/
INFO: [ app_init ] --START--
INFO: Run Behavior\BuildLiteBehavior [ RunTime:0.000036s ]
INFO: [ app_init ] --END-- [ RunTime:0.001389s ]
INFO: [ app_begin ] --START--
INFO: Run Behavior\ReadHtmlCacheBehavior [ RunTime:0.001640s ]
INFO: [ app_begin ] --END-- [ RunTime:0.001791s ]
NOTIC: [8] Constant MYSELF already defined D:\xampps\htdocs\university\Application\Admin\Controller\ExerciseController.class.php 第 19 行.
NOTIC: [8192] Function ereg() is deprecated D:\xampps\htdocs\university\Application\Admin\Controller\ExerciseController.class.php 第 143 行.
INFO: [ app_end ] --START--
INFO: Run Behavior\ShowPageTraceBehavior [ RunTime:0.001690s ]
INFO: [ app_end ] --END-- [ RunTime:0.001839s ]

[ 2018-03-01T12:52:16+08:00 ] ::1 /university/admin.php/exercise/
INFO: [ app_init ] --START--
INFO: Run Behavior\BuildLiteBehavior [ RunTime:0.000020s ]
INFO: [ app_init ] --END-- [ RunTime:0.000789s ]
INFO: [ app_begin ] --START--
INFO: Run Behavior\ReadHtmlCacheBehavior [ RunTime:0.000857s ]
INFO: [ app_begin ] --END-- [ RunTime:0.000937s ]
NOTIC: [8] Constant MYSELF already defined D:\xampps\htdocs\university\Application\Admin\Controller\ExerciseController.class.php 第 19 行.
NOTIC: [8192] Function ereg() is deprecated D:\xampps\htdocs\university\Application\Admin\Controller\ExerciseController.class.php 第 143 行.
INFO: [ app_end ] --START--
INFO: Run Behavior\ShowPageTraceBehavior [ RunTime:0.000872s ]
INFO: [ app_end ] --END-- [ RunTime:0.000943s ]

[ 2018-03-01T12:52:16+08:00 ] ::1 /university/admin.php/exercise/
INFO: [ app_init ] --START--
INFO: Run Behavior\BuildLiteBehavior [ RunTime:0.000021s ]
INFO: [ app_init ] --END-- [ RunTime:0.000874s ]
INFO: [ app_begin ] --START--
INFO: Run Behavior\ReadHtmlCacheBehavior [ RunTime:0.000991s ]
INFO: [ app_begin ] --END-- [ RunTime:0.001078s ]
NOTIC: [8] Constant MYSELF already defined D:\xampps\htdocs\university\Application\Admin\Controller\ExerciseController.class.php 第 19 行.
NOTIC: [8192] Function ereg() is deprecated D:\xampps\htdocs\university\Application\Admin\Controller\ExerciseController.class.php 第 143 行.
INFO: [ app_end ] --START--
INFO: Run Behavior\ShowPageTraceBehavior [ RunTime:0.001012s ]
INFO: [ app_end ] --END-- [ RunTime:0.001090s ]

[ 2018-03-01T12:52:16+08:00 ] ::1 /university/admin.php/exercise/
INFO: [ app_init ] --START--
INFO: Run Behavior\BuildLiteBehavior [ RunTime:0.000020s ]
INFO: [ app_init ] --END-- [ RunTime:0.000763s ]
INFO: [ app_begin ] --START--
INFO: Run Behavior\ReadHtmlCacheBehavior [ RunTime:0.000856s ]
INFO: [ app_begin ] --END-- [ RunTime:0.000932s ]
NOTIC: [8] Constant MYSELF already defined D:\xampps\htdocs\university\Application\Admin\Controller\ExerciseController.class.php 第 19 行.
NOTIC: [8192] Function ereg() is deprecated D:\xampps\htdocs\university\Application\Admin\Controller\ExerciseController.class.php 第 143 行.
INFO: [ app_end ] --START--
INFO: Run Behavior\ShowPageTraceBehavior [ RunTime:0.000906s ]
INFO: [ app_end ] --END-- [ RunTime:0.000974s ]

[ 2018-03-01T12:54:47+08:00 ] ::1 /university/admin.php/exercise/
INFO: [ app_init ] --START--
INFO: Run Behavior\BuildLiteBehavior [ RunTime:0.000019s ]
INFO: [ app_init ] --END-- [ RunTime:0.000877s ]
INFO: [ app_begin ] --START--
INFO: Run Behavior\ReadHtmlCacheBehavior [ RunTime:0.001112s ]
INFO: [ app_begin ] --END-- [ RunTime:0.001197s ]
NOTIC: [8] Constant MYSELF already defined D:\xampps\htdocs\university\Application\Admin\Controller\ExerciseController.class.php 第 19 行.
NOTIC: [8192] Function ereg() is deprecated D:\xampps\htdocs\university\Application\Admin\Controller\ExerciseController.class.php 第 143 行.
INFO: [ app_end ] --START--
INFO: Run Behavior\ShowPageTraceBehavior [ RunTime:0.001115s ]
INFO: [ app_end ] --END-- [ RunTime:0.001189s ]

[ 2018-03-01T12:54:47+08:00 ] ::1 /university/admin.php/exercise/
INFO: [ app_init ] --START--
INFO: Run Behavior\BuildLiteBehavior [ RunTime:0.000020s ]
INFO: [ app_init ] --END-- [ RunTime:0.000758s ]
INFO: [ app_begin ] --START--
INFO: Run Behavior\ReadHtmlCacheBehavior [ RunTime:0.000870s ]
INFO: [ app_begin ] --END-- [ RunTime:0.000943s ]
NOTIC: [8] Constant MYSELF already defined D:\xampps\htdocs\university\Application\Admin\Controller\ExerciseController.class.php 第 19 行.
NOTIC: [8192] Function ereg() is deprecated D:\xampps\htdocs\university\Application\Admin\Controller\ExerciseController.class.php 第 143 行.
INFO: [ app_end ] --START--
INFO: Run Behavior\ShowPageTraceBehavior [ RunTime:0.000899s ]
INFO: [ app_end ] --END-- [ RunTime:0.000966s ]

[ 2018-03-01T12:54:48+08:00 ] ::1 /university/admin.php/exercise/
INFO: [ app_init ] --START--
INFO: Run Behavior\BuildLiteBehavior [ RunTime:0.000021s ]
INFO: [ app_init ] --END-- [ RunTime:0.000883s ]
INFO: [ app_begin ] --START--
INFO: Run Behavior\ReadHtmlCacheBehavior [ RunTime:0.001001s ]
INFO: [ app_begin ] --END-- [ RunTime:0.001087s ]
NOTIC: [8] Constant MYSELF already defined D:\xampps\htdocs\university\Application\Admin\Controller\ExerciseController.class.php 第 19 行.
NOTIC: [8192] Function ereg() is deprecated D:\xampps\htdocs\university\Application\Admin\Controller\ExerciseController.class.php 第 143 行.
INFO: [ app_end ] --START--
INFO: Run Behavior\ShowPageTraceBehavior [ RunTime:0.001025s ]
INFO: [ app_end ] --END-- [ RunTime:0.001102s ]

[ 2018-03-01T12:54:48+08:00 ] ::1 /university/admin.php/exercise/
INFO: [ app_init ] --START--
INFO: Run Behavior\BuildLiteBehavior [ RunTime:0.000018s ]
INFO: [ app_init ] --END-- [ RunTime:0.000812s ]
INFO: [ app_begin ] --START--
INFO: Run Behavior\ReadHtmlCacheBehavior [ RunTime:0.000929s ]
INFO: [ app_begin ] --END-- [ RunTime:0.001009s ]
NOTIC: [8] Constant MYSELF already defined D:\xampps\htdocs\university\Application\Admin\Controller\ExerciseController.class.php 第 19 行.
NOTIC: [8192] Function ereg() is deprecated D:\xampps\htdocs\university\Application\Admin\Controller\ExerciseController.class.php 第 143 行.
INFO: [ app_end ] --START--
INFO: Run Behavior\ShowPageTraceBehavior [ RunTime:0.000629s ]
INFO: [ app_end ] --END-- [ RunTime:0.000672s ]

[ 2018-03-01T12:57:44+08:00 ] ::1 /university/admin.php/exercise/
INFO: [ app_init ] --START--
INFO: Run Behavior\BuildLiteBehavior [ RunTime:0.000022s ]
INFO: [ app_init ] --END-- [ RunTime:0.000891s ]
INFO: [ app_begin ] --START--
INFO: Run Behavior\ReadHtmlCacheBehavior [ RunTime:0.001097s ]
INFO: [ app_begin ] --END-- [ RunTime:0.001183s ]
NOTIC: [8] Constant MYSELF already defined D:\xampps\htdocs\university\Application\Admin\Controller\ExerciseController.class.php 第 19 行.
NOTIC: [8192] Function ereg() is deprecated D:\xampps\htdocs\university\Application\Admin\Controller\ExerciseController.class.php 第 146 行.
NOTIC: [8192] Function ereg() is deprecated D:\xampps\htdocs\university\Application\Admin\Controller\ExerciseController.class.php 第 147 行.
INFO: [ app_end ] --START--
INFO: Run Behavior\ShowPageTraceBehavior [ RunTime:0.001172s ]
INFO: [ app_end ] --END-- [ RunTime:0.001249s ]

[ 2018-03-01T12:58:05+08:00 ] ::1 /university/admin.php/exercise/
INFO: [ app_init ] --START--
INFO: Run Behavior\BuildLiteBehavior [ RunTime:0.000025s ]
INFO: [ app_init ] --END-- [ RunTime:0.000923s ]
INFO: [ app_begin ] --START--
INFO: Run Behavior\ReadHtmlCacheBehavior [ RunTime:0.001034s ]
INFO: [ app_begin ] --END-- [ RunTime:0.001130s ]
NOTIC: [8] Constant MYSELF already defined D:\xampps\htdocs\university\Application\Admin\Controller\ExerciseController.class.php 第 19 行.
NOTIC: [8192] Function ereg() is deprecated D:\xampps\htdocs\university\Application\Admin\Controller\ExerciseController.class.php 第 146 行.
NOTIC: [8192] Function ereg() is deprecated D:\xampps\htdocs\university\Application\Admin\Controller\ExerciseController.class.php 第 147 行.
INFO: [ app_end ] --START--
INFO: Run Behavior\ShowPageTraceBehavior [ RunTime:0.000612s ]
INFO: [ app_end ] --END-- [ RunTime:0.000659s ]

[ 2018-03-01T12:58:06+08:00 ] ::1 /university/admin.php/exercise/
INFO: [ app_init ] --START--
INFO: Run Behavior\BuildLiteBehavior [ RunTime:0.000023s ]
INFO: [ app_init ] --END-- [ RunTime:0.001391s ]
INFO: [ app_begin ] --START--
INFO: Run Behavior\ReadHtmlCacheBehavior [ RunTime:0.000989s ]
INFO: [ app_begin ] --END-- [ RunTime:0.001074s ]
NOTIC: [8] Constant MYSELF already defined D:\xampps\htdocs\university\Application\Admin\Controller\ExerciseController.class.php 第 19 行.
NOTIC: [8192] Function ereg() is deprecated D:\xampps\htdocs\university\Application\Admin\Controller\ExerciseController.class.php 第 146 行.
NOTIC: [8192] Function ereg() is deprecated D:\xampps\htdocs\university\Application\Admin\Controller\ExerciseController.class.php 第 147 行.
INFO: [ app_end ] --START--
INFO: Run Behavior\ShowPageTraceBehavior [ RunTime:0.001032s ]
INFO: [ app_end ] --END-- [ RunTime:0.001108s ]

[ 2018-03-01T12:58:06+08:00 ] ::1 /university/admin.php/exercise/
INFO: [ app_init ] --START--
INFO: Run Behavior\BuildLiteBehavior [ RunTime:0.000021s ]
INFO: [ app_init ] --END-- [ RunTime:0.000861s ]
INFO: [ app_begin ] --START--
INFO: Run Behavior\ReadHtmlCacheBehavior [ RunTime:0.001010s ]
INFO: [ app_begin ] --END-- [ RunTime:0.001098s ]
NOTIC: [8] Constant MYSELF already defined D:\xampps\htdocs\university\Application\Admin\Controller\ExerciseController.class.php 第 19 行.
NOTIC: [8192] Function ereg() is deprecated D:\xampps\htdocs\university\Application\Admin\Controller\ExerciseController.class.php 第 146 行.
NOTIC: [8192] Function ereg() is deprecated D:\xampps\htdocs\university\Application\Admin\Controller\ExerciseController.class.php 第 147 行.
INFO: [ app_end ] --START--
INFO: Run Behavior\ShowPageTraceBehavior [ RunTime:0.001056s ]
INFO: [ app_end ] --END-- [ RunTime:0.001131s ]

[ 2018-03-01T12:58:06+08:00 ] ::1 /university/admin.php/exercise/
INFO: [ app_init ] --START--
INFO: Run Behavior\BuildLiteBehavior [ RunTime:0.000019s ]
INFO: [ app_init ] --END-- [ RunTime:0.000745s ]
INFO: [ app_begin ] --START--
INFO: Run Behavior\ReadHtmlCacheBehavior [ RunTime:0.000840s ]
INFO: [ app_begin ] --END-- [ RunTime:0.000915s ]
NOTIC: [8] Constant MYSELF already defined D:\xampps\htdocs\university\Application\Admin\Controller\ExerciseController.class.php 第 19 行.
NOTIC: [8192] Function ereg() is deprecated D:\xampps\htdocs\university\Application\Admin\Controller\ExerciseController.class.php 第 146 行.
NOTIC: [8192] Function ereg() is deprecated D:\xampps\htdocs\university\Application\Admin\Controller\ExerciseController.class.php 第 147 行.
INFO: [ app_end ] --START--
INFO: Run Behavior\ShowPageTraceBehavior [ RunTime:0.000877s ]
INFO: [ app_end ] --END-- [ RunTime:0.000947s ]

[ 2018-03-01T12:58:06+08:00 ] ::1 /university/admin.php/exercise/
INFO: [ app_init ] --START--
INFO: Run Behavior\BuildLiteBehavior [ RunTime:0.000020s ]
INFO: [ app_init ] --END-- [ RunTime:0.000784s ]
INFO: [ app_begin ] --START--
INFO: Run Behavior\ReadHtmlCacheBehavior [ RunTime:0.000919s ]
INFO: [ app_begin ] --END-- [ RunTime:0.000999s ]
NOTIC: [8] Constant MYSELF already defined D:\xampps\htdocs\university\Application\Admin\Controller\ExerciseController.class.php 第 19 行.
NOTIC: [8192] Function ereg() is deprecated D:\xampps\htdocs\university\Application\Admin\Controller\ExerciseController.class.php 第 146 行.
NOTIC: [8192] Function ereg() is deprecated D:\xampps\htdocs\university\Application\Admin\Controller\ExerciseController.class.php 第 147 行.
INFO: [ app_end ] --START--
INFO: Run Behavior\ShowPageTraceBehavior [ RunTime:0.000962s ]
INFO: [ app_end ] --END-- [ RunTime:0.001032s ]

[ 2018-03-01T12:58:07+08:00 ] ::1 /university/admin.php/exercise/
INFO: [ app_init ] --START--
INFO: Run Behavior\BuildLiteBehavior [ RunTime:0.000021s ]
INFO: [ app_init ] --END-- [ RunTime:0.000782s ]
INFO: [ app_begin ] --START--
INFO: Run Behavior\ReadHtmlCacheBehavior [ RunTime:0.000956s ]
INFO: [ app_begin ] --END-- [ RunTime:0.001040s ]
NOTIC: [8] Constant MYSELF already defined D:\xampps\htdocs\university\Application\Admin\Controller\ExerciseController.class.php 第 19 行.
NOTIC: [8192] Function ereg() is deprecated D:\xampps\htdocs\university\Application\Admin\Controller\ExerciseController.class.php 第 146 行.
NOTIC: [8192] Function ereg() is deprecated D:\xampps\htdocs\university\Application\Admin\Controller\ExerciseController.class.php 第 147 行.
INFO: [ app_end ] --START--
INFO: Run Behavior\ShowPageTraceBehavior [ RunTime:0.000983s ]
INFO: [ app_end ] --END-- [ RunTime:0.001059s ]

[ 2018-03-01T12:58:07+08:00 ] ::1 /university/admin.php/exercise/
INFO: [ app_init ] --START--
INFO: Run Behavior\BuildLiteBehavior [ RunTime:0.000016s ]
INFO: [ app_init ] --END-- [ RunTime:0.000621s ]
INFO: [ app_begin ] --START--
INFO: Run Behavior\ReadHtmlCacheBehavior [ RunTime:0.000749s ]
INFO: [ app_begin ] --END-- [ RunTime:0.000812s ]
NOTIC: [8] Constant MYSELF already defined D:\xampps\htdocs\university\Application\Admin\Controller\ExerciseController.class.php 第 19 行.
NOTIC: [8192] Function ereg() is deprecated D:\xampps\htdocs\university\Application\Admin\Controller\ExerciseController.class.php 第 146 行.
NOTIC: [8192] Function ereg() is deprecated D:\xampps\htdocs\university\Application\Admin\Controller\ExerciseController.class.php 第 147 行.
INFO: [ app_end ] --START--
INFO: Run Behavior\ShowPageTraceBehavior [ RunTime:0.000775s ]
INFO: [ app_end ] --END-- [ RunTime:0.000832s ]

[ 2018-03-01T12:58:07+08:00 ] ::1 /university/admin.php/exercise/
INFO: [ app_init ] --START--
INFO: Run Behavior\BuildLiteBehavior [ RunTime:0.000010s ]
INFO: [ app_init ] --END-- [ RunTime:0.000397s ]
INFO: [ app_begin ] --START--
INFO: Run Behavior\ReadHtmlCacheBehavior [ RunTime:0.000455s ]
INFO: [ app_begin ] --END-- [ RunTime:0.000491s ]
NOTIC: [8] Constant MYSELF already defined D:\xampps\htdocs\university\Application\Admin\Controller\ExerciseController.class.php 第 19 行.
NOTIC: [8192] Function ereg() is deprecated D:\xampps\htdocs\university\Application\Admin\Controller\ExerciseController.class.php 第 146 行.
NOTIC: [8192] Function ereg() is deprecated D:\xampps\htdocs\university\Application\Admin\Controller\ExerciseController.class.php 第 147 行.
INFO: [ app_end ] --START--
INFO: Run Behavior\ShowPageTraceBehavior [ RunTime:0.000466s ]
INFO: [ app_end ] --END-- [ RunTime:0.000498s ]

[ 2018-03-01T12:58:08+08:00 ] ::1 /university/admin.php/exercise/
INFO: [ app_init ] --START--
INFO: Run Behavior\BuildLiteBehavior [ RunTime:0.000016s ]
INFO: [ app_init ] --END-- [ RunTime:0.000688s ]
INFO: [ app_begin ] --START--
INFO: Run Behavior\ReadHtmlCacheBehavior [ RunTime:0.000704s ]
INFO: [ app_begin ] --END-- [ RunTime:0.000769s ]
NOTIC: [8] Constant MYSELF already defined D:\xampps\htdocs\university\Application\Admin\Controller\ExerciseController.class.php 第 19 行.
NOTIC: [8192] Function ereg() is deprecated D:\xampps\htdocs\university\Application\Admin\Controller\ExerciseController.class.php 第 146 行.
NOTIC: [8192] Function ereg() is deprecated D:\xampps\htdocs\university\Application\Admin\Controller\ExerciseController.class.php 第 147 行.
INFO: [ app_end ] --START--
INFO: Run Behavior\ShowPageTraceBehavior [ RunTime:0.000720s ]
INFO: [ app_end ] --END-- [ RunTime:0.000778s ]

[ 2018-03-01T12:58:08+08:00 ] ::1 /university/admin.php/exercise/
INFO: [ app_init ] --START--
INFO: Run Behavior\BuildLiteBehavior [ RunTime:0.000012s ]
INFO: [ app_init ] --END-- [ RunTime:0.000561s ]
INFO: [ app_begin ] --START--
INFO: Run Behavior\ReadHtmlCacheBehavior [ RunTime:0.000551s ]
INFO: [ app_begin ] --END-- [ RunTime:0.000599s ]
NOTIC: [8] Constant MYSELF already defined D:\xampps\htdocs\university\Application\Admin\Controller\ExerciseController.class.php 第 19 行.
NOTIC: [8192] Function ereg() is deprecated D:\xampps\htdocs\university\Application\Admin\Controller\ExerciseController.class.php 第 146 行.
NOTIC: [8192] Function ereg() is deprecated D:\xampps\htdocs\university\Application\Admin\Controller\ExerciseController.class.php 第 147 行.
INFO: [ app_end ] --START--
INFO: Run Behavior\ShowPageTraceBehavior [ RunTime:0.000471s ]
INFO: [ app_end ] --END-- [ RunTime:0.000507s ]

[ 2018-03-01T12:58:08+08:00 ] ::1 /university/admin.php/exercise/
INFO: [ app_init ] --START--
INFO: Run Behavior\BuildLiteBehavior [ RunTime:0.000009s ]
INFO: [ app_init ] --END-- [ RunTime:0.000382s ]
INFO: [ app_begin ] --START--
INFO: Run Behavior\ReadHtmlCacheBehavior [ RunTime:0.000446s ]
INFO: [ app_begin ] --END-- [ RunTime:0.000481s ]
NOTIC: [8] Constant MYSELF already defined D:\xampps\htdocs\university\Application\Admin\Controller\ExerciseController.class.php 第 19 行.
NOTIC: [8192] Function ereg() is deprecated D:\xampps\htdocs\university\Application\Admin\Controller\ExerciseController.class.php 第 146 行.
NOTIC: [8192] Function ereg() is deprecated D:\xampps\htdocs\university\Application\Admin\Controller\ExerciseController.class.php 第 147 行.
INFO: [ app_end ] --START--
INFO: Run Behavior\ShowPageTraceBehavior [ RunTime:0.000454s ]
INFO: [ app_end ] --END-- [ RunTime:0.000485s ]

[ 2018-03-01T13:01:13+08:00 ] ::1 /university/admin.php/exercise/
INFO: [ app_init ] --START--
INFO: Run Behavior\BuildLiteBehavior [ RunTime:0.000018s ]
INFO: [ app_init ] --END-- [ RunTime:0.000759s ]
INFO: [ app_begin ] --START--
INFO: Run Behavior\ReadHtmlCacheBehavior [ RunTime:0.000947s ]
INFO: [ app_begin ] --END-- [ RunTime:0.001020s ]
NOTIC: [8] Constant MYSELF already defined D:\xampps\htdocs\university\Application\Admin\Controller\ExerciseController.class.php 第 19 行.
NOTIC: [8192] Function ereg() is deprecated D:\xampps\htdocs\university\Application\Admin\Controller\ExerciseController.class.php 第 146 行.
NOTIC: [8192] Function ereg() is deprecated D:\xampps\htdocs\university\Application\Admin\Controller\ExerciseController.class.php 第 147 行.
INFO: [ app_end ] --START--
INFO: Run Behavior\ShowPageTraceBehavior [ RunTime:0.000903s ]
INFO: [ app_end ] --END-- [ RunTime:0.000965s ]

[ 2018-03-01T13:01:14+08:00 ] ::1 /university/admin.php/exercise/
INFO: [ app_init ] --START--
INFO: Run Behavior\BuildLiteBehavior [ RunTime:0.000016s ]
INFO: [ app_init ] --END-- [ RunTime:0.000561s ]
INFO: [ app_begin ] --START--
INFO: Run Behavior\ReadHtmlCacheBehavior [ RunTime:0.000634s ]
INFO: [ app_begin ] --END-- [ RunTime:0.000691s ]
NOTIC: [8] Constant MYSELF already defined D:\xampps\htdocs\university\Application\Admin\Controller\ExerciseController.class.php 第 19 行.
NOTIC: [8192] Function ereg() is deprecated D:\xampps\htdocs\university\Application\Admin\Controller\ExerciseController.class.php 第 146 行.
NOTIC: [8192] Function ereg() is deprecated D:\xampps\htdocs\university\Application\Admin\Controller\ExerciseController.class.php 第 147 行.
INFO: [ app_end ] --START--
INFO: Run Behavior\ShowPageTraceBehavior [ RunTime:0.000655s ]
INFO: [ app_end ] --END-- [ RunTime:0.000708s ]

[ 2018-03-01T13:01:14+08:00 ] ::1 /university/admin.php/exercise/
INFO: [ app_init ] --START--
INFO: Run Behavior\BuildLiteBehavior [ RunTime:0.000019s ]
INFO: [ app_init ] --END-- [ RunTime:0.000765s ]
INFO: [ app_begin ] --START--
INFO: Run Behavior\ReadHtmlCacheBehavior [ RunTime:0.000941s ]
INFO: [ app_begin ] --END-- [ RunTime:0.001022s ]
NOTIC: [8] Constant MYSELF already defined D:\xampps\htdocs\university\Application\Admin\Controller\ExerciseController.class.php 第 19 行.
NOTIC: [8192] Function ereg() is deprecated D:\xampps\htdocs\university\Application\Admin\Controller\ExerciseController.class.php 第 146 行.
NOTIC: [8192] Function ereg() is deprecated D:\xampps\htdocs\university\Application\Admin\Controller\ExerciseController.class.php 第 147 行.
INFO: [ app_end ] --START--
INFO: Run Behavior\ShowPageTraceBehavior [ RunTime:0.000895s ]
INFO: [ app_end ] --END-- [ RunTime:0.000965s ]

[ 2018-03-01T13:01:15+08:00 ] ::1 /university/admin.php/exercise/
INFO: [ app_init ] --START--
INFO: Run Behavior\BuildLiteBehavior [ RunTime:0.000022s ]
INFO: [ app_init ] --END-- [ RunTime:0.000798s ]
INFO: [ app_begin ] --START--
INFO: Run Behavior\ReadHtmlCacheBehavior [ RunTime:0.000946s ]
INFO: [ app_begin ] --END-- [ RunTime:0.001034s ]
NOTIC: [8] Constant MYSELF already defined D:\xampps\htdocs\university\Application\Admin\Controller\ExerciseController.class.php 第 19 行.
NOTIC: [8192] Function ereg() is deprecated D:\xampps\htdocs\university\Application\Admin\Controller\ExerciseController.class.php 第 146 行.
NOTIC: [8192] Function ereg() is deprecated D:\xampps\htdocs\university\Application\Admin\Controller\ExerciseController.class.php 第 147 行.
INFO: [ app_end ] --START--
INFO: Run Behavior\ShowPageTraceBehavior [ RunTime:0.001031s ]
INFO: [ app_end ] --END-- [ RunTime:0.001112s ]

[ 2018-03-01T13:01:15+08:00 ] ::1 /university/admin.php/exercise/
INFO: [ app_init ] --START--
INFO: Run Behavior\BuildLiteBehavior [ RunTime:0.000018s ]
INFO: [ app_init ] --END-- [ RunTime:0.000753s ]
INFO: [ app_begin ] --START--
INFO: Run Behavior\ReadHtmlCacheBehavior [ RunTime:0.000854s ]
INFO: [ app_begin ] --END-- [ RunTime:0.000930s ]
NOTIC: [8] Constant MYSELF already defined D:\xampps\htdocs\university\Application\Admin\Controller\ExerciseController.class.php 第 19 行.
NOTIC: [8192] Function ereg() is deprecated D:\xampps\htdocs\university\Application\Admin\Controller\ExerciseController.class.php 第 146 行.
NOTIC: [8192] Function ereg() is deprecated D:\xampps\htdocs\university\Application\Admin\Controller\ExerciseController.class.php 第 147 行.
INFO: [ app_end ] --START--
INFO: Run Behavior\ShowPageTraceBehavior [ RunTime:0.000914s ]
INFO: [ app_end ] --END-- [ RunTime:0.000981s ]

[ 2018-03-01T13:01:34+08:00 ] ::1 /university/admin.php/exercise/
INFO: [ app_init ] --START--
INFO: Run Behavior\BuildLiteBehavior [ RunTime:0.000016s ]
INFO: [ app_init ] --END-- [ RunTime:0.000646s ]
INFO: [ app_begin ] --START--
INFO: Run Behavior\ReadHtmlCacheBehavior [ RunTime:0.000787s ]
INFO: [ app_begin ] --END-- [ RunTime:0.000854s ]
NOTIC: [8] Constant MYSELF already defined D:\xampps\htdocs\university\Application\Admin\Controller\ExerciseController.class.php 第 19 行.
NOTIC: [8192] Function ereg() is deprecated D:\xampps\htdocs\university\Application\Admin\Controller\ExerciseController.class.php 第 146 行.
NOTIC: [8192] Function ereg() is deprecated D:\xampps\htdocs\university\Application\Admin\Controller\ExerciseController.class.php 第 147 行.
INFO: [ app_end ] --START--
INFO: Run Behavior\ShowPageTraceBehavior [ RunTime:0.000808s ]
INFO: [ app_end ] --END-- [ RunTime:0.000868s ]

[ 2018-03-01T18:43:00+08:00 ] ::1 /university/admin.php/exercise/
INFO: [ app_init ] --START--
INFO: Run Behavior\BuildLiteBehavior [ RunTime:0.000023s ]
INFO: [ app_init ] --END-- [ RunTime:0.073701s ]
INFO: [ app_begin ] --START--
INFO: Run Behavior\ReadHtmlCacheBehavior [ RunTime:0.040937s ]
INFO: [ app_begin ] --END-- [ RunTime:0.041120s ]
NOTIC: [8] Constant MYSELF already defined D:\xampps\htdocs\university\Application\Admin\Controller\ExerciseController.class.php 第 19 行.
NOTIC: [8192] Function ereg() is deprecated D:\xampps\htdocs\university\Application\Admin\Controller\ExerciseController.class.php 第 146 行.
NOTIC: [8192] Function ereg() is deprecated D:\xampps\htdocs\university\Application\Admin\Controller\ExerciseController.class.php 第 147 行.
INFO: [ app_end ] --START--
INFO: Run Behavior\ShowPageTraceBehavior [ RunTime:0.036318s ]
INFO: [ app_end ] --END-- [ RunTime:0.036505s ]

[ 2018-03-01T18:46:52+08:00 ] ::1 /university/admin.php/exercise/
INFO: [ app_init ] --START--
INFO: Run Behavior\BuildLiteBehavior [ RunTime:0.000016s ]
INFO: [ app_init ] --END-- [ RunTime:0.000608s ]
INFO: [ app_begin ] --START--
INFO: Run Behavior\ReadHtmlCacheBehavior [ RunTime:0.000878s ]
INFO: [ app_begin ] --END-- [ RunTime:0.000944s ]
NOTIC: [8] Constant MYSELF already defined D:\xampps\htdocs\university\Application\Admin\Controller\ExerciseController.class.php 第 19 行.
NOTIC: [8192] Function ereg() is deprecated D:\xampps\htdocs\university\Application\Admin\Controller\ExerciseController.class.php 第 146 行.
NOTIC: [8192] Function ereg() is deprecated D:\xampps\htdocs\university\Application\Admin\Controller\ExerciseController.class.php 第 147 行.
INFO: [ app_end ] --START--
INFO: Run Behavior\ShowPageTraceBehavior [ RunTime:0.000971s ]
INFO: [ app_end ] --END-- [ RunTime:0.001037s ]

[ 2018-03-01T18:46:52+08:00 ] ::1 /university/admin.php/exercise/
INFO: [ app_init ] --START--
INFO: Run Behavior\BuildLiteBehavior [ RunTime:0.000014s ]
INFO: [ app_init ] --END-- [ RunTime:0.000594s ]
INFO: [ app_begin ] --START--
INFO: Run Behavior\ReadHtmlCacheBehavior [ RunTime:0.000711s ]
INFO: [ app_begin ] --END-- [ RunTime:0.000770s ]
NOTIC: [8] Constant MYSELF already defined D:\xampps\htdocs\university\Application\Admin\Controller\ExerciseController.class.php 第 19 行.
NOTIC: [8192] Function ereg() is deprecated D:\xampps\htdocs\university\Application\Admin\Controller\ExerciseController.class.php 第 146 行.
NOTIC: [8192] Function ereg() is deprecated D:\xampps\htdocs\university\Application\Admin\Controller\ExerciseController.class.php 第 147 行.
INFO: [ app_end ] --START--
INFO: Run Behavior\ShowPageTraceBehavior [ RunTime:0.000744s ]
INFO: [ app_end ] --END-- [ RunTime:0.000790s ]

[ 2018-03-01T18:46:53+08:00 ] ::1 /university/admin.php/exercise/
INFO: [ app_init ] --START--
INFO: Run Behavior\BuildLiteBehavior [ RunTime:0.000010s ]
INFO: [ app_init ] --END-- [ RunTime:0.000339s ]
INFO: [ app_begin ] --START--
INFO: Run Behavior\ReadHtmlCacheBehavior [ RunTime:0.000456s ]
INFO: [ app_begin ] --END-- [ RunTime:0.000493s ]
NOTIC: [8] Constant MYSELF already defined D:\xampps\htdocs\university\Application\Admin\Controller\ExerciseController.class.php 第 19 行.
NOTIC: [8192] Function ereg() is deprecated D:\xampps\htdocs\university\Application\Admin\Controller\ExerciseController.class.php 第 146 行.
NOTIC: [8192] Function ereg() is deprecated D:\xampps\htdocs\university\Application\Admin\Controller\ExerciseController.class.php 第 147 行.
INFO: [ app_end ] --START--
INFO: Run Behavior\ShowPageTraceBehavior [ RunTime:0.000458s ]
INFO: [ app_end ] --END-- [ RunTime:0.000490s ]

[ 2018-03-01T18:46:53+08:00 ] ::1 /university/admin.php/exercise/
INFO: [ app_init ] --START--
INFO: Run Behavior\BuildLiteBehavior [ RunTime:0.000018s ]
INFO: [ app_init ] --END-- [ RunTime:0.000750s ]
INFO: [ app_begin ] --START--
INFO: Run Behavior\ReadHtmlCacheBehavior [ RunTime:0.000975s ]
INFO: [ app_begin ] --END-- [ RunTime:0.001053s ]
NOTIC: [8] Constant MYSELF already defined D:\xampps\htdocs\university\Application\Admin\Controller\ExerciseController.class.php 第 19 行.
NOTIC: [8192] Function ereg() is deprecated D:\xampps\htdocs\university\Application\Admin\Controller\ExerciseController.class.php 第 146 行.
NOTIC: [8192] Function ereg() is deprecated D:\xampps\htdocs\university\Application\Admin\Controller\ExerciseController.class.php 第 147 行.
INFO: [ app_end ] --START--
INFO: Run Behavior\ShowPageTraceBehavior [ RunTime:0.000595s ]
INFO: [ app_end ] --END-- [ RunTime:0.000640s ]

[ 2018-03-01T18:46:53+08:00 ] ::1 /university/admin.php/exercise/
INFO: [ app_init ] --START--
INFO: Run Behavior\BuildLiteBehavior [ RunTime:0.000020s ]
INFO: [ app_init ] --END-- [ RunTime:0.000760s ]
INFO: [ app_begin ] --START--
INFO: Run Behavior\ReadHtmlCacheBehavior [ RunTime:0.001009s ]
INFO: [ app_begin ] --END-- [ RunTime:0.001092s ]
NOTIC: [8] Constant MYSELF already defined D:\xampps\htdocs\university\Application\Admin\Controller\ExerciseController.class.php 第 19 行.
NOTIC: [8192] Function ereg() is deprecated D:\xampps\htdocs\university\Application\Admin\Controller\ExerciseController.class.php 第 146 行.
NOTIC: [8192] Function ereg() is deprecated D:\xampps\htdocs\university\Application\Admin\Controller\ExerciseController.class.php 第 147 行.
INFO: [ app_end ] --START--
INFO: Run Behavior\ShowPageTraceBehavior [ RunTime:0.001040s ]
INFO: [ app_end ] --END-- [ RunTime:0.001110s ]

[ 2018-03-01T18:47:06+08:00 ] ::1 /university/admin.php/exercise/
INFO: [ app_init ] --START--
INFO: Run Behavior\BuildLiteBehavior [ RunTime:0.000011s ]
INFO: [ app_init ] --END-- [ RunTime:0.000351s ]
INFO: [ app_begin ] --START--
INFO: Run Behavior\ReadHtmlCacheBehavior [ RunTime:0.000476s ]
INFO: [ app_begin ] --END-- [ RunTime:0.000513s ]
NOTIC: [8] Constant MYSELF already defined D:\xampps\htdocs\university\Application\Admin\Controller\ExerciseController.class.php 第 19 行.
NOTIC: [8192] Function ereg() is deprecated D:\xampps\htdocs\university\Application\Admin\Controller\ExerciseController.class.php 第 146 行.
NOTIC: [8192] Function ereg() is deprecated D:\xampps\htdocs\university\Application\Admin\Controller\ExerciseController.class.php 第 147 行.
INFO: [ app_end ] --START--
INFO: Run Behavior\ShowPageTraceBehavior [ RunTime:0.000488s ]
INFO: [ app_end ] --END-- [ RunTime:0.000520s ]

[ 2018-03-01T18:47:07+08:00 ] ::1 /university/admin.php/exercise/
INFO: [ app_init ] --START--
INFO: Run Behavior\BuildLiteBehavior [ RunTime:0.000010s ]
INFO: [ app_init ] --END-- [ RunTime:0.000323s ]
INFO: [ app_begin ] --START--
INFO: Run Behavior\ReadHtmlCacheBehavior [ RunTime:0.000446s ]
INFO: [ app_begin ] --END-- [ RunTime:0.000484s ]
NOTIC: [8] Constant MYSELF already defined D:\xampps\htdocs\university\Application\Admin\Controller\ExerciseController.class.php 第 19 行.
NOTIC: [8192] Function ereg() is deprecated D:\xampps\htdocs\university\Application\Admin\Controller\ExerciseController.class.php 第 146 行.
NOTIC: [8192] Function ereg() is deprecated D:\xampps\htdocs\university\Application\Admin\Controller\ExerciseController.class.php 第 147 行.
INFO: [ app_end ] --START--
INFO: Run Behavior\ShowPageTraceBehavior [ RunTime:0.000452s ]
INFO: [ app_end ] --END-- [ RunTime:0.000484s ]

[ 2018-03-01T18:47:07+08:00 ] ::1 /university/admin.php/exercise/
INFO: [ app_init ] --START--
INFO: Run Behavior\BuildLiteBehavior [ RunTime:0.000010s ]
INFO: [ app_init ] --END-- [ RunTime:0.000360s ]
INFO: [ app_begin ] --START--
INFO: Run Behavior\ReadHtmlCacheBehavior [ RunTime:0.000451s ]
INFO: [ app_begin ] --END-- [ RunTime:0.000489s ]
NOTIC: [8] Constant MYSELF already defined D:\xampps\htdocs\university\Application\Admin\Controller\ExerciseController.class.php 第 19 行.
NOTIC: [8192] Function ereg() is deprecated D:\xampps\htdocs\university\Application\Admin\Controller\ExerciseController.class.php 第 146 行.
NOTIC: [8192] Function ereg() is deprecated D:\xampps\htdocs\university\Application\Admin\Controller\ExerciseController.class.php 第 147 行.
INFO: [ app_end ] --START--
INFO: Run Behavior\ShowPageTraceBehavior [ RunTime:0.000476s ]
INFO: [ app_end ] --END-- [ RunTime:0.000508s ]

[ 2018-03-01T18:47:07+08:00 ] ::1 /university/admin.php/exercise/
INFO: [ app_init ] --START--
INFO: Run Behavior\BuildLiteBehavior [ RunTime:0.000013s ]
INFO: [ app_init ] --END-- [ RunTime:0.000339s ]
INFO: [ app_begin ] --START--
INFO: Run Behavior\ReadHtmlCacheBehavior [ RunTime:0.000499s ]
INFO: [ app_begin ] --END-- [ RunTime:0.000549s ]
NOTIC: [8] Constant MYSELF already defined D:\xampps\htdocs\university\Application\Admin\Controller\ExerciseController.class.php 第 19 行.
NOTIC: [8192] Function ereg() is deprecated D:\xampps\htdocs\university\Application\Admin\Controller\ExerciseController.class.php 第 146 行.
NOTIC: [8192] Function ereg() is deprecated D:\xampps\htdocs\university\Application\Admin\Controller\ExerciseController.class.php 第 147 行.
INFO: [ app_end ] --START--
INFO: Run Behavior\ShowPageTraceBehavior [ RunTime:0.000610s ]
INFO: [ app_end ] --END-- [ RunTime:0.000647s ]

[ 2018-03-01T18:47:07+08:00 ] ::1 /university/admin.php/exercise/
INFO: [ app_init ] --START--
INFO: Run Behavior\BuildLiteBehavior [ RunTime:0.000012s ]
INFO: [ app_init ] --END-- [ RunTime:0.000352s ]
INFO: [ app_begin ] --START--
INFO: Run Behavior\ReadHtmlCacheBehavior [ RunTime:0.000541s ]
INFO: [ app_begin ] --END-- [ RunTime:0.000613s ]
NOTIC: [8] Constant MYSELF already defined D:\xampps\htdocs\university\Application\Admin\Controller\ExerciseController.class.php 第 19 行.
NOTIC: [8192] Function ereg() is deprecated D:\xampps\htdocs\university\Application\Admin\Controller\ExerciseController.class.php 第 146 行.
NOTIC: [8192] Function ereg() is deprecated D:\xampps\htdocs\university\Application\Admin\Controller\ExerciseController.class.php 第 147 行.
INFO: [ app_end ] --START--
INFO: Run Behavior\ShowPageTraceBehavior [ RunTime:0.000520s ]
INFO: [ app_end ] --END-- [ RunTime:0.000559s ]

[ 2018-03-01T18:47:29+08:00 ] ::1 /university/admin.php/exercise/
INFO: [ app_init ] --START--
INFO: Run Behavior\BuildLiteBehavior [ RunTime:0.000010s ]
INFO: [ app_init ] --END-- [ RunTime:0.000311s ]
INFO: [ app_begin ] --START--
INFO: Run Behavior\ReadHtmlCacheBehavior [ RunTime:0.000438s ]
INFO: [ app_begin ] --END-- [ RunTime:0.000484s ]
NOTIC: [8] Constant MYSELF already defined D:\xampps\htdocs\university\Application\Admin\Controller\ExerciseController.class.php 第 19 行.
NOTIC: [8192] Function ereg() is deprecated D:\xampps\htdocs\university\Application\Admin\Controller\ExerciseController.class.php 第 146 行.
NOTIC: [8192] Function ereg() is deprecated D:\xampps\htdocs\university\Application\Admin\Controller\ExerciseController.class.php 第 147 行.
INFO: [ app_end ] --START--
INFO: Run Behavior\ShowPageTraceBehavior [ RunTime:0.000486s ]
INFO: [ app_end ] --END-- [ RunTime:0.000517s ]

[ 2018-03-01T20:42:10+08:00 ] ::1 /university/admin.php
INFO: [ app_init ] --START--
INFO: Run Behavior\BuildLiteBehavior [ RunTime:0.000011s ]
INFO: [ app_init ] --END-- [ RunTime:0.000413s ]
INFO: [ app_begin ] --START--
INFO: Run Behavior\ReadHtmlCacheBehavior [ RunTime:0.000557s ]
INFO: [ app_begin ] --END-- [ RunTime:0.000596s ]
INFO: [ view_parse ] --START--
INFO: [ template_filter ] --START--
INFO: Run Behavior\ContentReplaceBehavior [ RunTime:0.017125s ]
INFO: [ template_filter ] --END-- [ RunTime:0.017314s ]
INFO: Run Behavior\ParseTemplateBehavior [ RunTime:0.747675s ]
INFO: [ view_parse ] --END-- [ RunTime:0.747782s ]
INFO: [ view_filter ] --START--
INFO: Run Behavior\WriteHtmlCacheBehavior [ RunTime:0.009148s ]
INFO: [ view_filter ] --END-- [ RunTime:0.009283s ]
INFO: [ app_end ] --START--
INFO: Run Behavior\ShowPageTraceBehavior [ RunTime:0.002335s ]
INFO: [ app_end ] --END-- [ RunTime:0.002464s ]

[ 2018-03-01T20:42:19+08:00 ] ::1 /university/admin.php/News/index.html
INFO: [ app_init ] --START--
INFO: Run Behavior\BuildLiteBehavior [ RunTime:0.000010s ]
INFO: [ app_init ] --END-- [ RunTime:0.000374s ]
INFO: [ app_begin ] --START--
INFO: Run Behavior\ReadHtmlCacheBehavior [ RunTime:0.000556s ]
INFO: [ app_begin ] --END-- [ RunTime:0.000593s ]
SQL: SHOW COLUMNS FROM `news` [ RunTime:0.0874s ]
SQL: SELECT a.*,b.classname FROM news as a INNER JOIN News_class as b on a.type=b.id  ORDER BY a.id desc  [ RunTime:0.0713s ]
INFO: [ view_parse ] --START--
INFO: [ template_filter ] --START--
INFO: Run Behavior\ContentReplaceBehavior [ RunTime:0.000046s ]
INFO: [ template_filter ] --END-- [ RunTime:0.000099s ]
NOTIC: [8] Use of undefined constant id - assumed 'id' D:\xampps\htdocs\university\Application\Runtime\Cache\Admin\dac05d45366bd92162fcfca1e920aca3.php 第 71 行.
NOTIC: [8] Use of undefined constant id - assumed 'id' D:\xampps\htdocs\university\Application\Runtime\Cache\Admin\dac05d45366bd92162fcfca1e920aca3.php 第 71 行.
NOTIC: [8] Use of undefined constant id - assumed 'id' D:\xampps\htdocs\university\Application\Runtime\Cache\Admin\dac05d45366bd92162fcfca1e920aca3.php 第 71 行.
NOTIC: [8] Use of undefined constant id - assumed 'id' D:\xampps\htdocs\university\Application\Runtime\Cache\Admin\dac05d45366bd92162fcfca1e920aca3.php 第 71 行.
NOTIC: [8] Use of undefined constant id - assumed 'id' D:\xampps\htdocs\university\Application\Runtime\Cache\Admin\dac05d45366bd92162fcfca1e920aca3.php 第 71 行.
NOTIC: [8] Use of undefined constant id - assumed 'id' D:\xampps\htdocs\university\Application\Runtime\Cache\Admin\dac05d45366bd92162fcfca1e920aca3.php 第 71 行.
NOTIC: [8] Use of undefined constant id - assumed 'id' D:\xampps\htdocs\university\Application\Runtime\Cache\Admin\dac05d45366bd92162fcfca1e920aca3.php 第 71 行.
NOTIC: [8] Use of undefined constant id - assumed 'id' D:\xampps\htdocs\university\Application\Runtime\Cache\Admin\dac05d45366bd92162fcfca1e920aca3.php 第 71 行.
NOTIC: [8] Use of undefined constant id - assumed 'id' D:\xampps\htdocs\university\Application\Runtime\Cache\Admin\dac05d45366bd92162fcfca1e920aca3.php 第 71 行.
NOTIC: [8] Use of undefined constant id - assumed 'id' D:\xampps\htdocs\university\Application\Runtime\Cache\Admin\dac05d45366bd92162fcfca1e920aca3.php 第 71 行.
INFO: Run Behavior\ParseTemplateBehavior [ RunTime:0.023824s ]
INFO: [ view_parse ] --END-- [ RunTime:0.023872s ]
INFO: [ view_filter ] --START--
INFO: Run Behavior\WriteHtmlCacheBehavior [ RunTime:0.000545s ]
INFO: [ view_filter ] --END-- [ RunTime:0.000586s ]
INFO: [ app_end ] --START--
INFO: Run Behavior\ShowPageTraceBehavior [ RunTime:0.000743s ]
INFO: [ app_end ] --END-- [ RunTime:0.000786s ]

[ 2018-03-01T20:42:19+08:00 ] ::1 /university/admin.php/News/index.html
INFO: [ app_init ] --START--
INFO: Run Behavior\BuildLiteBehavior [ RunTime:0.000014s ]
INFO: [ app_init ] --END-- [ RunTime:0.000499s ]
INFO: [ app_begin ] --START--
INFO: Run Behavior\ReadHtmlCacheBehavior [ RunTime:0.000752s ]
INFO: [ app_begin ] --END-- [ RunTime:0.000803s ]
SQL: SHOW COLUMNS FROM `news` [ RunTime:0.0031s ]
SQL: SELECT a.*,b.classname FROM news as a INNER JOIN News_class as b on a.type=b.id  ORDER BY a.id desc  [ RunTime:0.0029s ]
INFO: [ view_parse ] --START--
INFO: [ template_filter ] --START--
INFO: Run Behavior\ContentReplaceBehavior [ RunTime:0.000048s ]
INFO: [ template_filter ] --END-- [ RunTime:0.000098s ]
NOTIC: [8] Use of undefined constant id - assumed 'id' D:\xampps\htdocs\university\Application\Runtime\Cache\Admin\dac05d45366bd92162fcfca1e920aca3.php 第 71 行.
NOTIC: [8] Use of undefined constant id - assumed 'id' D:\xampps\htdocs\university\Application\Runtime\Cache\Admin\dac05d45366bd92162fcfca1e920aca3.php 第 71 行.
NOTIC: [8] Use of undefined constant id - assumed 'id' D:\xampps\htdocs\university\Application\Runtime\Cache\Admin\dac05d45366bd92162fcfca1e920aca3.php 第 71 行.
NOTIC: [8] Use of undefined constant id - assumed 'id' D:\xampps\htdocs\university\Application\Runtime\Cache\Admin\dac05d45366bd92162fcfca1e920aca3.php 第 71 行.
NOTIC: [8] Use of undefined constant id - assumed 'id' D:\xampps\htdocs\university\Application\Runtime\Cache\Admin\dac05d45366bd92162fcfca1e920aca3.php 第 71 行.
NOTIC: [8] Use of undefined constant id - assumed 'id' D:\xampps\htdocs\university\Application\Runtime\Cache\Admin\dac05d45366bd92162fcfca1e920aca3.php 第 71 行.
NOTIC: [8] Use of undefined constant id - assumed 'id' D:\xampps\htdocs\university\Application\Runtime\Cache\Admin\dac05d45366bd92162fcfca1e920aca3.php 第 71 行.
NOTIC: [8] Use of undefined constant id - assumed 'id' D:\xampps\htdocs\university\Application\Runtime\Cache\Admin\dac05d45366bd92162fcfca1e920aca3.php 第 71 行.
NOTIC: [8] Use of undefined constant id - assumed 'id' D:\xampps\htdocs\university\Application\Runtime\Cache\Admin\dac05d45366bd92162fcfca1e920aca3.php 第 71 行.
NOTIC: [8] Use of undefined constant id - assumed 'id' D:\xampps\htdocs\university\Application\Runtime\Cache\Admin\dac05d45366bd92162fcfca1e920aca3.php 第 71 行.
INFO: Run Behavior\ParseTemplateBehavior [ RunTime:0.008204s ]
INFO: [ view_parse ] --END-- [ RunTime:0.008252s ]
INFO: [ view_filter ] --START--
INFO: Run Behavior\WriteHtmlCacheBehavior [ RunTime:0.000608s ]
INFO: [ view_filter ] --END-- [ RunTime:0.000650s ]
INFO: [ app_end ] --START--
INFO: Run Behavior\ShowPageTraceBehavior [ RunTime:0.000739s ]
INFO: [ app_end ] --END-- [ RunTime:0.000782s ]

[ 2018-03-01T20:42:27+08:00 ] ::1 /university/admin.php/News/manage/id/20.html
INFO: [ app_init ] --START--
INFO: Run Behavior\BuildLiteBehavior [ RunTime:0.000013s ]
INFO: [ app_init ] --END-- [ RunTime:0.000449s ]
INFO: [ app_begin ] --START--
INFO: Run Behavior\ReadHtmlCacheBehavior [ RunTime:0.000495s ]
INFO: [ app_begin ] --END-- [ RunTime:0.000535s ]
SQL: SHOW COLUMNS FROM `news` [ RunTime:0.0030s ]
SQL: SELECT * FROM `news` WHERE `id` = 20 LIMIT 1   [ RunTime:0.0003s ]
SQL: SHOW COLUMNS FROM `news_class` [ RunTime:0.0023s ]
SQL: SELECT * FROM `news_class`  [ RunTime:0.0002s ]
INFO: [ view_parse ] --START--
INFO: [ template_filter ] --START--
INFO: Run Behavior\ContentReplaceBehavior [ RunTime:0.000040s ]
INFO: [ template_filter ] --END-- [ RunTime:0.000087s ]
NOTIC: [8] Use of undefined constant id - assumed 'id' D:\xampps\htdocs\university\Application\Runtime\Cache\Admin\cdd9e2ade7dcf75ace8a5498430150ad.php 第 71 行.
NOTIC: [8] Use of undefined constant type - assumed 'type' D:\xampps\htdocs\university\Application\Runtime\Cache\Admin\cdd9e2ade7dcf75ace8a5498430150ad.php 第 71 行.
NOTIC: [8] Use of undefined constant id - assumed 'id' D:\xampps\htdocs\university\Application\Runtime\Cache\Admin\cdd9e2ade7dcf75ace8a5498430150ad.php 第 71 行.
NOTIC: [8] Use of undefined constant type - assumed 'type' D:\xampps\htdocs\university\Application\Runtime\Cache\Admin\cdd9e2ade7dcf75ace8a5498430150ad.php 第 71 行.
NOTIC: [8] Use of undefined constant id - assumed 'id' D:\xampps\htdocs\university\Application\Runtime\Cache\Admin\cdd9e2ade7dcf75ace8a5498430150ad.php 第 71 行.
NOTIC: [8] Use of undefined constant type - assumed 'type' D:\xampps\htdocs\university\Application\Runtime\Cache\Admin\cdd9e2ade7dcf75ace8a5498430150ad.php 第 71 行.
NOTIC: [8] Use of undefined constant id - assumed 'id' D:\xampps\htdocs\university\Application\Runtime\Cache\Admin\cdd9e2ade7dcf75ace8a5498430150ad.php 第 71 行.
NOTIC: [8] Use of undefined constant type - assumed 'type' D:\xampps\htdocs\university\Application\Runtime\Cache\Admin\cdd9e2ade7dcf75ace8a5498430150ad.php 第 71 行.
NOTIC: [8] Use of undefined constant id - assumed 'id' D:\xampps\htdocs\university\Application\Runtime\Cache\Admin\cdd9e2ade7dcf75ace8a5498430150ad.php 第 71 行.
NOTIC: [8] Use of undefined constant type - assumed 'type' D:\xampps\htdocs\university\Application\Runtime\Cache\Admin\cdd9e2ade7dcf75ace8a5498430150ad.php 第 71 行.
NOTIC: [8] Use of undefined constant id - assumed 'id' D:\xampps\htdocs\university\Application\Runtime\Cache\Admin\cdd9e2ade7dcf75ace8a5498430150ad.php 第 71 行.
NOTIC: [8] Use of undefined constant type - assumed 'type' D:\xampps\htdocs\university\Application\Runtime\Cache\Admin\cdd9e2ade7dcf75ace8a5498430150ad.php 第 71 行.
NOTIC: [8] Use of undefined constant id - assumed 'id' D:\xampps\htdocs\university\Application\Runtime\Cache\Admin\cdd9e2ade7dcf75ace8a5498430150ad.php 第 71 行.
NOTIC: [8] Use of undefined constant type - assumed 'type' D:\xampps\htdocs\university\Application\Runtime\Cache\Admin\cdd9e2ade7dcf75ace8a5498430150ad.php 第 71 行.
INFO: Run Behavior\ParseTemplateBehavior [ RunTime:0.064057s ]
INFO: [ view_parse ] --END-- [ RunTime:0.064093s ]
INFO: [ view_filter ] --START--
INFO: Run Behavior\WriteHtmlCacheBehavior [ RunTime:0.000392s ]
INFO: [ view_filter ] --END-- [ RunTime:0.000420s ]
INFO: [ app_end ] --START--
INFO: Run Behavior\ShowPageTraceBehavior [ RunTime:0.000535s ]
INFO: [ app_end ] --END-- [ RunTime:0.000565s ]

[ 2018-03-01T20:43:32+08:00 ] ::1 /university/admin.php/News/manage/id/20.html
INFO: [ app_init ] --START--
INFO: Run Behavior\BuildLiteBehavior [ RunTime:0.000021s ]
INFO: [ app_init ] --END-- [ RunTime:0.000861s ]
INFO: [ app_begin ] --START--
INFO: Run Behavior\ReadHtmlCacheBehavior [ RunTime:0.001110s ]
INFO: [ app_begin ] --END-- [ RunTime:0.001193s ]
SQL: SHOW COLUMNS FROM `news` [ RunTime:0.0029s ]
SQL: UPDATE `news` SET `title`='关系数据库理论',`source`='摘自本科教材',`type`='6',`content`='<p><span style=\"font-size: 20px;\">&nbsp; 关系型数据库是目前最常用的数据库。所谓关系型数据库，指的就是利用了关系模型的数据库管理系统，关系模型是建立在严格的数学概念的基础上的。</span></p><p><span style=\"font-size: 20px;\">&nbsp; 关系模型是建立在集合代数的基础上的。</span></p><p><span style=\"font-size: 20px;\">&nbsp; 1.基本概念</span></p><p><span style=\"font-size: 20px;\">&nbsp; 1.1 域（domain）</span></p><p><span style=\"font-size: 20px;\">&nbsp; 域是一组具有相同数据类型的值的集合。</span></p><p><span style=\"font-size: 20px;\">&nbsp; 1.2 笛卡儿积</span></p><p><span style=\"font-size: 20px;\">&nbsp; 笛卡儿积可表示为一个二维表。表中的每行对应一个元组（tuple），表中的每列对应一个域（domain）。</span></p><p><span style=\"font-size: 20px;\">&nbsp; 1.3 关系（relation）</span></p><p><span style=\"font-size: 20px;\">&nbsp; 关系是笛卡儿积的有限子集，所以关系也是一个二维表，表中行被称为元组（tuple）或记录（record），列称为属性（attribute）或字段（field），表的第一行是字段名的集合，被称为关系框架（或表结构），列中的元素为该字段（属性）的值，且值总限定在某个值域（domain）内。</span></p><p><span style=\"font-size: 20px;\">&nbsp; 关系是元组的集合。关系的基本数据结构是二维表。每一张表称为一个具体的关系或简称为关系。二维表的表头也称为关系的型，二维表中的值（元组）也称为关系的值。</span></p><p><span style=\"font-size: 20px;\">&nbsp; 1.4 关系的性质</span></p><p><span style=\"font-size: 20px;\">&nbsp; 关系应具备一下6个性质：</span></p><p><span style=\"font-size: 20px;\">&nbsp; （1)列的同质性。即每一列中的分量是同一类型的数据，来自同一个域。</span></p><p><span style=\"font-size: 20px;\">&nbsp; （2）列名唯一性。不同的列可出自同一个域，称其中的每一列为一个属性，不同的属性要给予不同的属性名。</span></p><p><span style=\"font-size: 20px;\">&nbsp; （3）列序无关性。即列的顺序无所谓，可以任意交换。</span></p><p><span style=\"font-size: 20px;\">&nbsp; （4）元组相异性。即任意两个元组不能完全相同。</span></p><p><span style=\"font-size: 20px;\">&nbsp; （5）行序无关性。即行的顺序无所谓，可以任意交换。</span></p><p><span style=\"font-size: 20px;\">&nbsp; （6）分量原子性。即分量值是原子的，每一个分量都必须是不可分的数据项。</span></p><p><br/></p><p><span style=\"font-size: 20px;\">&nbsp;2.关系可以有3种类型：基本关系（通常又称为基本表或基表）、查询表和视图表。</span></p><p><span style=\"font-size: 20px;\">&nbsp; （1）基本表是实际存在的表，它是实际存储数据的逻辑表示。</span></p><p><span style=\"font-size: 20px;\">&nbsp; （2）查询表是查询结果对应的表。</span></p><p><span style=\"font-size: 20px;\">&nbsp; （3）视图表是由基本表或其它视图表导出的表，是虚表，不对应实际存储的数据。</span></p><p><span style=\"font-size: 20px;\"><br/></span></p><p><br/></p><p><span style=\"font-size: 20px;\">&nbsp;&nbsp;</span></p>' WHERE `id` = 20 [ RunTime:0.0989s ]
INFO: [ app_end ] --START--
INFO: Run Behavior\ShowPageTraceBehavior [ RunTime:0.000801s ]
INFO: [ app_end ] --END-- [ RunTime:0.000845s ]

[ 2018-03-01T20:43:45+08:00 ] ::1 /university/admin.php/News/manage/id/20.html
INFO: [ app_init ] --START--
INFO: Run Behavior\BuildLiteBehavior [ RunTime:0.000012s ]
INFO: [ app_init ] --END-- [ RunTime:0.000541s ]
INFO: [ app_begin ] --START--
INFO: Run Behavior\ReadHtmlCacheBehavior [ RunTime:0.000760s ]
INFO: [ app_begin ] --END-- [ RunTime:0.000809s ]
SQL: SHOW COLUMNS FROM `news` [ RunTime:0.0028s ]
SQL: SELECT * FROM `news` WHERE `id` = 20 LIMIT 1   [ RunTime:0.0003s ]
SQL: SHOW COLUMNS FROM `news_class` [ RunTime:0.0023s ]
SQL: SELECT * FROM `news_class`  [ RunTime:0.0002s ]
INFO: [ view_parse ] --START--
INFO: [ template_filter ] --START--
INFO: Run Behavior\ContentReplaceBehavior [ RunTime:0.000036s ]
INFO: [ template_filter ] --END-- [ RunTime:0.000074s ]
NOTIC: [8] Use of undefined constant id - assumed 'id' D:\xampps\htdocs\university\Application\Runtime\Cache\Admin\cdd9e2ade7dcf75ace8a5498430150ad.php 第 71 行.
NOTIC: [8] Use of undefined constant type - assumed 'type' D:\xampps\htdocs\university\Application\Runtime\Cache\Admin\cdd9e2ade7dcf75ace8a5498430150ad.php 第 71 行.
NOTIC: [8] Use of undefined constant id - assumed 'id' D:\xampps\htdocs\university\Application\Runtime\Cache\Admin\cdd9e2ade7dcf75ace8a5498430150ad.php 第 71 行.
NOTIC: [8] Use of undefined constant type - assumed 'type' D:\xampps\htdocs\university\Application\Runtime\Cache\Admin\cdd9e2ade7dcf75ace8a5498430150ad.php 第 71 行.
NOTIC: [8] Use of undefined constant id - assumed 'id' D:\xampps\htdocs\university\Application\Runtime\Cache\Admin\cdd9e2ade7dcf75ace8a5498430150ad.php 第 71 行.
NOTIC: [8] Use of undefined constant type - assumed 'type' D:\xampps\htdocs\university\Application\Runtime\Cache\Admin\cdd9e2ade7dcf75ace8a5498430150ad.php 第 71 行.
NOTIC: [8] Use of undefined constant id - assumed 'id' D:\xampps\htdocs\university\Application\Runtime\Cache\Admin\cdd9e2ade7dcf75ace8a5498430150ad.php 第 71 行.
NOTIC: [8] Use of undefined constant type - assumed 'type' D:\xampps\htdocs\university\Application\Runtime\Cache\Admin\cdd9e2ade7dcf75ace8a5498430150ad.php 第 71 行.
NOTIC: [8] Use of undefined constant id - assumed 'id' D:\xampps\htdocs\university\Application\Runtime\Cache\Admin\cdd9e2ade7dcf75ace8a5498430150ad.php 第 71 行.
NOTIC: [8] Use of undefined constant type - assumed 'type' D:\xampps\htdocs\university\Application\Runtime\Cache\Admin\cdd9e2ade7dcf75ace8a5498430150ad.php 第 71 行.
NOTIC: [8] Use of undefined constant id - assumed 'id' D:\xampps\htdocs\university\Application\Runtime\Cache\Admin\cdd9e2ade7dcf75ace8a5498430150ad.php 第 71 行.
NOTIC: [8] Use of undefined constant type - assumed 'type' D:\xampps\htdocs\university\Application\Runtime\Cache\Admin\cdd9e2ade7dcf75ace8a5498430150ad.php 第 71 行.
NOTIC: [8] Use of undefined constant id - assumed 'id' D:\xampps\htdocs\university\Application\Runtime\Cache\Admin\cdd9e2ade7dcf75ace8a5498430150ad.php 第 71 行.
NOTIC: [8] Use of undefined constant type - assumed 'type' D:\xampps\htdocs\university\Application\Runtime\Cache\Admin\cdd9e2ade7dcf75ace8a5498430150ad.php 第 71 行.
INFO: Run Behavior\ParseTemplateBehavior [ RunTime:0.006403s ]
INFO: [ view_parse ] --END-- [ RunTime:0.006441s ]
INFO: [ view_filter ] --START--
INFO: Run Behavior\WriteHtmlCacheBehavior [ RunTime:0.000428s ]
INFO: [ view_filter ] --END-- [ RunTime:0.000457s ]
INFO: [ app_end ] --START--
INFO: Run Behavior\ShowPageTraceBehavior [ RunTime:0.000569s ]
INFO: [ app_end ] --END-- [ RunTime:0.000598s ]

[ 2018-03-01T20:43:55+08:00 ] ::1 /university/admin.php/News/manage/id/20.html
INFO: [ app_init ] --START--
INFO: Run Behavior\BuildLiteBehavior [ RunTime:0.000014s ]
INFO: [ app_init ] --END-- [ RunTime:0.000505s ]
INFO: [ app_begin ] --START--
INFO: Run Behavior\ReadHtmlCacheBehavior [ RunTime:0.000659s ]
INFO: [ app_begin ] --END-- [ RunTime:0.000707s ]
SQL: SHOW COLUMNS FROM `news` [ RunTime:0.0030s ]
SQL: SELECT * FROM `news` WHERE `id` = 20 LIMIT 1   [ RunTime:0.0003s ]
SQL: SHOW COLUMNS FROM `news_class` [ RunTime:0.0024s ]
SQL: SELECT * FROM `news_class`  [ RunTime:0.0002s ]
INFO: [ view_parse ] --START--
INFO: [ template_filter ] --START--
INFO: Run Behavior\ContentReplaceBehavior [ RunTime:0.000049s ]
INFO: [ template_filter ] --END-- [ RunTime:0.000099s ]
NOTIC: [8] Use of undefined constant id - assumed 'id' D:\xampps\htdocs\university\Application\Runtime\Cache\Admin\cdd9e2ade7dcf75ace8a5498430150ad.php 第 71 行.
NOTIC: [8] Use of undefined constant type - assumed 'type' D:\xampps\htdocs\university\Application\Runtime\Cache\Admin\cdd9e2ade7dcf75ace8a5498430150ad.php 第 71 行.
NOTIC: [8] Use of undefined constant id - assumed 'id' D:\xampps\htdocs\university\Application\Runtime\Cache\Admin\cdd9e2ade7dcf75ace8a5498430150ad.php 第 71 行.
NOTIC: [8] Use of undefined constant type - assumed 'type' D:\xampps\htdocs\university\Application\Runtime\Cache\Admin\cdd9e2ade7dcf75ace8a5498430150ad.php 第 71 行.
NOTIC: [8] Use of undefined constant id - assumed 'id' D:\xampps\htdocs\university\Application\Runtime\Cache\Admin\cdd9e2ade7dcf75ace8a5498430150ad.php 第 71 行.
NOTIC: [8] Use of undefined constant type - assumed 'type' D:\xampps\htdocs\university\Application\Runtime\Cache\Admin\cdd9e2ade7dcf75ace8a5498430150ad.php 第 71 行.
NOTIC: [8] Use of undefined constant id - assumed 'id' D:\xampps\htdocs\university\Application\Runtime\Cache\Admin\cdd9e2ade7dcf75ace8a5498430150ad.php 第 71 行.
NOTIC: [8] Use of undefined constant type - assumed 'type' D:\xampps\htdocs\university\Application\Runtime\Cache\Admin\cdd9e2ade7dcf75ace8a5498430150ad.php 第 71 行.
NOTIC: [8] Use of undefined constant id - assumed 'id' D:\xampps\htdocs\university\Application\Runtime\Cache\Admin\cdd9e2ade7dcf75ace8a5498430150ad.php 第 71 行.
NOTIC: [8] Use of undefined constant type - assumed 'type' D:\xampps\htdocs\university\Application\Runtime\Cache\Admin\cdd9e2ade7dcf75ace8a5498430150ad.php 第 71 行.
NOTIC: [8] Use of undefined constant id - assumed 'id' D:\xampps\htdocs\university\Application\Runtime\Cache\Admin\cdd9e2ade7dcf75ace8a5498430150ad.php 第 71 行.
NOTIC: [8] Use of undefined constant type - assumed 'type' D:\xampps\htdocs\university\Application\Runtime\Cache\Admin\cdd9e2ade7dcf75ace8a5498430150ad.php 第 71 行.
NOTIC: [8] Use of undefined constant id - assumed 'id' D:\xampps\htdocs\university\Application\Runtime\Cache\Admin\cdd9e2ade7dcf75ace8a5498430150ad.php 第 71 行.
NOTIC: [8] Use of undefined constant type - assumed 'type' D:\xampps\htdocs\university\Application\Runtime\Cache\Admin\cdd9e2ade7dcf75ace8a5498430150ad.php 第 71 行.
INFO: Run Behavior\ParseTemplateBehavior [ RunTime:0.007363s ]
INFO: [ view_parse ] --END-- [ RunTime:0.007406s ]
INFO: [ view_filter ] --START--
INFO: Run Behavior\WriteHtmlCacheBehavior [ RunTime:0.000480s ]
INFO: [ view_filter ] --END-- [ RunTime:0.000520s ]
INFO: [ app_end ] --START--
INFO: Run Behavior\ShowPageTraceBehavior [ RunTime:0.000666s ]
INFO: [ app_end ] --END-- [ RunTime:0.000705s ]

