[ 2018-03-09T20:19:42+08:00 ] ::1 /university/admin.php/exercise/info
INFO: [ app_init ] --START--
INFO: Run Behavior\BuildLiteBehavior [ RunTime:0.000015s ]
INFO: [ app_init ] --END-- [ RunTime:0.024015s ]
INFO: [ app_begin ] --START--
INFO: Run Behavior\ReadHtmlCacheBehavior [ RunTime:0.007807s ]
INFO: [ app_begin ] --END-- [ RunTime:0.007884s ]
INFO: [ view_parse ] --START--
INFO: [ template_filter ] --START--
INFO: Run Behavior\ContentReplaceBehavior [ RunTime:0.000032s ]
INFO: [ template_filter ] --END-- [ RunTime:0.000078s ]
INFO: Run Behavior\ParseTemplateBehavior [ RunTime:0.065718s ]
INFO: [ view_parse ] --END-- [ RunTime:0.065774s ]
INFO: [ view_filter ] --START--
INFO: Run Behavior\WriteHtmlCacheBehavior [ RunTime:0.013568s ]
INFO: [ view_filter ] --END-- [ RunTime:0.013606s ]
INFO: [ app_end ] --START--
INFO: Run Behavior\ShowPageTraceBehavior [ RunTime:0.013503s ]
INFO: [ app_end ] --END-- [ RunTime:0.013550s ]

[ 2018-03-09T20:19:44+08:00 ] ::1 /university/admin.php/exercise/
INFO: [ app_init ] --START--
INFO: Run Behavior\BuildLiteBehavior [ RunTime:0.000011s ]
INFO: [ app_init ] --END-- [ RunTime:0.000400s ]
INFO: [ app_begin ] --START--
INFO: Run Behavior\ReadHtmlCacheBehavior [ RunTime:0.000583s ]
INFO: [ app_begin ] --END-- [ RunTime:0.000625s ]
NOTIC: [8] Constant MYSELF already defined D:\xampps\htdocs\university\Application\Admin\Controller\ExerciseController.class.php 第 21 行.
NOTIC: [8192] Function ereg() is deprecated D:\xampps\htdocs\university\Application\Admin\Controller\ExerciseController.class.php 第 152 行.
NOTIC: [8192] Function ereg() is deprecated D:\xampps\htdocs\university\Application\Admin\Controller\ExerciseController.class.php 第 153 行.
NOTIC: [8192] Non-static method Admin\Controller\PublicController::getInfo() should not be called statically, assuming $this from incompatible context D:\xampps\htdocs\university\Application\Admin\Controller\ExerciseController.class.php 第 313 行.
INFO: [ app_end ] --START--
INFO: Run Behavior\ShowPageTraceBehavior [ RunTime:0.000727s ]
INFO: [ app_end ] --END-- [ RunTime:0.000788s ]

