[ 2018-03-06T12:24:18+08:00 ] ::1 /university/admin.php/exercise/
INFO: [ app_init ] --START--
INFO: Run Behavior\BuildLiteBehavior [ RunTime:0.000041s ]
INFO: [ app_init ] --END-- [ RunTime:0.023538s ]
INFO: [ app_begin ] --START--
INFO: Run Behavior\ReadHtmlCacheBehavior [ RunTime:0.008079s ]
INFO: [ app_begin ] --END-- [ RunTime:0.008252s ]
NOTIC: [8] Constant MYSELF already defined D:\xampps\htdocs\university\Application\Admin\Controller\ExerciseController.class.php 第 21 行.
NOTIC: [8192] Function ereg() is deprecated D:\xampps\htdocs\university\Application\Admin\Controller\ExerciseController.class.php 第 152 行.
NOTIC: [8192] Function ereg() is deprecated D:\xampps\htdocs\university\Application\Admin\Controller\ExerciseController.class.php 第 153 行.
NOTIC: [8192] Non-static method Admin\Controller\PublicController::getInfo() should not be called statically, assuming $this from incompatible context D:\xampps\htdocs\university\Application\Admin\Controller\ExerciseController.class.php 第 313 行.
NOTIC: [2] fopen() expects at least 2 parameters, 1 given D:\xampps\htdocs\university\Application\Admin\Controller\ExerciseController.class.php 第 352 行.
INFO: [ app_end ] --START--
INFO: Run Behavior\ShowPageTraceBehavior [ RunTime:0.003119s ]
INFO: [ app_end ] --END-- [ RunTime:0.003278s ]

[ 2018-03-06T12:25:38+08:00 ] ::1 /university/admin.php/exercise/
INFO: [ app_init ] --START--
INFO: Run Behavior\BuildLiteBehavior [ RunTime:0.000019s ]
INFO: [ app_init ] --END-- [ RunTime:0.000751s ]
INFO: [ app_begin ] --START--
INFO: Run Behavior\ReadHtmlCacheBehavior [ RunTime:0.000995s ]
INFO: [ app_begin ] --END-- [ RunTime:0.001072s ]
NOTIC: [8] Constant MYSELF already defined D:\xampps\htdocs\university\Application\Admin\Controller\ExerciseController.class.php 第 21 行.
NOTIC: [8192] Function ereg() is deprecated D:\xampps\htdocs\university\Application\Admin\Controller\ExerciseController.class.php 第 152 行.
NOTIC: [8192] Function ereg() is deprecated D:\xampps\htdocs\university\Application\Admin\Controller\ExerciseController.class.php 第 153 行.
NOTIC: [8192] Non-static method Admin\Controller\PublicController::getInfo() should not be called statically, assuming $this from incompatible context D:\xampps\htdocs\university\Application\Admin\Controller\ExerciseController.class.php 第 313 行.
NOTIC: [2] fopen() expects at least 2 parameters, 1 given D:\xampps\htdocs\university\Application\Admin\Controller\ExerciseController.class.php 第 352 行.
NOTIC: [2] fgets() expects parameter 1 to be resource, string given D:\xampps\htdocs\university\Application\Admin\Controller\ExerciseController.class.php 第 353 行.
INFO: [ app_end ] --START--
INFO: Run Behavior\ShowPageTraceBehavior [ RunTime:0.002155s ]
INFO: [ app_end ] --END-- [ RunTime:0.002298s ]

[ 2018-03-06T12:26:45+08:00 ] ::1 /university/admin.php/exercise/
INFO: [ app_init ] --START--
INFO: Run Behavior\BuildLiteBehavior [ RunTime:0.000017s ]
INFO: [ app_init ] --END-- [ RunTime:0.000637s ]
INFO: [ app_begin ] --START--
INFO: Run Behavior\ReadHtmlCacheBehavior [ RunTime:0.000940s ]
INFO: [ app_begin ] --END-- [ RunTime:0.001008s ]
NOTIC: [8] Constant MYSELF already defined D:\xampps\htdocs\university\Application\Admin\Controller\ExerciseController.class.php 第 21 行.
NOTIC: [8192] Function ereg() is deprecated D:\xampps\htdocs\university\Application\Admin\Controller\ExerciseController.class.php 第 152 行.
NOTIC: [8192] Function ereg() is deprecated D:\xampps\htdocs\university\Application\Admin\Controller\ExerciseController.class.php 第 153 行.
NOTIC: [8192] Non-static method Admin\Controller\PublicController::getInfo() should not be called statically, assuming $this from incompatible context D:\xampps\htdocs\university\Application\Admin\Controller\ExerciseController.class.php 第 313 行.
NOTIC: [2] fopen() expects at least 2 parameters, 1 given D:\xampps\htdocs\university\Application\Admin\Controller\ExerciseController.class.php 第 352 行.
NOTIC: [2] fgets() expects parameter 1 to be resource, string given D:\xampps\htdocs\university\Application\Admin\Controller\ExerciseController.class.php 第 353 行.
NOTIC: [2] fgets() expects parameter 1 to be resource, string given D:\xampps\htdocs\university\Application\Admin\Controller\ExerciseController.class.php 第 353 行.
INFO: [ app_end ] --START--
INFO: Run Behavior\ShowPageTraceBehavior [ RunTime:0.000805s ]
INFO: [ app_end ] --END-- [ RunTime:0.000850s ]

[ 2018-03-06T12:27:10+08:00 ] ::1 /university/admin.php/exercise/
INFO: [ app_init ] --START--
INFO: Run Behavior\BuildLiteBehavior [ RunTime:0.000019s ]
INFO: [ app_init ] --END-- [ RunTime:0.000707s ]
INFO: [ app_begin ] --START--
INFO: Run Behavior\ReadHtmlCacheBehavior [ RunTime:0.000945s ]
INFO: [ app_begin ] --END-- [ RunTime:0.001022s ]
NOTIC: [8] Constant MYSELF already defined D:\xampps\htdocs\university\Application\Admin\Controller\ExerciseController.class.php 第 21 行.
NOTIC: [8192] Function ereg() is deprecated D:\xampps\htdocs\university\Application\Admin\Controller\ExerciseController.class.php 第 152 行.
NOTIC: [8192] Function ereg() is deprecated D:\xampps\htdocs\university\Application\Admin\Controller\ExerciseController.class.php 第 153 行.
NOTIC: [8192] Non-static method Admin\Controller\PublicController::getInfo() should not be called statically, assuming $this from incompatible context D:\xampps\htdocs\university\Application\Admin\Controller\ExerciseController.class.php 第 313 行.
NOTIC: [2] fopen() expects at least 2 parameters, 1 given D:\xampps\htdocs\university\Application\Admin\Controller\ExerciseController.class.php 第 352 行.
NOTIC: [2] fgets() expects parameter 1 to be resource, string given D:\xampps\htdocs\university\Application\Admin\Controller\ExerciseController.class.php 第 353 行.
NOTIC: [2] fgets() expects parameter 1 to be resource, string given D:\xampps\htdocs\university\Application\Admin\Controller\ExerciseController.class.php 第 353 行.
INFO: [ app_end ] --START--
INFO: Run Behavior\ShowPageTraceBehavior [ RunTime:0.000965s ]
INFO: [ app_end ] --END-- [ RunTime:0.001027s ]

[ 2018-03-06T12:27:30+08:00 ] ::1 /university/admin.php/exercise/
INFO: [ app_init ] --START--
INFO: Run Behavior\BuildLiteBehavior [ RunTime:0.000011s ]
INFO: [ app_init ] --END-- [ RunTime:0.000366s ]
INFO: [ app_begin ] --START--
INFO: Run Behavior\ReadHtmlCacheBehavior [ RunTime:0.000525s ]
INFO: [ app_begin ] --END-- [ RunTime:0.000570s ]
NOTIC: [8] Constant MYSELF already defined D:\xampps\htdocs\university\Application\Admin\Controller\ExerciseController.class.php 第 21 行.
NOTIC: [8192] Function ereg() is deprecated D:\xampps\htdocs\university\Application\Admin\Controller\ExerciseController.class.php 第 152 行.
NOTIC: [8192] Function ereg() is deprecated D:\xampps\htdocs\university\Application\Admin\Controller\ExerciseController.class.php 第 153 行.
NOTIC: [8192] Non-static method Admin\Controller\PublicController::getInfo() should not be called statically, assuming $this from incompatible context D:\xampps\htdocs\university\Application\Admin\Controller\ExerciseController.class.php 第 313 行.
NOTIC: [2] fopen() expects at least 2 parameters, 1 given D:\xampps\htdocs\university\Application\Admin\Controller\ExerciseController.class.php 第 352 行.
NOTIC: [2] fgets() expects parameter 1 to be resource, string given D:\xampps\htdocs\university\Application\Admin\Controller\ExerciseController.class.php 第 353 行.
NOTIC: [2] fgets() expects parameter 1 to be resource, string given D:\xampps\htdocs\university\Application\Admin\Controller\ExerciseController.class.php 第 353 行.
INFO: [ app_end ] --START--
INFO: Run Behavior\ShowPageTraceBehavior [ RunTime:0.000461s ]
INFO: [ app_end ] --END-- [ RunTime:0.000491s ]

[ 2018-03-06T12:27:43+08:00 ] ::1 /university/admin.php/exercise/
INFO: [ app_init ] --START--
INFO: Run Behavior\BuildLiteBehavior [ RunTime:0.000022s ]
INFO: [ app_init ] --END-- [ RunTime:0.000628s ]
INFO: [ app_begin ] --START--
INFO: Run Behavior\ReadHtmlCacheBehavior [ RunTime:0.000818s ]
INFO: [ app_begin ] --END-- [ RunTime:0.000881s ]
NOTIC: [8] Constant MYSELF already defined D:\xampps\htdocs\university\Application\Admin\Controller\ExerciseController.class.php 第 21 行.
NOTIC: [8192] Function ereg() is deprecated D:\xampps\htdocs\university\Application\Admin\Controller\ExerciseController.class.php 第 152 行.
NOTIC: [8192] Function ereg() is deprecated D:\xampps\htdocs\university\Application\Admin\Controller\ExerciseController.class.php 第 153 行.
NOTIC: [8192] Non-static method Admin\Controller\PublicController::getInfo() should not be called statically, assuming $this from incompatible context D:\xampps\htdocs\university\Application\Admin\Controller\ExerciseController.class.php 第 313 行.
NOTIC: [2] fopen() expects at least 2 parameters, 1 given D:\xampps\htdocs\university\Application\Admin\Controller\ExerciseController.class.php 第 352 行.
NOTIC: [2] fgets() expects parameter 1 to be resource, string given D:\xampps\htdocs\university\Application\Admin\Controller\ExerciseController.class.php 第 353 行.
NOTIC: [2] fgets() expects parameter 1 to be resource, string given D:\xampps\htdocs\university\Application\Admin\Controller\ExerciseController.class.php 第 353 行.
INFO: [ app_end ] --START--
INFO: Run Behavior\ShowPageTraceBehavior [ RunTime:0.000836s ]
INFO: [ app_end ] --END-- [ RunTime:0.000885s ]

[ 2018-03-06T12:27:58+08:00 ] ::1 /university/admin.php/exercise/
INFO: [ app_init ] --START--
INFO: Run Behavior\BuildLiteBehavior [ RunTime:0.000053s ]
INFO: [ app_init ] --END-- [ RunTime:0.001869s ]
INFO: [ app_begin ] --START--
INFO: Run Behavior\ReadHtmlCacheBehavior [ RunTime:0.002278s ]
INFO: [ app_begin ] --END-- [ RunTime:0.002474s ]
NOTIC: [8] Constant MYSELF already defined D:\xampps\htdocs\university\Application\Admin\Controller\ExerciseController.class.php 第 21 行.
NOTIC: [8192] Function ereg() is deprecated D:\xampps\htdocs\university\Application\Admin\Controller\ExerciseController.class.php 第 152 行.
NOTIC: [8192] Function ereg() is deprecated D:\xampps\htdocs\university\Application\Admin\Controller\ExerciseController.class.php 第 153 行.
NOTIC: [8192] Non-static method Admin\Controller\PublicController::getInfo() should not be called statically, assuming $this from incompatible context D:\xampps\htdocs\university\Application\Admin\Controller\ExerciseController.class.php 第 313 行.
NOTIC: [2] fopen() expects at least 2 parameters, 1 given D:\xampps\htdocs\university\Application\Admin\Controller\ExerciseController.class.php 第 352 行.
NOTIC: [2] fgets() expects parameter 1 to be resource, string given D:\xampps\htdocs\university\Application\Admin\Controller\ExerciseController.class.php 第 353 行.
NOTIC: [2] fgets() expects parameter 1 to be resource, string given D:\xampps\htdocs\university\Application\Admin\Controller\ExerciseController.class.php 第 353 行.
INFO: [ app_end ] --START--
INFO: Run Behavior\ShowPageTraceBehavior [ RunTime:0.000800s ]
INFO: [ app_end ] --END-- [ RunTime:0.000858s ]

[ 2018-03-06T12:29:23+08:00 ] ::1 /university/admin.php/exercise/
INFO: [ app_init ] --START--
INFO: Run Behavior\BuildLiteBehavior [ RunTime:0.000013s ]
INFO: [ app_init ] --END-- [ RunTime:0.000558s ]
INFO: [ app_begin ] --START--
INFO: Run Behavior\ReadHtmlCacheBehavior [ RunTime:0.000780s ]
INFO: [ app_begin ] --END-- [ RunTime:0.000832s ]
NOTIC: [8] Constant MYSELF already defined D:\xampps\htdocs\university\Application\Admin\Controller\ExerciseController.class.php 第 21 行.
NOTIC: [8192] Function ereg() is deprecated D:\xampps\htdocs\university\Application\Admin\Controller\ExerciseController.class.php 第 152 行.
NOTIC: [8192] Function ereg() is deprecated D:\xampps\htdocs\university\Application\Admin\Controller\ExerciseController.class.php 第 153 行.
NOTIC: [8192] Non-static method Admin\Controller\PublicController::getInfo() should not be called statically, assuming $this from incompatible context D:\xampps\htdocs\university\Application\Admin\Controller\ExerciseController.class.php 第 313 行.
NOTIC: [2] fopen() expects at least 2 parameters, 1 given D:\xampps\htdocs\university\Application\Admin\Controller\ExerciseController.class.php 第 352 行.
NOTIC: [2] fgets() expects parameter 1 to be resource, string given D:\xampps\htdocs\university\Application\Admin\Controller\ExerciseController.class.php 第 353 行.
NOTIC: [2] fgets() expects parameter 1 to be resource, string given D:\xampps\htdocs\university\Application\Admin\Controller\ExerciseController.class.php 第 353 行.
INFO: [ app_end ] --START--
INFO: Run Behavior\ShowPageTraceBehavior [ RunTime:0.000771s ]
INFO: [ app_end ] --END-- [ RunTime:0.000814s ]

[ 2018-03-06T12:29:45+08:00 ] ::1 /university/admin.php/exercise/
INFO: [ app_init ] --START--
INFO: Run Behavior\BuildLiteBehavior [ RunTime:0.000016s ]
INFO: [ app_init ] --END-- [ RunTime:0.000628s ]
INFO: [ app_begin ] --START--
INFO: Run Behavior\ReadHtmlCacheBehavior [ RunTime:0.000925s ]
INFO: [ app_begin ] --END-- [ RunTime:0.000984s ]
NOTIC: [8] Constant MYSELF already defined D:\xampps\htdocs\university\Application\Admin\Controller\ExerciseController.class.php 第 21 行.
NOTIC: [8192] Function ereg() is deprecated D:\xampps\htdocs\university\Application\Admin\Controller\ExerciseController.class.php 第 152 行.
NOTIC: [8192] Function ereg() is deprecated D:\xampps\htdocs\university\Application\Admin\Controller\ExerciseController.class.php 第 153 行.
NOTIC: [8192] Non-static method Admin\Controller\PublicController::getInfo() should not be called statically, assuming $this from incompatible context D:\xampps\htdocs\university\Application\Admin\Controller\ExerciseController.class.php 第 313 行.
NOTIC: [2] fopen(D:\officexercise.txt): failed to open stream: Invalid argument D:\xampps\htdocs\university\Application\Admin\Controller\ExerciseController.class.php 第 352 行.
NOTIC: [2] fgets() expects parameter 1 to be resource, string given D:\xampps\htdocs\university\Application\Admin\Controller\ExerciseController.class.php 第 353 行.
NOTIC: [2] fgets() expects parameter 1 to be resource, string given D:\xampps\htdocs\university\Application\Admin\Controller\ExerciseController.class.php 第 353 行.
INFO: [ app_end ] --START--
INFO: Run Behavior\ShowPageTraceBehavior [ RunTime:0.001817s ]
INFO: [ app_end ] --END-- [ RunTime:0.001929s ]

[ 2018-03-06T12:30:01+08:00 ] ::1 /university/admin.php/exercise/
INFO: [ app_init ] --START--
INFO: Run Behavior\BuildLiteBehavior [ RunTime:0.000020s ]
INFO: [ app_init ] --END-- [ RunTime:0.000752s ]
INFO: [ app_begin ] --START--
INFO: Run Behavior\ReadHtmlCacheBehavior [ RunTime:0.001075s ]
INFO: [ app_begin ] --END-- [ RunTime:0.001158s ]
NOTIC: [8] Constant MYSELF already defined D:\xampps\htdocs\university\Application\Admin\Controller\ExerciseController.class.php 第 21 行.
NOTIC: [8192] Function ereg() is deprecated D:\xampps\htdocs\university\Application\Admin\Controller\ExerciseController.class.php 第 152 行.
NOTIC: [8192] Function ereg() is deprecated D:\xampps\htdocs\university\Application\Admin\Controller\ExerciseController.class.php 第 153 行.
NOTIC: [8192] Non-static method Admin\Controller\PublicController::getInfo() should not be called statically, assuming $this from incompatible context D:\xampps\htdocs\university\Application\Admin\Controller\ExerciseController.class.php 第 313 行.
NOTIC: [2] fgets() expects parameter 1 to be resource, string given D:\xampps\htdocs\university\Application\Admin\Controller\ExerciseController.class.php 第 353 行.
NOTIC: [2] fgets() expects parameter 1 to be resource, string given D:\xampps\htdocs\university\Application\Admin\Controller\ExerciseController.class.php 第 353 行.
INFO: [ app_end ] --START--
INFO: Run Behavior\ShowPageTraceBehavior [ RunTime:0.001094s ]
INFO: [ app_end ] --END-- [ RunTime:0.001165s ]

[ 2018-03-06T12:30:32+08:00 ] ::1 /university/admin.php/exercise/
INFO: [ app_init ] --START--
INFO: Run Behavior\BuildLiteBehavior [ RunTime:0.000018s ]
INFO: [ app_init ] --END-- [ RunTime:0.000699s ]
INFO: [ app_begin ] --START--
INFO: Run Behavior\ReadHtmlCacheBehavior [ RunTime:0.000913s ]
INFO: [ app_begin ] --END-- [ RunTime:0.000991s ]
NOTIC: [8] Constant MYSELF already defined D:\xampps\htdocs\university\Application\Admin\Controller\ExerciseController.class.php 第 21 行.
NOTIC: [8192] Function ereg() is deprecated D:\xampps\htdocs\university\Application\Admin\Controller\ExerciseController.class.php 第 152 行.
NOTIC: [8192] Function ereg() is deprecated D:\xampps\htdocs\university\Application\Admin\Controller\ExerciseController.class.php 第 153 行.
NOTIC: [8192] Non-static method Admin\Controller\PublicController::getInfo() should not be called statically, assuming $this from incompatible context D:\xampps\htdocs\university\Application\Admin\Controller\ExerciseController.class.php 第 313 行.
NOTIC: [2] fgets() expects parameter 1 to be resource, string given D:\xampps\htdocs\university\Application\Admin\Controller\ExerciseController.class.php 第 353 行.
NOTIC: [2] fgets() expects parameter 1 to be resource, string given D:\xampps\htdocs\university\Application\Admin\Controller\ExerciseController.class.php 第 353 行.
INFO: [ app_end ] --START--
INFO: Run Behavior\ShowPageTraceBehavior [ RunTime:0.000913s ]
INFO: [ app_end ] --END-- [ RunTime:0.000975s ]

[ 2018-03-06T12:32:33+08:00 ] ::1 /university/admin.php/exercise/
INFO: [ app_init ] --START--
INFO: Run Behavior\BuildLiteBehavior [ RunTime:0.000021s ]
INFO: [ app_init ] --END-- [ RunTime:0.000872s ]
INFO: [ app_begin ] --START--
INFO: Run Behavior\ReadHtmlCacheBehavior [ RunTime:0.001227s ]
INFO: [ app_begin ] --END-- [ RunTime:0.001310s ]
NOTIC: [8] Constant MYSELF already defined D:\xampps\htdocs\university\Application\Admin\Controller\ExerciseController.class.php 第 21 行.
NOTIC: [8192] Function ereg() is deprecated D:\xampps\htdocs\university\Application\Admin\Controller\ExerciseController.class.php 第 152 行.
NOTIC: [8192] Function ereg() is deprecated D:\xampps\htdocs\university\Application\Admin\Controller\ExerciseController.class.php 第 153 行.
NOTIC: [8192] Non-static method Admin\Controller\PublicController::getInfo() should not be called statically, assuming $this from incompatible context D:\xampps\htdocs\university\Application\Admin\Controller\ExerciseController.class.php 第 313 行.
INFO: [ app_end ] --START--
INFO: Run Behavior\ShowPageTraceBehavior [ RunTime:0.000730s ]
INFO: [ app_end ] --END-- [ RunTime:0.000775s ]

[ 2018-03-06T12:33:10+08:00 ] ::1 /university/admin.php/exercise/
INFO: [ app_init ] --START--
INFO: Run Behavior\BuildLiteBehavior [ RunTime:0.000035s ]
INFO: [ app_init ] --END-- [ RunTime:0.001366s ]
INFO: [ app_begin ] --START--
INFO: Run Behavior\ReadHtmlCacheBehavior [ RunTime:0.001110s ]
INFO: [ app_begin ] --END-- [ RunTime:0.001203s ]
NOTIC: [8] Constant MYSELF already defined D:\xampps\htdocs\university\Application\Admin\Controller\ExerciseController.class.php 第 21 行.
NOTIC: [8192] Function ereg() is deprecated D:\xampps\htdocs\university\Application\Admin\Controller\ExerciseController.class.php 第 152 行.
NOTIC: [8192] Function ereg() is deprecated D:\xampps\htdocs\university\Application\Admin\Controller\ExerciseController.class.php 第 153 行.
NOTIC: [8192] Non-static method Admin\Controller\PublicController::getInfo() should not be called statically, assuming $this from incompatible context D:\xampps\htdocs\university\Application\Admin\Controller\ExerciseController.class.php 第 313 行.
INFO: [ app_end ] --START--
INFO: Run Behavior\ShowPageTraceBehavior [ RunTime:0.001089s ]
INFO: [ app_end ] --END-- [ RunTime:0.001173s ]

[ 2018-03-06T12:33:35+08:00 ] ::1 /university/admin.php/exercise/
INFO: [ app_init ] --START--
INFO: Run Behavior\BuildLiteBehavior [ RunTime:0.000016s ]
INFO: [ app_init ] --END-- [ RunTime:0.000619s ]
INFO: [ app_begin ] --START--
INFO: Run Behavior\ReadHtmlCacheBehavior [ RunTime:0.000806s ]
INFO: [ app_begin ] --END-- [ RunTime:0.000871s ]
NOTIC: [8] Constant MYSELF already defined D:\xampps\htdocs\university\Application\Admin\Controller\ExerciseController.class.php 第 21 行.
NOTIC: [8192] Function ereg() is deprecated D:\xampps\htdocs\university\Application\Admin\Controller\ExerciseController.class.php 第 152 行.
NOTIC: [8192] Function ereg() is deprecated D:\xampps\htdocs\university\Application\Admin\Controller\ExerciseController.class.php 第 153 行.
NOTIC: [8192] Non-static method Admin\Controller\PublicController::getInfo() should not be called statically, assuming $this from incompatible context D:\xampps\htdocs\university\Application\Admin\Controller\ExerciseController.class.php 第 313 行.
INFO: [ app_end ] --START--
INFO: Run Behavior\ShowPageTraceBehavior [ RunTime:0.000794s ]
INFO: [ app_end ] --END-- [ RunTime:0.000854s ]

[ 2018-03-06T12:38:57+08:00 ] ::1 /university/admin.php/exercise/
INFO: [ app_init ] --START--
INFO: Run Behavior\BuildLiteBehavior [ RunTime:0.000022s ]
INFO: [ app_init ] --END-- [ RunTime:0.001000s ]
INFO: [ app_begin ] --START--
INFO: Run Behavior\ReadHtmlCacheBehavior [ RunTime:0.001249s ]
INFO: [ app_begin ] --END-- [ RunTime:0.001342s ]
NOTIC: [8] Constant MYSELF already defined D:\xampps\htdocs\university\Application\Admin\Controller\ExerciseController.class.php 第 21 行.
NOTIC: [8192] Function ereg() is deprecated D:\xampps\htdocs\university\Application\Admin\Controller\ExerciseController.class.php 第 152 行.
NOTIC: [8192] Function ereg() is deprecated D:\xampps\htdocs\university\Application\Admin\Controller\ExerciseController.class.php 第 153 行.
NOTIC: [8192] Non-static method Admin\Controller\PublicController::getInfo() should not be called statically, assuming $this from incompatible context D:\xampps\htdocs\university\Application\Admin\Controller\ExerciseController.class.php 第 313 行.
INFO: [ app_end ] --START--
INFO: Run Behavior\ShowPageTraceBehavior [ RunTime:0.001193s ]
INFO: [ app_end ] --END-- [ RunTime:0.001275s ]

[ 2018-03-06T12:43:05+08:00 ] ::1 /university/admin.php/exercise/
INFO: [ app_init ] --START--
INFO: Run Behavior\BuildLiteBehavior [ RunTime:0.000016s ]
INFO: [ app_init ] --END-- [ RunTime:0.000613s ]
INFO: [ app_begin ] --START--
INFO: Run Behavior\ReadHtmlCacheBehavior [ RunTime:0.000914s ]
INFO: [ app_begin ] --END-- [ RunTime:0.000983s ]
NOTIC: [8] Constant MYSELF already defined D:\xampps\htdocs\university\Application\Admin\Controller\ExerciseController.class.php 第 21 行.
NOTIC: [8192] Function ereg() is deprecated D:\xampps\htdocs\university\Application\Admin\Controller\ExerciseController.class.php 第 152 行.
NOTIC: [8192] Function ereg() is deprecated D:\xampps\htdocs\university\Application\Admin\Controller\ExerciseController.class.php 第 153 行.
NOTIC: [8192] Non-static method Admin\Controller\PublicController::getInfo() should not be called statically, assuming $this from incompatible context D:\xampps\htdocs\university\Application\Admin\Controller\ExerciseController.class.php 第 313 行.

[ 2018-03-06T12:46:55+08:00 ] ::1 /university/admin.php/exercise/
INFO: [ app_init ] --START--
INFO: Run Behavior\BuildLiteBehavior [ RunTime:0.000011s ]
INFO: [ app_init ] --END-- [ RunTime:0.000365s ]
INFO: [ app_begin ] --START--
INFO: Run Behavior\ReadHtmlCacheBehavior [ RunTime:0.000561s ]
INFO: [ app_begin ] --END-- [ RunTime:0.000609s ]
NOTIC: [8] Constant MYSELF already defined D:\xampps\htdocs\university\Application\Admin\Controller\ExerciseController.class.php 第 21 行.
NOTIC: [8192] Function ereg() is deprecated D:\xampps\htdocs\university\Application\Admin\Controller\ExerciseController.class.php 第 152 行.
NOTIC: [8192] Function ereg() is deprecated D:\xampps\htdocs\university\Application\Admin\Controller\ExerciseController.class.php 第 153 行.
NOTIC: [8192] Non-static method Admin\Controller\PublicController::getInfo() should not be called statically, assuming $this from incompatible context D:\xampps\htdocs\university\Application\Admin\Controller\ExerciseController.class.php 第 313 行.
INFO: [ app_end ] --START--
INFO: Run Behavior\ShowPageTraceBehavior [ RunTime:0.000590s ]
INFO: [ app_end ] --END-- [ RunTime:0.000637s ]

[ 2018-03-06T12:47:03+08:00 ] ::1 /university/admin.php/exercise/
INFO: [ app_init ] --START--
INFO: Run Behavior\BuildLiteBehavior [ RunTime:0.000014s ]
INFO: [ app_init ] --END-- [ RunTime:0.000462s ]
INFO: [ app_begin ] --START--
INFO: Run Behavior\ReadHtmlCacheBehavior [ RunTime:0.000622s ]
INFO: [ app_begin ] --END-- [ RunTime:0.000682s ]
NOTIC: [8] Constant MYSELF already defined D:\xampps\htdocs\university\Application\Admin\Controller\ExerciseController.class.php 第 21 行.
NOTIC: [8192] Function ereg() is deprecated D:\xampps\htdocs\university\Application\Admin\Controller\ExerciseController.class.php 第 152 行.
NOTIC: [8192] Function ereg() is deprecated D:\xampps\htdocs\university\Application\Admin\Controller\ExerciseController.class.php 第 153 行.
NOTIC: [8192] Non-static method Admin\Controller\PublicController::getInfo() should not be called statically, assuming $this from incompatible context D:\xampps\htdocs\university\Application\Admin\Controller\ExerciseController.class.php 第 313 行.
INFO: [ app_end ] --START--
INFO: Run Behavior\ShowPageTraceBehavior [ RunTime:0.000750s ]
INFO: [ app_end ] --END-- [ RunTime:0.000812s ]

[ 2018-03-06T12:48:04+08:00 ] ::1 /university/admin.php/exercise/
INFO: [ app_init ] --START--
INFO: Run Behavior\BuildLiteBehavior [ RunTime:0.000023s ]
INFO: [ app_init ] --END-- [ RunTime:0.000913s ]
INFO: [ app_begin ] --START--
INFO: Run Behavior\ReadHtmlCacheBehavior [ RunTime:0.001155s ]
INFO: [ app_begin ] --END-- [ RunTime:0.001252s ]
NOTIC: [8] Constant MYSELF already defined D:\xampps\htdocs\university\Application\Admin\Controller\ExerciseController.class.php 第 21 行.
NOTIC: [8192] Function ereg() is deprecated D:\xampps\htdocs\university\Application\Admin\Controller\ExerciseController.class.php 第 152 行.
NOTIC: [8192] Function ereg() is deprecated D:\xampps\htdocs\university\Application\Admin\Controller\ExerciseController.class.php 第 153 行.
NOTIC: [8192] Non-static method Admin\Controller\PublicController::getInfo() should not be called statically, assuming $this from incompatible context D:\xampps\htdocs\university\Application\Admin\Controller\ExerciseController.class.php 第 313 行.
NOTIC: [8] Undefined variable: p D:\xampps\htdocs\university\Application\Admin\Controller\ExerciseController.class.php 第 353 行.
NOTIC: [2] fwrite() expects parameter 1 to be resource, null given D:\xampps\htdocs\university\Application\Admin\Controller\ExerciseController.class.php 第 353 行.
INFO: [ app_end ] --START--
INFO: Run Behavior\ShowPageTraceBehavior [ RunTime:0.002137s ]
INFO: [ app_end ] --END-- [ RunTime:0.002292s ]

[ 2018-03-06T12:48:45+08:00 ] ::1 /university/admin.php/exercise/
INFO: [ app_init ] --START--
INFO: Run Behavior\BuildLiteBehavior [ RunTime:0.000019s ]
INFO: [ app_init ] --END-- [ RunTime:0.000759s ]
INFO: [ app_begin ] --START--
INFO: Run Behavior\ReadHtmlCacheBehavior [ RunTime:0.000950s ]
INFO: [ app_begin ] --END-- [ RunTime:0.001028s ]
NOTIC: [8] Constant MYSELF already defined D:\xampps\htdocs\university\Application\Admin\Controller\ExerciseController.class.php 第 21 行.
NOTIC: [8192] Function ereg() is deprecated D:\xampps\htdocs\university\Application\Admin\Controller\ExerciseController.class.php 第 152 行.
NOTIC: [8192] Function ereg() is deprecated D:\xampps\htdocs\university\Application\Admin\Controller\ExerciseController.class.php 第 153 行.
NOTIC: [8192] Non-static method Admin\Controller\PublicController::getInfo() should not be called statically, assuming $this from incompatible context D:\xampps\htdocs\university\Application\Admin\Controller\ExerciseController.class.php 第 313 行.
INFO: [ app_end ] --START--
INFO: Run Behavior\ShowPageTraceBehavior [ RunTime:0.000984s ]
INFO: [ app_end ] --END-- [ RunTime:0.001065s ]

[ 2018-03-06T12:49:22+08:00 ] ::1 /university/admin.php/exercise/
INFO: [ app_init ] --START--
INFO: Run Behavior\BuildLiteBehavior [ RunTime:0.000016s ]
INFO: [ app_init ] --END-- [ RunTime:0.000679s ]
INFO: [ app_begin ] --START--
INFO: Run Behavior\ReadHtmlCacheBehavior [ RunTime:0.000966s ]
INFO: [ app_begin ] --END-- [ RunTime:0.001033s ]
NOTIC: [8] Constant MYSELF already defined D:\xampps\htdocs\university\Application\Admin\Controller\ExerciseController.class.php 第 21 行.
NOTIC: [8192] Function ereg() is deprecated D:\xampps\htdocs\university\Application\Admin\Controller\ExerciseController.class.php 第 152 行.
NOTIC: [8192] Function ereg() is deprecated D:\xampps\htdocs\university\Application\Admin\Controller\ExerciseController.class.php 第 153 行.
NOTIC: [8192] Non-static method Admin\Controller\PublicController::getInfo() should not be called statically, assuming $this from incompatible context D:\xampps\htdocs\university\Application\Admin\Controller\ExerciseController.class.php 第 313 行.
INFO: [ app_end ] --START--
INFO: Run Behavior\ShowPageTraceBehavior [ RunTime:0.000993s ]
INFO: [ app_end ] --END-- [ RunTime:0.001069s ]

[ 2018-03-06T12:49:56+08:00 ] ::1 /university/admin.php/exercise/
INFO: [ app_init ] --START--
INFO: Run Behavior\BuildLiteBehavior [ RunTime:0.000019s ]
INFO: [ app_init ] --END-- [ RunTime:0.000706s ]
INFO: [ app_begin ] --START--
INFO: Run Behavior\ReadHtmlCacheBehavior [ RunTime:0.001038s ]
INFO: [ app_begin ] --END-- [ RunTime:0.001121s ]
NOTIC: [8] Constant MYSELF already defined D:\xampps\htdocs\university\Application\Admin\Controller\ExerciseController.class.php 第 21 行.
NOTIC: [8192] Function ereg() is deprecated D:\xampps\htdocs\university\Application\Admin\Controller\ExerciseController.class.php 第 152 行.
NOTIC: [8192] Function ereg() is deprecated D:\xampps\htdocs\university\Application\Admin\Controller\ExerciseController.class.php 第 153 行.
NOTIC: [8192] Non-static method Admin\Controller\PublicController::getInfo() should not be called statically, assuming $this from incompatible context D:\xampps\htdocs\university\Application\Admin\Controller\ExerciseController.class.php 第 313 行.
INFO: [ app_end ] --START--
INFO: Run Behavior\ShowPageTraceBehavior [ RunTime:0.000809s ]
INFO: [ app_end ] --END-- [ RunTime:0.000880s ]

[ 2018-03-06T12:52:23+08:00 ] ::1 /university/admin.php/exercise/
INFO: [ app_init ] --START--
INFO: Run Behavior\BuildLiteBehavior [ RunTime:0.000017s ]
INFO: [ app_init ] --END-- [ RunTime:0.000719s ]
INFO: [ app_begin ] --START--
INFO: Run Behavior\ReadHtmlCacheBehavior [ RunTime:0.001048s ]
INFO: [ app_begin ] --END-- [ RunTime:0.001122s ]
NOTIC: [8] Constant MYSELF already defined D:\xampps\htdocs\university\Application\Admin\Controller\ExerciseController.class.php 第 21 行.
NOTIC: [8192] Function ereg() is deprecated D:\xampps\htdocs\university\Application\Admin\Controller\ExerciseController.class.php 第 152 行.
NOTIC: [8192] Function ereg() is deprecated D:\xampps\htdocs\university\Application\Admin\Controller\ExerciseController.class.php 第 153 行.
NOTIC: [8192] Non-static method Admin\Controller\PublicController::getInfo() should not be called statically, assuming $this from incompatible context D:\xampps\htdocs\university\Application\Admin\Controller\ExerciseController.class.php 第 313 行.
INFO: [ app_end ] --START--
INFO: Run Behavior\ShowPageTraceBehavior [ RunTime:0.002284s ]
INFO: [ app_end ] --END-- [ RunTime:0.002485s ]

[ 2018-03-06T12:54:48+08:00 ] ::1 /university/admin.php/exercise/
INFO: [ app_init ] --START--
INFO: Run Behavior\BuildLiteBehavior [ RunTime:0.000013s ]
INFO: [ app_init ] --END-- [ RunTime:0.000537s ]
INFO: [ app_begin ] --START--
INFO: Run Behavior\ReadHtmlCacheBehavior [ RunTime:0.000752s ]
INFO: [ app_begin ] --END-- [ RunTime:0.000801s ]
NOTIC: [8] Constant MYSELF already defined D:\xampps\htdocs\university\Application\Admin\Controller\ExerciseController.class.php 第 21 行.
NOTIC: [8192] Function ereg() is deprecated D:\xampps\htdocs\university\Application\Admin\Controller\ExerciseController.class.php 第 152 行.
NOTIC: [8192] Function ereg() is deprecated D:\xampps\htdocs\university\Application\Admin\Controller\ExerciseController.class.php 第 153 行.
NOTIC: [8192] Non-static method Admin\Controller\PublicController::getInfo() should not be called statically, assuming $this from incompatible context D:\xampps\htdocs\university\Application\Admin\Controller\ExerciseController.class.php 第 313 行.
INFO: [ app_end ] --START--
INFO: Run Behavior\ShowPageTraceBehavior [ RunTime:0.000684s ]
INFO: [ app_end ] --END-- [ RunTime:0.000730s ]

[ 2018-03-06T12:55:21+08:00 ] ::1 /university/admin.php/exercise/
INFO: [ app_init ] --START--
INFO: Run Behavior\BuildLiteBehavior [ RunTime:0.000022s ]
INFO: [ app_init ] --END-- [ RunTime:0.000921s ]
INFO: [ app_begin ] --START--
INFO: Run Behavior\ReadHtmlCacheBehavior [ RunTime:0.001122s ]
INFO: [ app_begin ] --END-- [ RunTime:0.001216s ]
NOTIC: [8] Constant MYSELF already defined D:\xampps\htdocs\university\Application\Admin\Controller\ExerciseController.class.php 第 21 行.
NOTIC: [8192] Function ereg() is deprecated D:\xampps\htdocs\university\Application\Admin\Controller\ExerciseController.class.php 第 152 行.
NOTIC: [8192] Function ereg() is deprecated D:\xampps\htdocs\university\Application\Admin\Controller\ExerciseController.class.php 第 153 行.
NOTIC: [8192] Non-static method Admin\Controller\PublicController::getInfo() should not be called statically, assuming $this from incompatible context D:\xampps\htdocs\university\Application\Admin\Controller\ExerciseController.class.php 第 313 行.
INFO: [ app_end ] --START--
INFO: Run Behavior\ShowPageTraceBehavior [ RunTime:0.001490s ]
INFO: [ app_end ] --END-- [ RunTime:0.001589s ]

[ 2018-03-06T12:55:51+08:00 ] ::1 /university/admin.php/exercise/
INFO: [ app_init ] --START--
INFO: Run Behavior\BuildLiteBehavior [ RunTime:0.000016s ]
INFO: [ app_init ] --END-- [ RunTime:0.000618s ]
INFO: [ app_begin ] --START--
INFO: Run Behavior\ReadHtmlCacheBehavior [ RunTime:0.000833s ]
INFO: [ app_begin ] --END-- [ RunTime:0.000903s ]
NOTIC: [8] Constant MYSELF already defined D:\xampps\htdocs\university\Application\Admin\Controller\ExerciseController.class.php 第 21 行.
NOTIC: [8192] Function ereg() is deprecated D:\xampps\htdocs\university\Application\Admin\Controller\ExerciseController.class.php 第 152 行.
NOTIC: [8192] Function ereg() is deprecated D:\xampps\htdocs\university\Application\Admin\Controller\ExerciseController.class.php 第 153 行.
NOTIC: [8192] Non-static method Admin\Controller\PublicController::getInfo() should not be called statically, assuming $this from incompatible context D:\xampps\htdocs\university\Application\Admin\Controller\ExerciseController.class.php 第 313 行.
INFO: [ app_end ] --START--
INFO: Run Behavior\ShowPageTraceBehavior [ RunTime:0.000887s ]
INFO: [ app_end ] --END-- [ RunTime:0.000960s ]

[ 2018-03-06T12:55:52+08:00 ] ::1 /university/admin.php/exercise/
INFO: [ app_init ] --START--
INFO: Run Behavior\BuildLiteBehavior [ RunTime:0.000013s ]
INFO: [ app_init ] --END-- [ RunTime:0.000502s ]
INFO: [ app_begin ] --START--
INFO: Run Behavior\ReadHtmlCacheBehavior [ RunTime:0.000639s ]
INFO: [ app_begin ] --END-- [ RunTime:0.000695s ]
NOTIC: [8] Constant MYSELF already defined D:\xampps\htdocs\university\Application\Admin\Controller\ExerciseController.class.php 第 21 行.
NOTIC: [8192] Function ereg() is deprecated D:\xampps\htdocs\university\Application\Admin\Controller\ExerciseController.class.php 第 152 行.
NOTIC: [8192] Function ereg() is deprecated D:\xampps\htdocs\university\Application\Admin\Controller\ExerciseController.class.php 第 153 行.
NOTIC: [8192] Non-static method Admin\Controller\PublicController::getInfo() should not be called statically, assuming $this from incompatible context D:\xampps\htdocs\university\Application\Admin\Controller\ExerciseController.class.php 第 313 行.
INFO: [ app_end ] --START--
INFO: Run Behavior\ShowPageTraceBehavior [ RunTime:0.000678s ]
INFO: [ app_end ] --END-- [ RunTime:0.000744s ]

[ 2018-03-06T12:55:52+08:00 ] ::1 /university/admin.php/exercise/
INFO: [ app_init ] --START--
INFO: Run Behavior\BuildLiteBehavior [ RunTime:0.000011s ]
INFO: [ app_init ] --END-- [ RunTime:0.000408s ]
INFO: [ app_begin ] --START--
INFO: Run Behavior\ReadHtmlCacheBehavior [ RunTime:0.000516s ]
INFO: [ app_begin ] --END-- [ RunTime:0.000555s ]
NOTIC: [8] Constant MYSELF already defined D:\xampps\htdocs\university\Application\Admin\Controller\ExerciseController.class.php 第 21 行.
NOTIC: [8192] Function ereg() is deprecated D:\xampps\htdocs\university\Application\Admin\Controller\ExerciseController.class.php 第 152 行.
NOTIC: [8192] Function ereg() is deprecated D:\xampps\htdocs\university\Application\Admin\Controller\ExerciseController.class.php 第 153 行.
NOTIC: [8192] Non-static method Admin\Controller\PublicController::getInfo() should not be called statically, assuming $this from incompatible context D:\xampps\htdocs\university\Application\Admin\Controller\ExerciseController.class.php 第 313 行.
INFO: [ app_end ] --START--
INFO: Run Behavior\ShowPageTraceBehavior [ RunTime:0.000614s ]
INFO: [ app_end ] --END-- [ RunTime:0.000666s ]

[ 2018-03-06T12:55:53+08:00 ] ::1 /university/admin.php/exercise/
INFO: [ app_init ] --START--
INFO: Run Behavior\BuildLiteBehavior [ RunTime:0.000019s ]
INFO: [ app_init ] --END-- [ RunTime:0.000676s ]
INFO: [ app_begin ] --START--
INFO: Run Behavior\ReadHtmlCacheBehavior [ RunTime:0.001311s ]
INFO: [ app_begin ] --END-- [ RunTime:0.001441s ]
NOTIC: [8] Constant MYSELF already defined D:\xampps\htdocs\university\Application\Admin\Controller\ExerciseController.class.php 第 21 行.
NOTIC: [8192] Function ereg() is deprecated D:\xampps\htdocs\university\Application\Admin\Controller\ExerciseController.class.php 第 152 行.
NOTIC: [8192] Function ereg() is deprecated D:\xampps\htdocs\university\Application\Admin\Controller\ExerciseController.class.php 第 153 行.
NOTIC: [8192] Non-static method Admin\Controller\PublicController::getInfo() should not be called statically, assuming $this from incompatible context D:\xampps\htdocs\university\Application\Admin\Controller\ExerciseController.class.php 第 313 行.
INFO: [ app_end ] --START--
INFO: Run Behavior\ShowPageTraceBehavior [ RunTime:0.001406s ]
INFO: [ app_end ] --END-- [ RunTime:0.001540s ]

[ 2018-03-06T12:56:31+08:00 ] ::1 /university/admin.php/exercise/
INFO: [ app_init ] --START--
INFO: Run Behavior\BuildLiteBehavior [ RunTime:0.000016s ]
INFO: [ app_init ] --END-- [ RunTime:0.000623s ]
INFO: [ app_begin ] --START--
INFO: Run Behavior\ReadHtmlCacheBehavior [ RunTime:0.000884s ]
INFO: [ app_begin ] --END-- [ RunTime:0.000953s ]
NOTIC: [8] Constant MYSELF already defined D:\xampps\htdocs\university\Application\Admin\Controller\ExerciseController.class.php 第 21 行.
NOTIC: [8192] Function ereg() is deprecated D:\xampps\htdocs\university\Application\Admin\Controller\ExerciseController.class.php 第 152 行.
NOTIC: [8192] Function ereg() is deprecated D:\xampps\htdocs\university\Application\Admin\Controller\ExerciseController.class.php 第 153 行.
NOTIC: [8192] Non-static method Admin\Controller\PublicController::getInfo() should not be called statically, assuming $this from incompatible context D:\xampps\htdocs\university\Application\Admin\Controller\ExerciseController.class.php 第 313 行.
INFO: [ app_end ] --START--
INFO: Run Behavior\ShowPageTraceBehavior [ RunTime:0.000592s ]
INFO: [ app_end ] --END-- [ RunTime:0.000657s ]

[ 2018-03-06T12:56:51+08:00 ] ::1 /university/admin.php/exercise/
INFO: [ app_init ] --START--
INFO: Run Behavior\BuildLiteBehavior [ RunTime:0.000022s ]
INFO: [ app_init ] --END-- [ RunTime:0.000974s ]
INFO: [ app_begin ] --START--
INFO: Run Behavior\ReadHtmlCacheBehavior [ RunTime:0.001387s ]
INFO: [ app_begin ] --END-- [ RunTime:0.001482s ]
NOTIC: [8] Constant MYSELF already defined D:\xampps\htdocs\university\Application\Admin\Controller\ExerciseController.class.php 第 21 行.
NOTIC: [8192] Function ereg() is deprecated D:\xampps\htdocs\university\Application\Admin\Controller\ExerciseController.class.php 第 152 行.
NOTIC: [8192] Function ereg() is deprecated D:\xampps\htdocs\university\Application\Admin\Controller\ExerciseController.class.php 第 153 行.
NOTIC: [8192] Non-static method Admin\Controller\PublicController::getInfo() should not be called statically, assuming $this from incompatible context D:\xampps\htdocs\university\Application\Admin\Controller\ExerciseController.class.php 第 313 行.
INFO: [ app_end ] --START--
INFO: Run Behavior\ShowPageTraceBehavior [ RunTime:0.001399s ]
INFO: [ app_end ] --END-- [ RunTime:0.001497s ]

[ 2018-03-06T12:56:53+08:00 ] ::1 /university/admin.php/exercise/
INFO: [ app_init ] --START--
INFO: Run Behavior\BuildLiteBehavior [ RunTime:0.000010s ]
INFO: [ app_init ] --END-- [ RunTime:0.000338s ]
INFO: [ app_begin ] --START--
INFO: Run Behavior\ReadHtmlCacheBehavior [ RunTime:0.000431s ]
INFO: [ app_begin ] --END-- [ RunTime:0.000468s ]
NOTIC: [8] Constant MYSELF already defined D:\xampps\htdocs\university\Application\Admin\Controller\ExerciseController.class.php 第 21 行.
NOTIC: [8192] Function ereg() is deprecated D:\xampps\htdocs\university\Application\Admin\Controller\ExerciseController.class.php 第 152 行.
NOTIC: [8192] Function ereg() is deprecated D:\xampps\htdocs\university\Application\Admin\Controller\ExerciseController.class.php 第 153 行.
NOTIC: [8192] Non-static method Admin\Controller\PublicController::getInfo() should not be called statically, assuming $this from incompatible context D:\xampps\htdocs\university\Application\Admin\Controller\ExerciseController.class.php 第 313 行.
INFO: [ app_end ] --START--
INFO: Run Behavior\ShowPageTraceBehavior [ RunTime:0.000496s ]
INFO: [ app_end ] --END-- [ RunTime:0.000542s ]

[ 2018-03-06T12:56:54+08:00 ] ::1 /university/admin.php/exercise/
INFO: [ app_init ] --START--
INFO: Run Behavior\BuildLiteBehavior [ RunTime:0.000025s ]
INFO: [ app_init ] --END-- [ RunTime:0.000768s ]
INFO: [ app_begin ] --START--
INFO: Run Behavior\ReadHtmlCacheBehavior [ RunTime:0.001091s ]
INFO: [ app_begin ] --END-- [ RunTime:0.001184s ]
NOTIC: [8] Constant MYSELF already defined D:\xampps\htdocs\university\Application\Admin\Controller\ExerciseController.class.php 第 21 行.
NOTIC: [8192] Function ereg() is deprecated D:\xampps\htdocs\university\Application\Admin\Controller\ExerciseController.class.php 第 152 行.
NOTIC: [8192] Function ereg() is deprecated D:\xampps\htdocs\university\Application\Admin\Controller\ExerciseController.class.php 第 153 行.
NOTIC: [8192] Non-static method Admin\Controller\PublicController::getInfo() should not be called statically, assuming $this from incompatible context D:\xampps\htdocs\university\Application\Admin\Controller\ExerciseController.class.php 第 313 行.
INFO: [ app_end ] --START--
INFO: Run Behavior\ShowPageTraceBehavior [ RunTime:0.001143s ]
INFO: [ app_end ] --END-- [ RunTime:0.001254s ]

[ 2018-03-06T12:57:30+08:00 ] ::1 /university/admin.php/exercise/
INFO: [ app_init ] --START--
INFO: Run Behavior\BuildLiteBehavior [ RunTime:0.000013s ]
INFO: [ app_init ] --END-- [ RunTime:0.000540s ]
INFO: [ app_begin ] --START--
INFO: Run Behavior\ReadHtmlCacheBehavior [ RunTime:0.000701s ]
INFO: [ app_begin ] --END-- [ RunTime:0.000754s ]
NOTIC: [8] Constant MYSELF already defined D:\xampps\htdocs\university\Application\Admin\Controller\ExerciseController.class.php 第 21 行.
NOTIC: [8192] Function ereg() is deprecated D:\xampps\htdocs\university\Application\Admin\Controller\ExerciseController.class.php 第 152 行.
NOTIC: [8192] Function ereg() is deprecated D:\xampps\htdocs\university\Application\Admin\Controller\ExerciseController.class.php 第 153 行.
NOTIC: [8192] Non-static method Admin\Controller\PublicController::getInfo() should not be called statically, assuming $this from incompatible context D:\xampps\htdocs\university\Application\Admin\Controller\ExerciseController.class.php 第 313 行.
INFO: [ app_end ] --START--
INFO: Run Behavior\ShowPageTraceBehavior [ RunTime:0.000698s ]
INFO: [ app_end ] --END-- [ RunTime:0.000752s ]

[ 2018-03-06T12:59:23+08:00 ] ::1 /university/admin.php/exercise/
INFO: [ app_init ] --START--
INFO: Run Behavior\BuildLiteBehavior [ RunTime:0.000015s ]
INFO: [ app_init ] --END-- [ RunTime:0.000598s ]
INFO: [ app_begin ] --START--
INFO: Run Behavior\ReadHtmlCacheBehavior [ RunTime:0.000920s ]
INFO: [ app_begin ] --END-- [ RunTime:0.000982s ]
NOTIC: [8] Constant MYSELF already defined D:\xampps\htdocs\university\Application\Admin\Controller\ExerciseController.class.php 第 21 行.
NOTIC: [8192] Function ereg() is deprecated D:\xampps\htdocs\university\Application\Admin\Controller\ExerciseController.class.php 第 152 行.
NOTIC: [8192] Function ereg() is deprecated D:\xampps\htdocs\university\Application\Admin\Controller\ExerciseController.class.php 第 153 行.
NOTIC: [8192] Non-static method Admin\Controller\PublicController::getInfo() should not be called statically, assuming $this from incompatible context D:\xampps\htdocs\university\Application\Admin\Controller\ExerciseController.class.php 第 313 行.
INFO: [ app_end ] --START--
INFO: Run Behavior\ShowPageTraceBehavior [ RunTime:0.000917s ]
INFO: [ app_end ] --END-- [ RunTime:0.000983s ]

[ 2018-03-06T13:01:43+08:00 ] ::1 /university/admin.php/exercise/
INFO: [ app_init ] --START--
INFO: Run Behavior\BuildLiteBehavior [ RunTime:0.000021s ]
INFO: [ app_init ] --END-- [ RunTime:0.000866s ]
INFO: [ app_begin ] --START--
INFO: Run Behavior\ReadHtmlCacheBehavior [ RunTime:0.001343s ]
INFO: [ app_begin ] --END-- [ RunTime:0.001441s ]
NOTIC: [8] Constant MYSELF already defined D:\xampps\htdocs\university\Application\Admin\Controller\ExerciseController.class.php 第 21 行.
NOTIC: [8192] Function ereg() is deprecated D:\xampps\htdocs\university\Application\Admin\Controller\ExerciseController.class.php 第 152 行.
NOTIC: [8192] Function ereg() is deprecated D:\xampps\htdocs\university\Application\Admin\Controller\ExerciseController.class.php 第 153 行.
NOTIC: [8192] Non-static method Admin\Controller\PublicController::getInfo() should not be called statically, assuming $this from incompatible context D:\xampps\htdocs\university\Application\Admin\Controller\ExerciseController.class.php 第 313 行.
INFO: [ app_end ] --START--
INFO: Run Behavior\ShowPageTraceBehavior [ RunTime:0.001144s ]
INFO: [ app_end ] --END-- [ RunTime:0.001211s ]

[ 2018-03-06T13:07:03+08:00 ] ::1 /university/admin.php/exercise/
INFO: [ app_init ] --START--
INFO: Run Behavior\BuildLiteBehavior [ RunTime:0.000019s ]
INFO: [ app_init ] --END-- [ RunTime:0.000729s ]
INFO: [ app_begin ] --START--
INFO: Run Behavior\ReadHtmlCacheBehavior [ RunTime:0.001095s ]
INFO: [ app_begin ] --END-- [ RunTime:0.001175s ]
NOTIC: [8] Constant MYSELF already defined D:\xampps\htdocs\university\Application\Admin\Controller\ExerciseController.class.php 第 21 行.
NOTIC: [8192] Function ereg() is deprecated D:\xampps\htdocs\university\Application\Admin\Controller\ExerciseController.class.php 第 152 行.
NOTIC: [8192] Function ereg() is deprecated D:\xampps\htdocs\university\Application\Admin\Controller\ExerciseController.class.php 第 153 行.
NOTIC: [8192] Non-static method Admin\Controller\PublicController::getInfo() should not be called statically, assuming $this from incompatible context D:\xampps\htdocs\university\Application\Admin\Controller\ExerciseController.class.php 第 313 行.
INFO: [ app_end ] --START--
INFO: Run Behavior\ShowPageTraceBehavior [ RunTime:0.000910s ]
INFO: [ app_end ] --END-- [ RunTime:0.000979s ]

[ 2018-03-06T14:53:45+08:00 ] ::1 /university/admin.php/exercise/
INFO: [ app_init ] --START--
INFO: Run Behavior\BuildLiteBehavior [ RunTime:0.000015s ]
INFO: [ app_init ] --END-- [ RunTime:0.000580s ]
INFO: [ app_begin ] --START--
INFO: Run Behavior\ReadHtmlCacheBehavior [ RunTime:0.000736s ]
INFO: [ app_begin ] --END-- [ RunTime:0.000811s ]
NOTIC: [8] Constant MYSELF already defined D:\xampps\htdocs\university\Application\Admin\Controller\ExerciseController.class.php 第 21 行.
NOTIC: [8192] Function ereg() is deprecated D:\xampps\htdocs\university\Application\Admin\Controller\ExerciseController.class.php 第 152 行.
NOTIC: [8192] Function ereg() is deprecated D:\xampps\htdocs\university\Application\Admin\Controller\ExerciseController.class.php 第 153 行.
NOTIC: [8192] Non-static method Admin\Controller\PublicController::getInfo() should not be called statically, assuming $this from incompatible context D:\xampps\htdocs\university\Application\Admin\Controller\ExerciseController.class.php 第 313 行.
INFO: [ app_end ] --START--
INFO: Run Behavior\ShowPageTraceBehavior [ RunTime:0.000552s ]
INFO: [ app_end ] --END-- [ RunTime:0.000593s ]

[ 2018-03-06T14:55:32+08:00 ] ::1 /university/admin.php/exercise/
INFO: [ app_init ] --START--
INFO: Run Behavior\BuildLiteBehavior [ RunTime:0.000025s ]
INFO: [ app_init ] --END-- [ RunTime:0.000746s ]
INFO: [ app_begin ] --START--
INFO: Run Behavior\ReadHtmlCacheBehavior [ RunTime:0.000976s ]
INFO: [ app_begin ] --END-- [ RunTime:0.001054s ]
NOTIC: [8] Constant MYSELF already defined D:\xampps\htdocs\university\Application\Admin\Controller\ExerciseController.class.php 第 21 行.
NOTIC: [8192] Function ereg() is deprecated D:\xampps\htdocs\university\Application\Admin\Controller\ExerciseController.class.php 第 152 行.
NOTIC: [8192] Function ereg() is deprecated D:\xampps\htdocs\university\Application\Admin\Controller\ExerciseController.class.php 第 153 行.
NOTIC: [8192] Non-static method Admin\Controller\PublicController::getInfo() should not be called statically, assuming $this from incompatible context D:\xampps\htdocs\university\Application\Admin\Controller\ExerciseController.class.php 第 313 行.
INFO: [ app_end ] --START--
INFO: Run Behavior\ShowPageTraceBehavior [ RunTime:0.000523s ]
INFO: [ app_end ] --END-- [ RunTime:0.000557s ]

[ 2018-03-06T14:55:37+08:00 ] ::1 /university/admin.php/exercise/
INFO: [ app_init ] --START--
INFO: Run Behavior\BuildLiteBehavior [ RunTime:0.000021s ]
INFO: [ app_init ] --END-- [ RunTime:0.000841s ]
INFO: [ app_begin ] --START--
INFO: Run Behavior\ReadHtmlCacheBehavior [ RunTime:0.001146s ]
INFO: [ app_begin ] --END-- [ RunTime:0.001240s ]
NOTIC: [8] Constant MYSELF already defined D:\xampps\htdocs\university\Application\Admin\Controller\ExerciseController.class.php 第 21 行.
NOTIC: [8192] Function ereg() is deprecated D:\xampps\htdocs\university\Application\Admin\Controller\ExerciseController.class.php 第 152 行.
NOTIC: [8192] Function ereg() is deprecated D:\xampps\htdocs\university\Application\Admin\Controller\ExerciseController.class.php 第 153 行.
NOTIC: [8192] Non-static method Admin\Controller\PublicController::getInfo() should not be called statically, assuming $this from incompatible context D:\xampps\htdocs\university\Application\Admin\Controller\ExerciseController.class.php 第 313 行.
INFO: [ app_end ] --START--
INFO: Run Behavior\ShowPageTraceBehavior [ RunTime:0.001161s ]
INFO: [ app_end ] --END-- [ RunTime:0.001250s ]

[ 2018-03-06T14:55:37+08:00 ] ::1 /university/admin.php/exercise/
INFO: [ app_init ] --START--
INFO: Run Behavior\BuildLiteBehavior [ RunTime:0.000037s ]
INFO: [ app_init ] --END-- [ RunTime:0.001398s ]
INFO: [ app_begin ] --START--
INFO: Run Behavior\ReadHtmlCacheBehavior [ RunTime:0.001847s ]
INFO: [ app_begin ] --END-- [ RunTime:0.002003s ]
NOTIC: [8] Constant MYSELF already defined D:\xampps\htdocs\university\Application\Admin\Controller\ExerciseController.class.php 第 21 行.
NOTIC: [8192] Function ereg() is deprecated D:\xampps\htdocs\university\Application\Admin\Controller\ExerciseController.class.php 第 152 行.
NOTIC: [8192] Function ereg() is deprecated D:\xampps\htdocs\university\Application\Admin\Controller\ExerciseController.class.php 第 153 行.
NOTIC: [8192] Non-static method Admin\Controller\PublicController::getInfo() should not be called statically, assuming $this from incompatible context D:\xampps\htdocs\university\Application\Admin\Controller\ExerciseController.class.php 第 313 行.
INFO: [ app_end ] --START--
INFO: Run Behavior\ShowPageTraceBehavior [ RunTime:0.000914s ]
INFO: [ app_end ] --END-- [ RunTime:0.000982s ]

[ 2018-03-06T14:55:38+08:00 ] ::1 /university/admin.php/exercise/
INFO: [ app_init ] --START--
INFO: Run Behavior\BuildLiteBehavior [ RunTime:0.000025s ]
INFO: [ app_init ] --END-- [ RunTime:0.000936s ]
INFO: [ app_begin ] --START--
INFO: Run Behavior\ReadHtmlCacheBehavior [ RunTime:0.001562s ]
INFO: [ app_begin ] --END-- [ RunTime:0.001692s ]
NOTIC: [8] Constant MYSELF already defined D:\xampps\htdocs\university\Application\Admin\Controller\ExerciseController.class.php 第 21 行.
NOTIC: [8192] Function ereg() is deprecated D:\xampps\htdocs\university\Application\Admin\Controller\ExerciseController.class.php 第 152 行.
NOTIC: [8192] Function ereg() is deprecated D:\xampps\htdocs\university\Application\Admin\Controller\ExerciseController.class.php 第 153 行.
NOTIC: [8192] Non-static method Admin\Controller\PublicController::getInfo() should not be called statically, assuming $this from incompatible context D:\xampps\htdocs\university\Application\Admin\Controller\ExerciseController.class.php 第 313 行.
INFO: [ app_end ] --START--
INFO: Run Behavior\ShowPageTraceBehavior [ RunTime:0.001289s ]
INFO: [ app_end ] --END-- [ RunTime:0.001388s ]

[ 2018-03-06T14:55:38+08:00 ] ::1 /university/admin.php/exercise/
INFO: [ app_init ] --START--
INFO: Run Behavior\BuildLiteBehavior [ RunTime:0.000017s ]
INFO: [ app_init ] --END-- [ RunTime:0.000607s ]
INFO: [ app_begin ] --START--
INFO: Run Behavior\ReadHtmlCacheBehavior [ RunTime:0.000855s ]
INFO: [ app_begin ] --END-- [ RunTime:0.000929s ]
NOTIC: [8] Constant MYSELF already defined D:\xampps\htdocs\university\Application\Admin\Controller\ExerciseController.class.php 第 21 行.
NOTIC: [8192] Function ereg() is deprecated D:\xampps\htdocs\university\Application\Admin\Controller\ExerciseController.class.php 第 152 行.
NOTIC: [8192] Function ereg() is deprecated D:\xampps\htdocs\university\Application\Admin\Controller\ExerciseController.class.php 第 153 行.
NOTIC: [8192] Non-static method Admin\Controller\PublicController::getInfo() should not be called statically, assuming $this from incompatible context D:\xampps\htdocs\university\Application\Admin\Controller\ExerciseController.class.php 第 313 行.
INFO: [ app_end ] --START--
INFO: Run Behavior\ShowPageTraceBehavior [ RunTime:0.000863s ]
INFO: [ app_end ] --END-- [ RunTime:0.000932s ]

[ 2018-03-06T14:55:38+08:00 ] ::1 /university/admin.php/exercise/
INFO: [ app_init ] --START--
INFO: Run Behavior\BuildLiteBehavior [ RunTime:0.000016s ]
INFO: [ app_init ] --END-- [ RunTime:0.000575s ]
INFO: [ app_begin ] --START--
INFO: Run Behavior\ReadHtmlCacheBehavior [ RunTime:0.000808s ]
INFO: [ app_begin ] --END-- [ RunTime:0.000877s ]
NOTIC: [8] Constant MYSELF already defined D:\xampps\htdocs\university\Application\Admin\Controller\ExerciseController.class.php 第 21 行.
NOTIC: [8192] Function ereg() is deprecated D:\xampps\htdocs\university\Application\Admin\Controller\ExerciseController.class.php 第 152 行.
NOTIC: [8192] Function ereg() is deprecated D:\xampps\htdocs\university\Application\Admin\Controller\ExerciseController.class.php 第 153 行.
NOTIC: [8192] Non-static method Admin\Controller\PublicController::getInfo() should not be called statically, assuming $this from incompatible context D:\xampps\htdocs\university\Application\Admin\Controller\ExerciseController.class.php 第 313 行.
INFO: [ app_end ] --START--
INFO: Run Behavior\ShowPageTraceBehavior [ RunTime:0.000804s ]
INFO: [ app_end ] --END-- [ RunTime:0.000863s ]

[ 2018-03-06T14:55:39+08:00 ] ::1 /university/admin.php/exercise/
INFO: [ app_init ] --START--
INFO: Run Behavior\BuildLiteBehavior [ RunTime:0.000011s ]
INFO: [ app_init ] --END-- [ RunTime:0.000361s ]
INFO: [ app_begin ] --START--
INFO: Run Behavior\ReadHtmlCacheBehavior [ RunTime:0.000480s ]
INFO: [ app_begin ] --END-- [ RunTime:0.000519s ]
NOTIC: [8] Constant MYSELF already defined D:\xampps\htdocs\university\Application\Admin\Controller\ExerciseController.class.php 第 21 行.
NOTIC: [8192] Function ereg() is deprecated D:\xampps\htdocs\university\Application\Admin\Controller\ExerciseController.class.php 第 152 行.
NOTIC: [8192] Function ereg() is deprecated D:\xampps\htdocs\university\Application\Admin\Controller\ExerciseController.class.php 第 153 行.
NOTIC: [8192] Non-static method Admin\Controller\PublicController::getInfo() should not be called statically, assuming $this from incompatible context D:\xampps\htdocs\university\Application\Admin\Controller\ExerciseController.class.php 第 313 行.
INFO: [ app_end ] --START--
INFO: Run Behavior\ShowPageTraceBehavior [ RunTime:0.000697s ]
INFO: [ app_end ] --END-- [ RunTime:0.000761s ]

[ 2018-03-06T14:55:39+08:00 ] ::1 /university/admin.php/exercise/
INFO: [ app_init ] --START--
INFO: Run Behavior\BuildLiteBehavior [ RunTime:0.000017s ]
INFO: [ app_init ] --END-- [ RunTime:0.000711s ]
INFO: [ app_begin ] --START--
INFO: Run Behavior\ReadHtmlCacheBehavior [ RunTime:0.000842s ]
INFO: [ app_begin ] --END-- [ RunTime:0.000912s ]
NOTIC: [8] Constant MYSELF already defined D:\xampps\htdocs\university\Application\Admin\Controller\ExerciseController.class.php 第 21 行.
NOTIC: [8192] Function ereg() is deprecated D:\xampps\htdocs\university\Application\Admin\Controller\ExerciseController.class.php 第 152 行.
NOTIC: [8192] Function ereg() is deprecated D:\xampps\htdocs\university\Application\Admin\Controller\ExerciseController.class.php 第 153 行.
NOTIC: [8192] Non-static method Admin\Controller\PublicController::getInfo() should not be called statically, assuming $this from incompatible context D:\xampps\htdocs\university\Application\Admin\Controller\ExerciseController.class.php 第 313 行.
INFO: [ app_end ] --START--
INFO: Run Behavior\ShowPageTraceBehavior [ RunTime:0.000896s ]
INFO: [ app_end ] --END-- [ RunTime:0.000959s ]

[ 2018-03-06T14:55:39+08:00 ] ::1 /university/admin.php/exercise/
INFO: [ app_init ] --START--
INFO: Run Behavior\BuildLiteBehavior [ RunTime:0.000009s ]
INFO: [ app_init ] --END-- [ RunTime:0.000319s ]
INFO: [ app_begin ] --START--
INFO: Run Behavior\ReadHtmlCacheBehavior [ RunTime:0.000432s ]
INFO: [ app_begin ] --END-- [ RunTime:0.000467s ]
NOTIC: [8] Constant MYSELF already defined D:\xampps\htdocs\university\Application\Admin\Controller\ExerciseController.class.php 第 21 行.
NOTIC: [8192] Function ereg() is deprecated D:\xampps\htdocs\university\Application\Admin\Controller\ExerciseController.class.php 第 152 行.
NOTIC: [8192] Function ereg() is deprecated D:\xampps\htdocs\university\Application\Admin\Controller\ExerciseController.class.php 第 153 行.
NOTIC: [8192] Non-static method Admin\Controller\PublicController::getInfo() should not be called statically, assuming $this from incompatible context D:\xampps\htdocs\university\Application\Admin\Controller\ExerciseController.class.php 第 313 行.
INFO: [ app_end ] --START--
INFO: Run Behavior\ShowPageTraceBehavior [ RunTime:0.000524s ]
INFO: [ app_end ] --END-- [ RunTime:0.000567s ]

[ 2018-03-06T14:55:40+08:00 ] ::1 /university/admin.php/exercise/
INFO: [ app_init ] --START--
INFO: Run Behavior\BuildLiteBehavior [ RunTime:0.000016s ]
INFO: [ app_init ] --END-- [ RunTime:0.000591s ]
INFO: [ app_begin ] --START--
INFO: Run Behavior\ReadHtmlCacheBehavior [ RunTime:0.000814s ]
INFO: [ app_begin ] --END-- [ RunTime:0.000885s ]
NOTIC: [8] Constant MYSELF already defined D:\xampps\htdocs\university\Application\Admin\Controller\ExerciseController.class.php 第 21 行.
NOTIC: [8192] Function ereg() is deprecated D:\xampps\htdocs\university\Application\Admin\Controller\ExerciseController.class.php 第 152 行.
NOTIC: [8192] Function ereg() is deprecated D:\xampps\htdocs\university\Application\Admin\Controller\ExerciseController.class.php 第 153 行.
NOTIC: [8192] Non-static method Admin\Controller\PublicController::getInfo() should not be called statically, assuming $this from incompatible context D:\xampps\htdocs\university\Application\Admin\Controller\ExerciseController.class.php 第 313 行.
INFO: [ app_end ] --START--
INFO: Run Behavior\ShowPageTraceBehavior [ RunTime:0.000806s ]
INFO: [ app_end ] --END-- [ RunTime:0.000865s ]

[ 2018-03-06T14:55:40+08:00 ] ::1 /university/admin.php/exercise/
INFO: [ app_init ] --START--
INFO: Run Behavior\BuildLiteBehavior [ RunTime:0.000016s ]
INFO: [ app_init ] --END-- [ RunTime:0.000543s ]
INFO: [ app_begin ] --START--
INFO: Run Behavior\ReadHtmlCacheBehavior [ RunTime:0.000725s ]
INFO: [ app_begin ] --END-- [ RunTime:0.000785s ]
NOTIC: [8] Constant MYSELF already defined D:\xampps\htdocs\university\Application\Admin\Controller\ExerciseController.class.php 第 21 行.
NOTIC: [8192] Function ereg() is deprecated D:\xampps\htdocs\university\Application\Admin\Controller\ExerciseController.class.php 第 152 行.
NOTIC: [8192] Function ereg() is deprecated D:\xampps\htdocs\university\Application\Admin\Controller\ExerciseController.class.php 第 153 行.
NOTIC: [8192] Non-static method Admin\Controller\PublicController::getInfo() should not be called statically, assuming $this from incompatible context D:\xampps\htdocs\university\Application\Admin\Controller\ExerciseController.class.php 第 313 行.
INFO: [ app_end ] --START--
INFO: Run Behavior\ShowPageTraceBehavior [ RunTime:0.000725s ]
INFO: [ app_end ] --END-- [ RunTime:0.000778s ]

[ 2018-03-06T14:55:40+08:00 ] ::1 /university/admin.php/exercise/
INFO: [ app_init ] --START--
INFO: Run Behavior\BuildLiteBehavior [ RunTime:0.000010s ]
INFO: [ app_init ] --END-- [ RunTime:0.000309s ]
INFO: [ app_begin ] --START--
INFO: Run Behavior\ReadHtmlCacheBehavior [ RunTime:0.000423s ]
INFO: [ app_begin ] --END-- [ RunTime:0.000459s ]
NOTIC: [8] Constant MYSELF already defined D:\xampps\htdocs\university\Application\Admin\Controller\ExerciseController.class.php 第 21 行.
NOTIC: [8192] Function ereg() is deprecated D:\xampps\htdocs\university\Application\Admin\Controller\ExerciseController.class.php 第 152 行.
NOTIC: [8192] Function ereg() is deprecated D:\xampps\htdocs\university\Application\Admin\Controller\ExerciseController.class.php 第 153 行.
NOTIC: [8192] Non-static method Admin\Controller\PublicController::getInfo() should not be called statically, assuming $this from incompatible context D:\xampps\htdocs\university\Application\Admin\Controller\ExerciseController.class.php 第 313 行.
INFO: [ app_end ] --START--
INFO: Run Behavior\ShowPageTraceBehavior [ RunTime:0.000436s ]
INFO: [ app_end ] --END-- [ RunTime:0.000470s ]

[ 2018-03-06T14:55:41+08:00 ] ::1 /university/admin.php/exercise/
INFO: [ app_init ] --START--
INFO: Run Behavior\BuildLiteBehavior [ RunTime:0.000017s ]
INFO: [ app_init ] --END-- [ RunTime:0.000565s ]
INFO: [ app_begin ] --START--
INFO: Run Behavior\ReadHtmlCacheBehavior [ RunTime:0.000728s ]
INFO: [ app_begin ] --END-- [ RunTime:0.000788s ]
NOTIC: [8] Constant MYSELF already defined D:\xampps\htdocs\university\Application\Admin\Controller\ExerciseController.class.php 第 21 行.
NOTIC: [8192] Function ereg() is deprecated D:\xampps\htdocs\university\Application\Admin\Controller\ExerciseController.class.php 第 152 行.
NOTIC: [8192] Function ereg() is deprecated D:\xampps\htdocs\university\Application\Admin\Controller\ExerciseController.class.php 第 153 行.
NOTIC: [8192] Non-static method Admin\Controller\PublicController::getInfo() should not be called statically, assuming $this from incompatible context D:\xampps\htdocs\university\Application\Admin\Controller\ExerciseController.class.php 第 313 行.
INFO: [ app_end ] --START--
INFO: Run Behavior\ShowPageTraceBehavior [ RunTime:0.000833s ]
INFO: [ app_end ] --END-- [ RunTime:0.000898s ]

[ 2018-03-06T14:55:41+08:00 ] ::1 /university/admin.php/exercise/
INFO: [ app_init ] --START--
INFO: Run Behavior\BuildLiteBehavior [ RunTime:0.000013s ]
INFO: [ app_init ] --END-- [ RunTime:0.000545s ]
INFO: [ app_begin ] --START--
INFO: Run Behavior\ReadHtmlCacheBehavior [ RunTime:0.000707s ]
INFO: [ app_begin ] --END-- [ RunTime:0.000760s ]
NOTIC: [8] Constant MYSELF already defined D:\xampps\htdocs\university\Application\Admin\Controller\ExerciseController.class.php 第 21 行.
NOTIC: [8192] Function ereg() is deprecated D:\xampps\htdocs\university\Application\Admin\Controller\ExerciseController.class.php 第 152 行.
NOTIC: [8192] Function ereg() is deprecated D:\xampps\htdocs\university\Application\Admin\Controller\ExerciseController.class.php 第 153 行.
NOTIC: [8192] Non-static method Admin\Controller\PublicController::getInfo() should not be called statically, assuming $this from incompatible context D:\xampps\htdocs\university\Application\Admin\Controller\ExerciseController.class.php 第 313 行.
INFO: [ app_end ] --START--
INFO: Run Behavior\ShowPageTraceBehavior [ RunTime:0.000713s ]
INFO: [ app_end ] --END-- [ RunTime:0.000762s ]

[ 2018-03-06T14:55:41+08:00 ] ::1 /university/admin.php/exercise/
INFO: [ app_init ] --START--
INFO: Run Behavior\BuildLiteBehavior [ RunTime:0.000051s ]
INFO: [ app_init ] --END-- [ RunTime:0.001589s ]
INFO: [ app_begin ] --START--
INFO: Run Behavior\ReadHtmlCacheBehavior [ RunTime:0.001049s ]
INFO: [ app_begin ] --END-- [ RunTime:0.001128s ]
NOTIC: [8] Constant MYSELF already defined D:\xampps\htdocs\university\Application\Admin\Controller\ExerciseController.class.php 第 21 行.
NOTIC: [8192] Function ereg() is deprecated D:\xampps\htdocs\university\Application\Admin\Controller\ExerciseController.class.php 第 152 行.
NOTIC: [8192] Function ereg() is deprecated D:\xampps\htdocs\university\Application\Admin\Controller\ExerciseController.class.php 第 153 行.
NOTIC: [8192] Non-static method Admin\Controller\PublicController::getInfo() should not be called statically, assuming $this from incompatible context D:\xampps\htdocs\university\Application\Admin\Controller\ExerciseController.class.php 第 313 行.
INFO: [ app_end ] --START--
INFO: Run Behavior\ShowPageTraceBehavior [ RunTime:0.000820s ]
INFO: [ app_end ] --END-- [ RunTime:0.000885s ]

