[ 2018-04-01T21:00:53+08:00 ] ::1 /university/admin.php/Goods/index.html
ERR: 1064:You have an error in your SQL syntax; check the manual that corresponds to your MariaDB server version for the right syntax to use near '' at line 1
 [ SQLè¯­å¥ ] : SELECT * FROM goods WHERE id=0 AND goods_name=

[ 2018-04-01T21:04:07+08:00 ] ::1 /university/admin.php/Exercise/prides.html
ERR: éæ³•æ“ä½œ:prides

[ 2018-04-01T21:08:19+08:00 ] ::1 /university/admin.php/Exercise/predis.html
ERR: ÓÉÓÚÄ¿±ê¼ÆËã»ú»ı¼«¾Ü¾ø£¬ÎŞ·¨Á¬½Ó¡£ [tcp://127.0.0.1:6379]

[ 2018-04-01T21:09:22+08:00 ] ::1 /university/admin.php/Exercise/predis
ERR: ÓÉÓÚÄ¿±ê¼ÆËã»ú»ı¼«¾Ü¾ø£¬ÎŞ·¨Á¬½Ó¡£ [tcp://127.0.0.1:6379]

[ 2018-04-01T21:10:08+08:00 ] ::1 /university/admin.php/Exercise/predis
ERR: ÓÉÓÚÄ¿±ê¼ÆËã»ú»ı¼«¾Ü¾ø£¬ÎŞ·¨Á¬½Ó¡£ [tcp://127.0.0.1:6379]

[ 2018-04-01T21:11:44+08:00 ] ::1 /university/admin.php/Exercise/predis
ERR: ÓÉÓÚÄ¿±ê¼ÆËã»ú»ı¼«¾Ü¾ø£¬ÎŞ·¨Á¬½Ó¡£ [tcp://127.0.0.1:6379]

[ 2018-04-01T21:12:00+08:00 ] ::1 /university/admin.php/Exercise/predis
ERR: ÓÉÓÚÄ¿±ê¼ÆËã»ú»ı¼«¾Ü¾ø£¬ÎŞ·¨Á¬½Ó¡£ [tcp://127.0.0.1:6379]

[ 2018-04-01T21:14:39+08:00 ] ::1 /university/admin.php/Exercise/predis
ERR: ÓÉÓÚÄ¿±ê¼ÆËã»ú»ı¼«¾Ü¾ø£¬ÎŞ·¨Á¬½Ó¡£ [tcp://127.0.0.1:6380]

[ 2018-04-01T21:14:52+08:00 ] ::1 /university/admin.php/Exercise/predis
ERR: Unknown response prefix: '<'. [tcp://127.0.0.1:80]

[ 2018-04-01T21:15:04+08:00 ] ::1 /university/admin.php/Exercise/predis
ERR: ÓÉÓÚÄ¿±ê¼ÆËã»ú»ı¼«¾Ü¾ø£¬ÎŞ·¨Á¬½Ó¡£ [tcp://127.0.0.1:6380]

[ 2018-04-01T21:15:22+08:00 ] ::1 /university/admin.php/Exercise/predis
ERR: ÓÉÓÚÄ¿±ê¼ÆËã»ú»ı¼«¾Ü¾ø£¬ÎŞ·¨Á¬½Ó¡£ [tcp://127.0.0.1:6379]

[ 2018-04-01T21:16:48+08:00 ] ::1 /university/admin.php/Exercise/predis
ERR: ÓÉÓÚÄ¿±ê¼ÆËã»ú»ı¼«¾Ü¾ø£¬ÎŞ·¨Á¬½Ó¡£ [tcp://127.0.0.1:6379]

[ 2018-04-01T21:17:39+08:00 ] ::1 /university/admin.php/Exercise/predis
ERR: Invalid selector type: `car`

[ 2018-04-01T21:17:50+08:00 ] ::1 /university/admin.php/Exercise/predis
ERR: Invalid selector type: `list`

[ 2018-04-01T21:17:50+08:00 ] ::1 /university/admin.php/Exercise/predis
ERR: Invalid selector type: `list`

[ 2018-04-01T21:17:51+08:00 ] ::1 /university/admin.php/Exercise/predis
ERR: Invalid selector type: `list`

[ 2018-04-01T21:17:51+08:00 ] ::1 /university/admin.php/Exercise/predis
ERR: Invalid selector type: `list`

[ 2018-04-01T21:17:57+08:00 ] ::1 /university/admin.php/Exercise/predis
ERR: Invalid selector type: `string`

[ 2018-04-01T21:18:11+08:00 ] ::1 /university/admin.php/Exercise/predis
ERR: ÓÉÓÚÄ¿±ê¼ÆËã»ú»ı¼«¾Ü¾ø£¬ÎŞ·¨Á¬½Ó¡£ [tcp://127.0.0.1:6379]

[ 2018-04-01T21:20:53+08:00 ] ::1 /university/admin.php/Exercise/predis
ERR: ç³»ç»Ÿä¸æ”¯æŒ:redis

[ 2018-04-01T21:22:03+08:00 ] ::1 /university/admin.php/Exercise/predis
ERR: ç³»ç»Ÿä¸æ”¯æŒ:redis

[ 2018-04-01T21:30:59+08:00 ] ::1 /university/admin.php/Exercise/predis
ERR: ÓÉÓÚÄ¿±ê¼ÆËã»ú»ı¼«¾Ü¾ø£¬ÎŞ·¨Á¬½Ó¡£ [tcp://127.0.0.1:6379]

[ 2018-04-01T21:31:37+08:00 ] ::1 /university/admin.php/Exercise/predis
ERR: ÓÉÓÚÄ¿±ê¼ÆËã»ú»ı¼«¾Ü¾ø£¬ÎŞ·¨Á¬½Ó¡£ [tcp://127.0.0.1:6379]

[ 2018-04-01T22:54:11+08:00 ] ::1 /university/admin.php/Exercise/predis
ERR: ç³»ç»Ÿä¸æ”¯æŒ:redis

[ 2018-04-01T22:55:55+08:00 ] ::1 /university/admin.php/Exercise/predis
ERR: ç³»ç»Ÿä¸æ”¯æŒ:redis

[ 2018-04-01T22:55:56+08:00 ] ::1 /university/admin.php/Exercise/predis
ERR: ç³»ç»Ÿä¸æ”¯æŒ:redis

[ 2018-04-01T22:55:56+08:00 ] ::1 /university/admin.php/Exercise/predis
ERR: ç³»ç»Ÿä¸æ”¯æŒ:redis

[ 2018-04-01T22:55:56+08:00 ] ::1 /university/admin.php/Exercise/predis
ERR: ç³»ç»Ÿä¸æ”¯æŒ:redis

[ 2018-04-01T22:55:56+08:00 ] ::1 /university/admin.php/Exercise/predis
ERR: ç³»ç»Ÿä¸æ”¯æŒ:redis

[ 2018-04-01T22:57:56+08:00 ] ::1 /university/admin.php/Exercise/predis
ERR: ÓÉÓÚÄ¿±ê¼ÆËã»ú»ı¼«¾Ü¾ø£¬ÎŞ·¨Á¬½Ó¡£ [tcp://127.0.0.1:6379]

[ 2018-04-01T23:01:20+08:00 ] ::1 /university/admin.php/Exercise/predis
ERR: ÓÉÓÚÄ¿±ê¼ÆËã»ú»ı¼«¾Ü¾ø£¬ÎŞ·¨Á¬½Ó¡£ [tcp://127.0.0.1:6379]

